#
# A fatal error has been detected by the Java Runtime Environment:
#
#  Internal Error (jvmciRuntime.cpp:1609), pid=11308, tid=11323
#  fatal error: Fatal exception in JVMCI: Error calling jdk.vm.ci.services.Services.serializeSavedProperties
#
# JRE version: OpenJDK Runtime Environment GraalVM CE 22.3.0 (17.0.5+8) (build 17.0.5+8-jvmci-22.3-b08)
# Java VM: OpenJDK 64-Bit Server VM GraalVM CE 22.3.0 (17.0.5+8-jvmci-22.3-b08, mixed mode, sharing, tiered, jvmci, jvmci compiler, compressed oops, compressed class ptrs, parallel gc, linux-amd64)
# Problematic frame:
# V  [libjvm.so+0x972714]  JVMCIRuntime::fatal_exception(JVMCIEnv*, char const*)+0x74
#
# Core dump will be written. Default location: Core dumps may be processed with "/usr/share/apport/apport -p%p -s%s -c%c -d%d -P%P -u%u -g%g -- %E" (or dumping to /home/runner/NeuralNetwork/core.11308)
#
# If you would like to submit a bug report, please visit:
#   https://github.com/oracle/graal/issues
#

---------------  S U M M A R Y ------------

Command Line: -XX:ThreadPriorityPolicy=1 -XX:+UnlockExperimentalVMOptions -XX:+EnableJVMCIProduct -XX:JVMCIThreadsPerNativeLibraryRuntime=1 -XX:-UnlockExperimentalVMOptions -Declipse.application=org.eclipse.jdt.ls.core.id1 -Dosgi.bundles.defaultStartLevel=4 -Declipse.product=org.eclipse.jdt.ls.core.product -Dlog.level=ALL -Xverify:none -XX:+UseParallelGC -XX:GCTimeRatio=4 -XX:AdaptiveSizePolicyWeight=90 -Dsun.zip.disableMemoryMapping=true -Xmx512m -Xms100m /nix/store/m6gcpi1ii6rghy04cjwjddcavv7i90df-jdt-language-server-1.9.0/share/java/plugins/org.eclipse.equinox.launcher_1.6.400.v20210924-0641.jar --add-modules=ALL-SYSTEM --add-opens java.base/java.util=ALL-UNNAMED --add-opens java.base/java.lang=ALL-UNNAMED -configuration /home/runner/.cache/jdt-language-server/config -data /home/runner/.cache/jdt-language-server/data/home/runner/NeuralNetwork

Host: AMD EPYC 7B12, 8 cores, 1G, Ubuntu 20.04.2 LTS
Time: Sun Aug 20 16:39:13 2023 UTC elapsed time: 359.063939 seconds (0d 0h 5m 59s)

---------------  T H R E A D  ---------------

Current thread (0x00007fa9d40b2210):  JavaThread "JVMCI-native CompilerThread0" daemon [_thread_in_vm, id=11323, stack(0x00007fa9d831a000,0x00007fa9d851a000)]


Current CompileTask:
JVMCI-native: 359064 8468       4       org.eclipse.core.runtime.ProgressMonitorWrapper::isCanceled (10 bytes)

Stack: [0x00007fa9d831a000,0x00007fa9d851a000],  sp=0x00007fa9d8518380,  free space=2040k
Native frames: (J=compiled Java code, j=interpreted, Vv=VM code, C=native code)
V  [libjvm.so+0x972714]  JVMCIRuntime::fatal_exception(JVMCIEnv*, char const*)+0x74
V  [libjvm.so+0x93e2fe]  JVMCIEnv::copy_saved_properties()+0x14e
V  [libjvm.so+0x9732a9]  JVMCIRuntime::initialize(JVMCIEnv*)+0xb19
V  [libjvm.so+0x9738a2]  JVMCIRuntime::get_HotSpotJVMCIRuntime(JVMCIEnv*)+0x12
V  [libjvm.so+0x9749f2]  JVMCIRuntime::compile_method(JVMCIEnv*, JVMCICompiler*, methodHandle const&, int)+0xd2
V  [libjvm.so+0x5b0d20]  CompileBroker::invoke_compiler_on_method(CompileTask*)+0x1470
V  [libjvm.so+0x5b12e8]  CompileBroker::compiler_thread_loop()+0x528
V  [libjvm.so+0xd82460]  JavaThread::thread_main_inner()+0xd0
V  [libjvm.so+0xd85a40]  Thread::call_run()+0xc0
V  [libjvm.so+0xbdb1e1]  thread_native_entry(Thread*)+0xe1

Register to memory mapping:

RAX=0x00007fa9db443000 points into unknown readable memory: 0x0000000000000058 | 58 00 00 00 00 00 00 00
RBX=0x00007fa9dc53e398: <offset 0x0000000000ef5398> in /nix/store/gpxl5qgg8kicmcvivwmybwjlpf7wh20l-graalvm17-ce-22.3.0/lib/server/libjvm.so at 0x00007fa9db649000
RCX=0x00007fa9dc4f61e8: <offset 0x0000000000ead1e8> in /nix/store/gpxl5qgg8kicmcvivwmybwjlpf7wh20l-graalvm17-ce-22.3.0/lib/server/libjvm.so at 0x00007fa9db649000
RDX=0x0000000000000649 is an unknown value
RSP=0x00007fa9d8518380 is pointing into the stack for thread: 0x00007fa9d40b2210
RBP=0x00007fa9d85183a0 is pointing into the stack for thread: 0x00007fa9d40b2210
RSI=0x00007fa9dc53ec48: <offset 0x0000000000ef5c48> in /nix/store/gpxl5qgg8kicmcvivwmybwjlpf7wh20l-graalvm17-ce-22.3.0/lib/server/libjvm.so at 0x00007fa9db649000
RDI=0x00000000e0000000 is an oop: java.lang.String 
{0x00000000e0000000} - klass: 'java/lang/String'
 - string: "bGnFLdPCnca8rIUKxCUI/oml/RwHPWbiiyhjvmU7tyw="
R8 =0x00007fa9dc53e398: <offset 0x0000000000ef5398> in /nix/store/gpxl5qgg8kicmcvivwmybwjlpf7wh20l-graalvm17-ce-22.3.0/lib/server/libjvm.so at 0x00007fa9db649000
R9 =0x00007fa9d8518330 is pointing into the stack for thread: 0x00007fa9d40b2210
R10=0x00007fa9d8519948 is pointing into the stack for thread: 0x00007fa9d40b2210
R11=0x0000000000000293 is an unknown value
R12=0x0 is NULL
R13=0x00007fa9d40b2210 is a thread
R14=0x00007fa9d4000b80 points into unknown readable memory: 0x00007fa9dc76fa38 | 38 fa 76 dc a9 7f 00 00
R15=0x00007fa9dc87de40: <offset 0x0000000001234e40> in /nix/store/gpxl5qgg8kicmcvivwmybwjlpf7wh20l-graalvm17-ce-22.3.0/lib/server/libjvm.so at 0x00007fa9db649000


Registers:
RAX=0x00007fa9db443000, RBX=0x00007fa9dc53e398, RCX=0x00007fa9dc4f61e8, RDX=0x0000000000000649
RSP=0x00007fa9d8518380, RBP=0x00007fa9d85183a0, RSI=0x00007fa9dc53ec48, RDI=0x00000000e0000000
R8 =0x00007fa9dc53e398, R9 =0x00007fa9d8518330, R10=0x00007fa9d8519948, R11=0x0000000000000293
R12=0x0000000000000000, R13=0x00007fa9d40b2210, R14=0x00007fa9d4000b80, R15=0x00007fa9dc87de40
RIP=0x00007fa9dbfbb714, EFLAGS=0x0000000000010206, CSGSFS=0x002b000000000033, ERR=0x0000000000000006
  TRAPNO=0x000000000000000e

Top of Stack: (sp=0x00007fa9d8518380)
0x00007fa9d8518380:   00007fa9d8518940 00007fa9d40b2210
0x00007fa9d8518390:   00007fa9d9dd48c8 0000000800c417a0
0x00007fa9d85183a0:   00007fa9d8518500 00007fa9dbf872fe
0x00007fa9d85183b0:   00007fa9d85183e0 00007fa9d8518440 

Instructions: (pc=0x00007fa9dbfbb714)
0x00007fa9dbfbb614:   30 e8 f6 cf e8 ff 4c 89 e7 e8 2e 48 d1 ff 84 db
0x00007fa9dbfbb624:   75 2a 4d 85 ed 74 04 4d 8b 6d 00 48 83 c4 08 44
0x00007fa9dbfbb634:   89 f9 4c 89 f2 4c 89 ee 5b 4c 89 e7 41 5c 41 5d
0x00007fa9dbfbb644:   41 5e 41 5f 5d e9 e2 47 d1 ff 66 90 48 83 c4 08
0x00007fa9dbfbb654:   5b 41 5c 41 5d 41 5e 41 5f 5d c3 90 31 d2 be 08
0x00007fa9dbfbb664:   00 00 00 4c 89 ff e8 b1 78 a3 ff 49 89 c5 e9 37
0x00007fa9dbfbb674:   ff ff ff 66 0f 1f 84 00 00 00 00 00 48 8b 7a 08
0x00007fa9dbfbb684:   e9 6d ff ff ff 0f 1f 80 00 00 00 00 e8 5b 48 0a
0x00007fa9dbfbb694:   00 84 c0 75 89 e9 6a ff ff ff 66 90 55 48 89 e5
0x00007fa9dbfbb6a4:   41 56 41 55 41 54 49 89 fc 53 48 89 f3 66 48 8d
0x00007fa9dbfbb6b4:   3d 27 5e 85 00 66 66 48 e8 df 43 8d ff 4c 8b 28
0x00007fa9dbfbb6c4:   8b 05 be 72 8a 00 85 c0 75 14 ba 01 00 00 00 48
0x00007fa9dbfbb6d4:   8d 0d ae 72 8a 00 f0 0f b1 11 85 c0 74 4e be c8
0x00007fa9dbfbb6e4:   00 00 00 4c 89 ef e8 01 0b 41 00 48 8d 05 12 ac
0x00007fa9dbfbb6f4:   85 00 49 89 d8 48 8d 0d e8 aa 53 00 ba 49 06 00
0x00007fa9dbfbb704:   00 48 8d 35 3c 35 58 00 bf 00 00 00 e0 48 8b 00
0x00007fa9dbfbb714:   c6 00 58 31 c0 e8 e2 91 c6 ff 5b 41 5c 41 5d 41
0x00007fa9dbfbb724:   5e 5d e9 55 34 26 00 0f 1f 44 00 00 48 8d 05 81
0x00007fa9dbfbb734:   a3 8b 00 48 89 df 4c 8b 30 e8 9e 43 8d ff 48 89
0x00007fa9dbfbb744:   de 48 89 c2 49 8b 06 4c 89 f7 ff 50 08 4c 89 f7
0x00007fa9dbfbb754:   e8 a7 5c 27 00 4d 85 e4 74 12 be 01 00 00 00 4c
0x00007fa9dbfbb764:   89 e7 e8 35 43 fc ff eb 82 0f 1f 00 be 01 00 00
0x00007fa9dbfbb774:   00 4c 89 ef e8 d3 fd ff ff e9 6d ff ff ff 66 66
0x00007fa9dbfbb784:   2e 0f 1f 84 00 00 00 00 00 0f 1f 00 55 48 89 e5
0x00007fa9dbfbb794:   41 57 41 56 41 55 41 54 53 48 81 ec 08 02 00 00
0x00007fa9dbfbb7a4:   64 48 8b 04 25 28 00 00 00 48 89 45 c8 8b 07 83
0x00007fa9dbfbb7b4:   f8 02 0f 84 11 04 00 00 4c 8b 6f 18 49 89 ff 49
0x00007fa9dbfbb7c4:   89 f4 4d 85 ed 74 14 4c 89 ef e8 5d 57 22 00 41
0x00007fa9dbfbb7d4:   8b 07 83 f8 02 0f 84 19 04 00 00 48 8d 1d 9a 06
0x00007fa9dbfbb7e4:   8a 00 4c 8d 35 0b 3c 58 00 eb 38 90 48 85 d2 7f
0x00007fa9dbfbb7f4:   0d 48 8d 05 b4 c0 85 00 48 83 38 00 7e 0e 41 8b
0x00007fa9dbfbb804:   77 2c 4c 89 f7 31 c0 e8 a0 b2 f7 ff 49 8b 7f 18 


Stack slot to memory mapping:
stack at sp + 0 slots: 0x00007fa9d8518940 is pointing into the stack for thread: 0x00007fa9d40b2210
stack at sp + 1 slots: 0x00007fa9d40b2210 is a thread
stack at sp + 2 slots: 0x00007fa9d9dd48c8 points into unknown readable memory: 0x6573001880c9ffff | ff ff c9 80 18 00 73 65
stack at sp + 3 slots: 0x0000000800c417a0 is a pointer to class: 
jdk.vm.ci.services.Services {0x0000000800c417a0}
 - instance size:     2
 - klass size:        65
 - access:            public final synchronized 
 - state:             fully_initialized
 - name:              'jdk/vm/ci/services/Services'
 - super:             'java/lang/Object'
 - sub:               
 - arrays:            NULL
 - methods:           Array<T>(0x00007fa9d8c40978)
 - method ordering:   Array<T>(0x0000000800928960)
 - default_methods:   Array<T>(0x0000000000000000)
 - local interfaces:  Array<T>(0x00000008005ce810)
 - trans. interfaces: Array<T>(0x00000008005ce810)
 - constants:         constant pool [427] {0x00007fa9d8c3fa58} for 'jdk/vm/ci/services/Services' cache=0x00007fa9d8c41c48
 - class loader data:  loader data: 0x00007fa9d40283f0 of 'bootstrap'
 - source file:       'Services.java'
 - class annotations:       Array<T>(0x0000000000000000)
 - class type annotations:  Array<T>(0x0000000000000000)
 - field annotations:       Array<T>(0x0000000000000000)
 - field type annotations:  Array<T>(0x0000000000000000)
 - inner classes:     Array<T>(0x00007fa9d8c41c18)
 - nest members:     Array<T>(0x00007fa9d8c41c38)
 - permitted subclasses:     Array<T>(0x00000008005ce7a0)
 - java mirror:       a 'java/lang/Class'{0x00000000e02a7060} = 'jdk/vm/ci/services/Services'
 - vtable length      5  (start addr: 0x0000000800c41970)
 - itable length      2 (start addr: 0x0000000800c41998)
 - ---- static fields (3 words):
 - public static final 'IS_BUILDING_NATIVE_IMAGE' 'Z' @128 
 - public static final 'IS_IN_NATIVE_IMAGE' 'Z' @129 
 - private static volatile 'savedProperties' 'Ljava/util/Map;' @112 
 - static final 'JVMCI_ENABLED' 'Z' @130 
 - private static final 'servicesCache' 'Ljava/util/Map;' @116 
 - private static final 'MAX_UNICODE_IN_UTF8_LENGTH' 'I' @120 
 - private static final 'MAX_UTF8_PROPERTY_STRING_LENGTH' 'I' @124 
 - ---- non-static fields (0 words):
 - non-static oop maps: 
stack at sp + 4 slots: 0x00007fa9d8518500 is pointing into the stack for thread: 0x00007fa9d40b2210
stack at sp + 5 slots: 0x00007fa9dbf872fe: <offset 0x000000000093e2fe> in /nix/store/gpxl5qgg8kicmcvivwmybwjlpf7wh20l-graalvm17-ce-22.3.0/lib/server/libjvm.so at 0x00007fa9db649000
stack at sp + 6 slots: 0x00007fa9d85183e0 is pointing into the stack for thread: 0x00007fa9d40b2210
stack at sp + 7 slots: 0x00007fa9d8518440 is pointing into the stack for thread: 0x00007fa9d40b2210


---------------  P R O C E S S  ---------------

Threads class SMR info:
_java_thread_list=0x00007fa958009460, length=26, elements={
0x00007fa9d4026690, 0x00007fa9d40a64d0, 0x00007fa9d40a7910, 0x00007fa9d40ae080,
0x00007fa9d40af430, 0x00007fa9d40b0820, 0x00007fa9d40b2210, 0x00007fa9d40b3720,
0x00007fa9d40b4b70, 0x00007fa9d40d7a50, 0x00007fa9d411fbb0, 0x00007fa9d42c6950,
0x00007fa9d430e5e0, 0x00007fa9d4311200, 0x00007fa96c02bd70, 0x00007fa96c434c80,
0x00007fa9580010d0, 0x00007fa95c000ff0, 0x00007fa96c6999b0, 0x00007fa96c75f540,
0x00007fa9d4366170, 0x00007fa9d43f97e0, 0x00007fa958015e60, 0x00007fa9401eee20,
0x00007fa9401efca0, 0x00007fa94014c2c0
}

Java Threads: ( => current thread )
  0x00007fa9d4026690 JavaThread "main" [_thread_blocked, id=11315, stack(0x00007fa9db464000,0x00007fa9db564000)]
  0x00007fa9d40a64d0 JavaThread "Reference Handler" daemon [_thread_blocked, id=11318, stack(0x00007fa9d947b000,0x00007fa9d957b000)]
  0x00007fa9d40a7910 JavaThread "Finalizer" daemon [_thread_blocked, id=11319, stack(0x00007fa9d8b00000,0x00007fa9d8c00000)]
  0x00007fa9d40ae080 JavaThread "Signal Dispatcher" daemon [_thread_blocked, id=11320, stack(0x00007fa9d871a000,0x00007fa9d881a000)]
  0x00007fa9d40af430 JavaThread "Service Thread" daemon [_thread_blocked, id=11321, stack(0x00007fa9d861a000,0x00007fa9d871a000)]
  0x00007fa9d40b0820 JavaThread "Monitor Deflation Thread" daemon [_thread_blocked, id=11322, stack(0x00007fa9d851a000,0x00007fa9d861a000)]
=>0x00007fa9d40b2210 JavaThread "JVMCI-native CompilerThread0" daemon [_thread_in_vm, id=11323, stack(0x00007fa9d831a000,0x00007fa9d851a000)]
  0x00007fa9d40b3720 JavaThread "C1 CompilerThread0" daemon [_thread_blocked, id=11324, stack(0x00007fa9d811a000,0x00007fa9d831a000)]
  0x00007fa9d40b4b70 JavaThread "Sweeper thread" daemon [_thread_blocked, id=11325, stack(0x00007fa9d801a000,0x00007fa9d811a000)]
  0x00007fa9d40d7a50 JavaThread "Common-Cleaner" daemon [_thread_blocked, id=11326, stack(0x00007fa9bb3b3000,0x00007fa9bb4b3000)]
  0x00007fa9d411fbb0 JavaThread "Notification Thread" daemon [_thread_blocked, id=11327, stack(0x00007fa9bb2b3000,0x00007fa9bb3b3000)]
  0x00007fa9d42c6950 JavaThread "Active Thread: Equinox Container: 5a280499-5bad-4492-b7d4-fc41636bf4c2" [_thread_blocked, id=11339, stack(0x00007fa9b8d00000,0x00007fa9b8e00000)]
  0x00007fa9d430e5e0 JavaThread "Framework Event Dispatcher: Equinox Container: 5a280499-5bad-4492-b7d4-fc41636bf4c2" daemon [_thread_blocked, id=11340, stack(0x00007fa9b8b00000,0x00007fa9b8c00000)]
  0x00007fa9d4311200 JavaThread "Start Level: Equinox Container: 5a280499-5bad-4492-b7d4-fc41636bf4c2" daemon [_thread_blocked, id=11341, stack(0x00007fa9b8900000,0x00007fa9b8a00000)]
  0x00007fa96c02bd70 JavaThread "SCR Component Actor" daemon [_thread_blocked, id=11342, stack(0x00007fa9b8700000,0x00007fa9b8800000)]
  0x00007fa96c434c80 JavaThread "Worker-JM" [_thread_blocked, id=11344, stack(0x00007fa9b8300000,0x00007fa9b8400000)]
  0x00007fa9580010d0 JavaThread "Worker-1: Java indexing... " [_thread_blocked, id=11346, stack(0x00007fa982d00000,0x00007fa982e00000)]
  0x00007fa95c000ff0 JavaThread "Worker-2: Compacting resource model" [_thread_blocked, id=11347, stack(0x00007fa982b00000,0x00007fa982c00000)]
  0x00007fa96c6999b0 JavaThread "Java indexing" daemon [_thread_blocked, id=11348, stack(0x00007fa982900000,0x00007fa982a00000)]
  0x00007fa96c75f540 JavaThread "Bundle File Closer" daemon [_thread_blocked, id=11352, stack(0x00007fa9b8400000,0x00007fa9b8500000)]
  0x00007fa9d4366170 JavaThread "pool-3-thread-1" [_thread_blocked, id=11353, stack(0x00007fa982700000,0x00007fa982800000)]
  0x00007fa9d43f97e0 JavaThread "pool-2-thread-1" [_thread_in_native, id=11360, stack(0x00007fa982500000,0x00007fa982600000)]
  0x00007fa958015e60 JavaThread "Worker-3: Periodic workspace save." [_thread_blocked, id=11361, stack(0x00007fa9b8500000,0x00007fa9b8600000)]
  0x00007fa9401eee20 JavaThread "Thread-2" [_thread_blocked, id=11404, stack(0x00007fa9b8800000,0x00007fa9b8900000)]
  0x00007fa9401efca0 JavaThread "Thread-3" [_thread_blocked, id=11405, stack(0x00007fa9b8600000,0x00007fa9b8700000)]
  0x00007fa94014c2c0 JavaThread "Thread-6" [_thread_blocked, id=11432, stack(0x00007fa982a00000,0x00007fa982b00000)]

Other Threads:
  0x00007fa9d40a1c10 VMThread "VM Thread" [stack: 0x00007fa9d957d000,0x00007fa9d967d000] [id=11317] _threads_hazard_ptr=0x00007fa958009460
  0x00007fa9d4121550 WatcherThread [stack: 0x00007fa9bb1b3000,0x00007fa9bb2b3000] [id=11328]
  0x00007fa9d403df30 GCTaskThread "GC Thread#0" [stack: 0x00007fa9db027000,0x00007fa9db127000] [id=11316]

Threads with active compile tasks:
JVMCI-native CompilerThread0   359090 8468       4       org.eclipse.core.runtime.ProgressMonitorWrapper::isCanceled (10 bytes)

VM state: synchronizing (normal execution)

VM Mutex/Monitor currently owned by a thread:  ([mutex/lock_event])
[0x00007fa9d4023840] Threads_lock - owner thread: 0x00007fa9d40a1c10
[0x00007fa9d4023ff0] Heap_lock - owner thread: 0x00007fa958015e60

OutOfMemory and StackOverflow Exception counts:
OutOfMemoryError java_heap_errors=3
LinkageErrors=61

Heap address: 0x00000000e0000000, size: 512 MB, Compressed Oops mode: 32-bit

CDS archive(s) mapped at: [0x0000000800000000-0x0000000800bc8000-0x0000000800bc8000), size 12353536, SharedBaseAddress: 0x0000000800000000, ArchiveRelocationMode: 0.
Compressed class space mapped at: 0x0000000800c00000-0x0000000840c00000, reserved size: 1073741824
Narrow klass base: 0x0000000800000000, Narrow klass shift: 0, Narrow klass range: 0x100000000

GC Precious Log:
 CPUs: 8 total, 1 available
 Memory: 1024M
 Large Page Support: Disabled
 NUMA Support: Disabled
 Compressed Oops: Enabled (32-bit)
 Alignments: Space 512K, Generation 512K, Heap 2M
 Heap Min Capacity: 100M
 Heap Initial Capacity: 100M
 Heap Max Capacity: 512M
 Pre-touch: Disabled
 Parallel Workers: 1

Heap:
 PSYoungGen      total 24576K, used 15359K [0x00000000f5580000, 0x00000000f7900000, 0x0000000100000000)
  eden space 15360K, 99% used [0x00000000f5580000,0x00000000f647fff0,0x00000000f6480000)
  from space 9216K, 0% used [0x00000000f7000000,0x00000000f7000000,0x00000000f7900000)
  to   space 6656K, 0% used [0x00000000f6480000,0x00000000f6480000,0x00000000f6b00000)
 ParOldGen       total 349696K, used 349694K [0x00000000e0000000, 0x00000000f5580000, 0x00000000f5580000)
  object space 349696K, 99% used [0x00000000e0000000,0x00000000f557fb50,0x00000000f5580000)
 Metaspace       used 53669K, committed 54848K, reserved 1105920K
  class space    used 5167K, committed 5632K, reserved 1048576K

Card table byte_map: [0x00007fa9db127000,0x00007fa9db228000] _byte_map_base: 0x00007fa9daa27000

Marking Bits: (ParMarkBitMap*) 0x00007fa9dc8774c0
 Begin Bits: [0x00007fa9d9f7a000, 0x00007fa9da77a000)
 End Bits:   [0x00007fa9da77a000, 0x00007fa9daf7a000)

Polling page: 0x00007fa9db441000

Metaspace:

Usage:
  Non-class:     47.37 MB used.
      Class:      5.05 MB used.
       Both:     52.41 MB used.

Virtual space:
  Non-class space:       56.00 MB reserved,      48.06 MB ( 86%) committed,  7 nodes.
      Class space:        1.00 GB reserved,       5.50 MB ( <1%) committed,  1 nodes.
             Both:        1.05 GB reserved,      53.56 MB (  5%) committed. 

Chunk freelists:
   Non-Class:  4.06 MB
       Class:  2.60 MB
        Both:  6.66 MB

MaxMetaspaceSize: unlimited
CompressedClassSpaceSize: 1.00 GB
Initial GC threshold: 21.00 MB
Current GC threshold: 89.19 MB
CDS: on
MetaspaceReclaimPolicy: balanced
 - commit_granule_bytes: 65536.
 - commit_granule_words: 8192.
 - virtual_space_node_default_size: 1048576.
 - enlarge_chunks_in_place: 1.
 - new_chunks_are_fully_committed: 0.
 - uncommit_free_chunks: 1.
 - use_allocation_guard: 0.
 - handle_deallocations: 1.


Internal statistics:

num_allocs_failed_limit: 6.
num_arena_births: 446.
num_arena_deaths: 132.
num_vsnodes_births: 8.
num_vsnodes_deaths: 0.
num_space_committed: 856.
num_space_uncommitted: 0.
num_chunks_returned_to_freelist: 184.
num_chunks_taken_from_freelist: 2643.
num_chunk_merges: 80.
num_chunk_splits: 1752.
num_chunks_enlarged: 1146.
num_purges: 12.
num_inconsistent_stats: 0.

CodeHeap 'non-profiled nmethods': size=120036Kb used=2518Kb max_used=2518Kb free=117517Kb
 bounds [0x00007fa9c2f7a000, 0x00007fa9c31fa000, 0x00007fa9ca4b3000]
CodeHeap 'profiled nmethods': size=120032Kb used=13920Kb max_used=16041Kb free=106112Kb
 bounds [0x00007fa9bba42000, 0x00007fa9bc9f2000, 0x00007fa9c2f7a000]
CodeHeap 'non-nmethods': size=5692Kb used=1340Kb max_used=1362Kb free=4351Kb
 bounds [0x00007fa9bb4b3000, 0x00007fa9bb723000, 0x00007fa9bba42000]
 total_blobs=6973 nmethods=6305 adapters=581
 compilation: enabled
              stopped_count=0, restarted_count=0
 full_count=0

JVMCI Events (20 events):
Event: 77.469 Thread 0x00007fa9d40b2210 destroyed JavaVM[1]@0x00007fa983a9e340 for JVMCI runtime 0
Event: 77.469 Thread 0x00007fa9d40b2210 compacted oop handles in JVMCI runtime 0 from 79 to 79
Event: 77.469 Thread 0x00007fa9d40b2210 releasing handles for JVMCI runtime 0: oop handles=79, metadata handles={total=1152, live=744, blocks=36}
Event: 77.469 Thread 0x00007fa9d40b2210 detached from JVMCI runtime 0
Event: 179.145 Thread 0x00007fa9d40b2210 attached to JVMCI runtime 0
Event: 179.148 Thread 0x00007fa9d40b2210 created JavaVM[2]@0x00007fa981f9e340 for JVMCI runtime 0
Event: 179.148 Thread 0x00007fa9d40b2210 initializing JVMCI runtime 0
Event: 179.148 Thread 0x00007fa9d40b2210 done waiting for JavaVM references initialization in JVMCI runtime 0
Event: 179.148 Thread 0x00007fa9d40b2210 initialized JVMCI runtime 0
Event: 180.468 Thread 0x00007fa9d40b2210 detaching from JVMCI runtime 0: releasing idle compiler thread (0 other threads still attached)
Event: 180.468 Thread 0x00007fa9d40b2210 shutting down HotSpotJVMCIRuntime for JVMCI runtime 0
Event: 180.468 Thread 0x00007fa9d40b2210 shut down JVMCI runtime 0
Event: 180.469 Thread 0x00007fa9d40b2210 destroyed JavaVM[2]@0x00007fa981f9e340 for JVMCI runtime 0
Event: 180.469 Thread 0x00007fa9d40b2210 compacted oop handles in JVMCI runtime 0 from 53 to 53
Event: 180.469 Thread 0x00007fa9d40b2210 releasing handles for JVMCI runtime 0: oop handles=53, metadata handles={total=96, live=93, blocks=36}
Event: 180.469 Thread 0x00007fa9d40b2210 detached from JVMCI runtime 0
Event: 351.547 Thread 0x00007fa9d40b2210 attached to JVMCI runtime 0
Event: 351.549 Thread 0x00007fa9d40b2210 created JavaVM[3]@0x00007fa981f9e340 for JVMCI runtime 0
Event: 351.549 Thread 0x00007fa9d40b2210 initializing JVMCI runtime 0
Event: 351.549 Thread 0x00007fa9d40b2210 done waiting for JavaVM references initialization in JVMCI runtime 0

Compilation events (20 events):
Event: 122.204 Thread 0x00007fa9d40b3720 nmethod 8457 0x00007fa9bba83590 code [0x00007fa9bba83740, 0x00007fa9bba83860]
Event: 138.056 Thread 0x00007fa9d40b3720 8458       3       java.lang.StringBuffer::<init> (7 bytes)
Event: 140.068 Thread 0x00007fa9d40b3720 nmethod 8458 0x00007fa9bbb3cf10 code [0x00007fa9bbb3d0c0, 0x00007fa9bbb3d200]
Event: 147.342 Thread 0x00007fa9d40b3720 8460   !   3       java.text.MessageFormat::makeFormat (656 bytes)
Event: 153.848 Thread 0x00007fa9d40b3720 nmethod 8460 0x00007fa9bc73d890 code [0x00007fa9bc73dec0, 0x00007fa9bc741300]
Event: 172.939 Thread 0x00007fa9d40b3720 8461       3       org.eclipse.jdt.ls.core.internal.handlers.ProgressReporterManager$ProgressReporter::sendProgress (78 bytes)
Event: 174.169 Thread 0x00007fa9d40b3720 nmethod 8461 0x00007fa9bbc96690 code [0x00007fa9bbc96880, 0x00007fa9bbc971f0]
Event: 179.145 Thread 0x00007fa9d40b2210 8462       4       java.util.AbstractCollection::isEmpty (13 bytes)
Event: 179.149 Thread 0x00007fa9d40b3720 8463       3       java.io.DataOutputStream::writeUTF (7 bytes)
Event: 179.149 Thread 0x00007fa9d40b3720 nmethod 8463 0x00007fa9bbb41c90 code [0x00007fa9bbb41e40, 0x00007fa9bbb41f80]
Event: 179.149 Thread 0x00007fa9d40b3720 8464  s    3       java.io.DataOutputStream::write (16 bytes)
Event: 179.149 Thread 0x00007fa9d40b3720 nmethod 8464 0x00007fa9bc124b10 code [0x00007fa9bc124cc0, 0x00007fa9bc125160]
Event: 179.161 Thread 0x00007fa9d40b2210 nmethod 8462 0x00007fa9c31ef590 code [0x00007fa9c31ef700, 0x00007fa9c31ef7e0]
Event: 204.873 Thread 0x00007fa9d40b3720 8465       3       java.util.LinkedList::node (65 bytes)
Event: 204.874 Thread 0x00007fa9d40b3720 nmethod 8465 0x00007fa9bc0b7c10 code [0x00007fa9bc0b7dc0, 0x00007fa9bc0b8090]
Event: 326.622 Thread 0x00007fa9d40b3720 8466       3       java.util.LinkedList::get (14 bytes)
Event: 326.625 Thread 0x00007fa9d40b3720 nmethod 8466 0x00007fa9bc218710 code [0x00007fa9bc218900, 0x00007fa9bc218d00]
Event: 327.666 Thread 0x00007fa9d40b3720 8467  s    3       org.eclipse.jdt.internal.core.search.processing.JobManager::currentJob (35 bytes)
Event: 328.760 Thread 0x00007fa9d40b3720 nmethod 8467 0x00007fa9bc2a3b10 code [0x00007fa9bc2a3ce0, 0x00007fa9bc2a4630]
Event: 351.547 Thread 0x00007fa9d40b2210 8468       4       org.eclipse.core.runtime.ProgressMonitorWrapper::isCanceled (10 bytes)

GC Heap History (20 events):
Event: 348.338 GC heap before
{Heap before GC invocations=347 (full 265):
 PSYoungGen      total 24576K, used 15359K [0x00000000f5580000, 0x00000000f7900000, 0x0000000100000000)
  eden space 15360K, 99% used [0x00000000f5580000,0x00000000f647fff8,0x00000000f6480000)
  from space 9216K, 0% used [0x00000000f7000000,0x00000000f7000000,0x00000000f7900000)
  to   space 6656K, 0% used [0x00000000f6480000,0x00000000f6480000,0x00000000f6b00000)
 ParOldGen       total 349696K, used 349695K [0x00000000e0000000, 0x00000000f5580000, 0x00000000f5580000)
  object space 349696K, 99% used [0x00000000e0000000,0x00000000f557fe90,0x00000000f5580000)
 Metaspace       used 53668K, committed 54848K, reserved 1105920K
  class space    used 5167K, committed 5632K, reserved 1048576K
}
Event: 349.388 GC heap after
{Heap after GC invocations=347 (full 265):
 PSYoungGen      total 22016K, used 15359K [0x00000000f5580000, 0x00000000f7900000, 0x0000000100000000)
  eden space 15360K, 99% used [0x00000000f5580000,0x00000000f647ffe0,0x00000000f6480000)
  from space 6656K, 0% used [0x00000000f6480000,0x00000000f6480000,0x00000000f6b00000)
  to   space 9216K, 0% used [0x00000000f7000000,0x00000000f7000000,0x00000000f7900000)
 ParOldGen       total 349696K, used 349695K [0x00000000e0000000, 0x00000000f5580000, 0x00000000f5580000)
  object space 349696K, 99% used [0x00000000e0000000,0x00000000f557fe90,0x00000000f5580000)
 Metaspace       used 53668K, committed 54848K, reserved 1105920K
  class space    used 5167K, committed 5632K, reserved 1048576K
}
Event: 349.388 GC heap before
{Heap before GC invocations=348 (full 266):
 PSYoungGen      total 22016K, used 15359K [0x00000000f5580000, 0x00000000f7900000, 0x0000000100000000)
  eden space 15360K, 99% used [0x00000000f5580000,0x00000000f647fff8,0x00000000f6480000)
  from space 6656K, 0% used [0x00000000f6480000,0x00000000f6480000,0x00000000f6b00000)
  to   space 9216K, 0% used [0x00000000f7000000,0x00000000f7000000,0x00000000f7900000)
 ParOldGen       total 349696K, used 349695K [0x00000000e0000000, 0x00000000f5580000, 0x00000000f5580000)
  object space 349696K, 99% used [0x00000000e0000000,0x00000000f557fe90,0x00000000f5580000)
 Metaspace       used 53668K, committed 54848K, reserved 1105920K
  class space    used 5167K, committed 5632K, reserved 1048576K
}
Event: 350.455 GC heap after
{Heap after GC invocations=348 (full 266):
 PSYoungGen      total 24576K, used 15359K [0x00000000f5580000, 0x00000000f7900000, 0x0000000100000000)
  eden space 15360K, 99% used [0x00000000f5580000,0x00000000f647ffd8,0x00000000f6480000)
  from space 9216K, 0% used [0x00000000f7000000,0x00000000f7000000,0x00000000f7900000)
  to   space 6656K, 0% used [0x00000000f6480000,0x00000000f6480000,0x00000000f6b00000)
 ParOldGen       total 349696K, used 349695K [0x00000000e0000000, 0x00000000f5580000, 0x00000000f5580000)
  object space 349696K, 99% used [0x00000000e0000000,0x00000000f557fe90,0x00000000f5580000)
 Metaspace       used 53668K, committed 54848K, reserved 1105920K
  class space    used 5167K, committed 5632K, reserved 1048576K
}
Event: 350.459 GC heap before
{Heap before GC invocations=349 (full 267):
 PSYoungGen      total 24576K, used 15359K [0x00000000f5580000, 0x00000000f7900000, 0x0000000100000000)
  eden space 15360K, 99% used [0x00000000f5580000,0x00000000f647fff0,0x00000000f6480000)
  from space 9216K, 0% used [0x00000000f7000000,0x00000000f7000000,0x00000000f7900000)
  to   space 6656K, 0% used [0x00000000f6480000,0x00000000f6480000,0x00000000f6b00000)
 ParOldGen       total 349696K, used 349695K [0x00000000e0000000, 0x00000000f5580000, 0x00000000f5580000)
  object space 349696K, 99% used [0x00000000e0000000,0x00000000f557fe90,0x00000000f5580000)
 Metaspace       used 53668K, committed 54848K, reserved 1105920K
  class space    used 5167K, committed 5632K, reserved 1048576K
}
Event: 351.547 GC heap after
{Heap after GC invocations=349 (full 267):
 PSYoungGen      total 22016K, used 15359K [0x00000000f5580000, 0x00000000f7900000, 0x0000000100000000)
  eden space 15360K, 99% used [0x00000000f5580000,0x00000000f647fff0,0x00000000f6480000)
  from space 6656K, 0% used [0x00000000f6480000,0x00000000f6480000,0x00000000f6b00000)
  to   space 9216K, 0% used [0x00000000f7000000,0x00000000f7000000,0x00000000f7900000)
 ParOldGen       total 349696K, used 349695K [0x00000000e0000000, 0x00000000f5580000, 0x00000000f5580000)
  object space 349696K, 99% used [0x00000000e0000000,0x00000000f557fe90,0x00000000f5580000)
 Metaspace       used 53668K, committed 54848K, reserved 1105920K
  class space    used 5167K, committed 5632K, reserved 1048576K
}
Event: 351.549 GC heap before
{Heap before GC invocations=350 (full 268):
 PSYoungGen      total 22016K, used 15359K [0x00000000f5580000, 0x00000000f7900000, 0x0000000100000000)
  eden space 15360K, 99% used [0x00000000f5580000,0x00000000f647fff0,0x00000000f6480000)
  from space 6656K, 0% used [0x00000000f6480000,0x00000000f6480000,0x00000000f6b00000)
  to   space 9216K, 0% used [0x00000000f7000000,0x00000000f7000000,0x00000000f7900000)
 ParOldGen       total 349696K, used 349695K [0x00000000e0000000, 0x00000000f5580000, 0x00000000f5580000)
  object space 349696K, 99% used [0x00000000e0000000,0x00000000f557fff8,0x00000000f5580000)
 Metaspace       used 53668K, committed 54848K, reserved 1105920K
  class space    used 5167K, committed 5632K, reserved 1048576K
}
Event: 352.587 GC heap after
{Heap after GC invocations=350 (full 268):
 PSYoungGen      total 24576K, used 15359K [0x00000000f5580000, 0x00000000f7900000, 0x0000000100000000)
  eden space 15360K, 99% used [0x00000000f5580000,0x00000000f647ffd8,0x00000000f6480000)
  from space 9216K, 0% used [0x00000000f7000000,0x00000000f7000000,0x00000000f7900000)
  to   space 6656K, 0% used [0x00000000f6480000,0x00000000f6480000,0x00000000f6b00000)
 ParOldGen       total 349696K, used 349695K [0x00000000e0000000, 0x00000000f5580000, 0x00000000f5580000)
  object space 349696K, 99% used [0x00000000e0000000,0x00000000f557ffd8,0x00000000f5580000)
 Metaspace       used 53668K, committed 54848K, reserved 1105920K
  class space    used 5167K, committed 5632K, reserved 1048576K
}
Event: 352.627 GC heap before
{Heap before GC invocations=351 (full 269):
 PSYoungGen      total 24576K, used 15359K [0x00000000f5580000, 0x00000000f7900000, 0x0000000100000000)
  eden space 15360K, 99% used [0x00000000f5580000,0x00000000f647fff0,0x00000000f6480000)
  from space 9216K, 0% used [0x00000000f7000000,0x00000000f7000000,0x00000000f7900000)
  to   space 6656K, 0% used [0x00000000f6480000,0x00000000f6480000,0x00000000f6b00000)
 ParOldGen       total 349696K, used 349695K [0x00000000e0000000, 0x00000000f5580000, 0x00000000f5580000)
  object space 349696K, 99% used [0x00000000e0000000,0x00000000f557ffd8,0x00000000f5580000)
 Metaspace       used 53668K, committed 54848K, reserved 1105920K
  class space    used 5167K, committed 5632K, reserved 1048576K
}
Event: 353.637 GC heap after
{Heap after GC invocations=351 (full 269):
 PSYoungGen      total 22016K, used 15359K [0x00000000f5580000, 0x00000000f7900000, 0x0000000100000000)
  eden space 15360K, 99% used [0x00000000f5580000,0x00000000f647fff0,0x00000000f6480000)
  from space 6656K, 0% used [0x00000000f6480000,0x00000000f6480000,0x00000000f6b00000)
  to   space 9216K, 0% used [0x00000000f7000000,0x00000000f7000000,0x00000000f7900000)
 ParOldGen       total 349696K, used 349695K [0x00000000e0000000, 0x00000000f5580000, 0x00000000f5580000)
  object space 349696K, 99% used [0x00000000e0000000,0x00000000f557ffd8,0x00000000f5580000)
 Metaspace       used 53668K, committed 54848K, reserved 1105920K
  class space    used 5167K, committed 5632K, reserved 1048576K
}
Event: 353.638 GC heap before
{Heap before GC invocations=352 (full 270):
 PSYoungGen      total 22016K, used 15359K [0x00000000f5580000, 0x00000000f7900000, 0x0000000100000000)
  eden space 15360K, 99% used [0x00000000f5580000,0x00000000f647fff0,0x00000000f6480000)
  from space 6656K, 0% used [0x00000000f6480000,0x00000000f6480000,0x00000000f6b00000)
  to   space 9216K, 0% used [0x00000000f7000000,0x00000000f7000000,0x00000000f7900000)
 ParOldGen       total 349696K, used 349695K [0x00000000e0000000, 0x00000000f5580000, 0x00000000f5580000)
  object space 349696K, 99% used [0x00000000e0000000,0x00000000f557fff0,0x00000000f5580000)
 Metaspace       used 53668K, committed 54848K, reserved 1105920K
  class space    used 5167K, committed 5632K, reserved 1048576K
}
Event: 354.779 GC heap after
{Heap after GC invocations=352 (full 270):
 PSYoungGen      total 24576K, used 15359K [0x00000000f5580000, 0x00000000f7900000, 0x0000000100000000)
  eden space 15360K, 99% used [0x00000000f5580000,0x00000000f647fff0,0x00000000f6480000)
  from space 9216K, 0% used [0x00000000f7000000,0x00000000f7000000,0x00000000f7900000)
  to   space 6656K, 0% used [0x00000000f6480000,0x00000000f6480000,0x00000000f6b00000)
 ParOldGen       total 349696K, used 349695K [0x00000000e0000000, 0x00000000f5580000, 0x00000000f5580000)
  object space 349696K, 99% used [0x00000000e0000000,0x00000000f557fff0,0x00000000f5580000)
 Metaspace       used 53668K, committed 54848K, reserved 1105920K
  class space    used 5167K, committed 5632K, reserved 1048576K
}
Event: 354.779 GC heap before
{Heap before GC invocations=353 (full 271):
 PSYoungGen      total 24576K, used 15359K [0x00000000f5580000, 0x00000000f7900000, 0x0000000100000000)
  eden space 15360K, 99% used [0x00000000f5580000,0x00000000f647fff0,0x00000000f6480000)
  from space 9216K, 0% used [0x00000000f7000000,0x00000000f7000000,0x00000000f7900000)
  to   space 6656K, 0% used [0x00000000f6480000,0x00000000f6480000,0x00000000f6b00000)
 ParOldGen       total 349696K, used 349695K [0x00000000e0000000, 0x00000000f5580000, 0x00000000f5580000)
  object space 349696K, 99% used [0x00000000e0000000,0x00000000f557fff0,0x00000000f5580000)
 Metaspace       used 53668K, committed 54848K, reserved 1105920K
  class space    used 5167K, committed 5632K, reserved 1048576K
}
Event: 355.838 GC heap after
{Heap after GC invocations=353 (full 271):
 PSYoungGen      total 22016K, used 15359K [0x00000000f5580000, 0x00000000f7900000, 0x0000000100000000)
  eden space 15360K, 99% used [0x00000000f5580000,0x00000000f647fff0,0x00000000f6480000)
  from space 6656K, 0% used [0x00000000f6480000,0x00000000f6480000,0x00000000f6b00000)
  to   space 9216K, 0% used [0x00000000f7000000,0x00000000f7000000,0x00000000f7900000)
 ParOldGen       total 349696K, used 349695K [0x00000000e0000000, 0x00000000f5580000, 0x00000000f5580000)
  object space 349696K, 99% used [0x00000000e0000000,0x00000000f557fff0,0x00000000f5580000)
 Metaspace       used 53668K, committed 54848K, reserved 1105920K
  class space    used 5167K, committed 5632K, reserved 1048576K
}
Event: 355.841 GC heap before
{Heap before GC invocations=354 (full 272):
 PSYoungGen      total 22016K, used 15359K [0x00000000f5580000, 0x00000000f7900000, 0x0000000100000000)
  eden space 15360K, 99% used [0x00000000f5580000,0x00000000f647fff0,0x00000000f6480000)
  from space 6656K, 0% used [0x00000000f6480000,0x00000000f6480000,0x00000000f6b00000)
  to   space 9216K, 0% used [0x00000000f7000000,0x00000000f7000000,0x00000000f7900000)
 ParOldGen       total 349696K, used 349695K [0x00000000e0000000, 0x00000000f5580000, 0x00000000f5580000)
  object space 349696K, 99% used [0x00000000e0000000,0x00000000f557fff0,0x00000000f5580000)
 Metaspace       used 53668K, committed 54848K, reserved 1105920K
  class space    used 5167K, committed 5632K, reserved 1048576K
}
Event: 356.935 GC heap after
{Heap after GC invocations=354 (full 272):
 PSYoungGen      total 24576K, used 15359K [0x00000000f5580000, 0x00000000f7900000, 0x0000000100000000)
  eden space 15360K, 99% used [0x00000000f5580000,0x00000000f647fff0,0x00000000f6480000)
  from space 9216K, 0% used [0x00000000f7000000,0x00000000f7000000,0x00000000f7900000)
  to   space 6656K, 0% used [0x00000000f6480000,0x00000000f6480000,0x00000000f6b00000)
 ParOldGen       total 349696K, used 349694K [0x00000000e0000000, 0x00000000f5580000, 0x00000000f5580000)
  object space 349696K, 99% used [0x00000000e0000000,0x00000000f557fa50,0x00000000f5580000)
 Metaspace       used 53668K, committed 54848K, reserved 1105920K
  class space    used 5167K, committed 5632K, reserved 1048576K
}
Event: 356.938 GC heap before
{Heap before GC invocations=355 (full 273):
 PSYoungGen      total 24576K, used 15360K [0x00000000f5580000, 0x00000000f7900000, 0x0000000100000000)
  eden space 15360K, 100% used [0x00000000f5580000,0x00000000f6480000,0x00000000f6480000)
  from space 9216K, 0% used [0x00000000f7000000,0x00000000f7000000,0x00000000f7900000)
  to   space 6656K, 0% used [0x00000000f6480000,0x00000000f6480000,0x00000000f6b00000)
 ParOldGen       total 349696K, used 349695K [0x00000000e0000000, 0x00000000f5580000, 0x00000000f5580000)
  object space 349696K, 99% used [0x00000000e0000000,0x00000000f557fe18,0x00000000f5580000)
 Metaspace       used 53668K, committed 54848K, reserved 1105920K
  class space    used 5167K, committed 5632K, reserved 1048576K
}
Event: 357.997 GC heap after
{Heap after GC invocations=355 (full 273):
 PSYoungGen      total 22016K, used 15359K [0x00000000f5580000, 0x00000000f7900000, 0x0000000100000000)
  eden space 15360K, 99% used [0x00000000f5580000,0x00000000f647fff0,0x00000000f6480000)
  from space 6656K, 0% used [0x00000000f6480000,0x00000000f6480000,0x00000000f6b00000)
  to   space 9216K, 0% used [0x00000000f7000000,0x00000000f7000000,0x00000000f7900000)
 ParOldGen       total 349696K, used 349694K [0x00000000e0000000, 0x00000000f5580000, 0x00000000f5580000)
  object space 349696K, 99% used [0x00000000e0000000,0x00000000f557fac8,0x00000000f5580000)
 Metaspace       used 53668K, committed 54848K, reserved 1105920K
  class space    used 5167K, committed 5632K, reserved 1048576K
}
Event: 357.997 GC heap before
{Heap before GC invocations=356 (full 274):
 PSYoungGen      total 22016K, used 15359K [0x00000000f5580000, 0x00000000f7900000, 0x0000000100000000)
  eden space 15360K, 99% used [0x00000000f5580000,0x00000000f647fff0,0x00000000f6480000)
  from space 6656K, 0% used [0x00000000f6480000,0x00000000f6480000,0x00000000f6b00000)
  to   space 9216K, 0% used [0x00000000f7000000,0x00000000f7000000,0x00000000f7900000)
 ParOldGen       total 349696K, used 349694K [0x00000000e0000000, 0x00000000f5580000, 0x00000000f5580000)
  object space 349696K, 99% used [0x00000000e0000000,0x00000000f557fac8,0x00000000f5580000)
 Metaspace       used 53668K, committed 54848K, reserved 1105920K
  class space    used 5167K, committed 5632K, reserved 1048576K
}
Event: 359.034 GC heap after
{Heap after GC invocations=356 (full 274):
 PSYoungGen      total 24576K, used 15359K [0x00000000f5580000, 0x00000000f7900000, 0x0000000100000000)
  eden space 15360K, 99% used [0x00000000f5580000,0x00000000f647fff0,0x00000000f6480000)
  from space 9216K, 0% used [0x00000000f7000000,0x00000000f7000000,0x00000000f7900000)
  to   space 6656K, 0% used [0x00000000f6480000,0x00000000f6480000,0x00000000f6b00000)
 ParOldGen       total 349696K, used 349694K [0x00000000e0000000, 0x00000000f5580000, 0x00000000f5580000)
  object space 349696K, 99% used [0x00000000e0000000,0x00000000f557fac8,0x00000000f5580000)
 Metaspace       used 53668K, committed 54848K, reserved 1105920K
  class space    used 5167K, committed 5632K, reserved 1048576K
}

Dll operation events (8 events):
Event: 0.003 Loaded shared library /nix/store/gpxl5qgg8kicmcvivwmybwjlpf7wh20l-graalvm17-ce-22.3.0/lib/libjava.so
Event: 0.014 Loaded shared library /nix/store/gpxl5qgg8kicmcvivwmybwjlpf7wh20l-graalvm17-ce-22.3.0/lib/libjsvml.so
Event: 0.212 Loaded shared library /nix/store/gpxl5qgg8kicmcvivwmybwjlpf7wh20l-graalvm17-ce-22.3.0/lib/libnio.so
Event: 0.216 Loaded shared library /nix/store/gpxl5qgg8kicmcvivwmybwjlpf7wh20l-graalvm17-ce-22.3.0/lib/libzip.so
Event: 0.233 Loaded shared library /nix/store/gpxl5qgg8kicmcvivwmybwjlpf7wh20l-graalvm17-ce-22.3.0/lib/libjvmcicompiler.so
Event: 0.650 Loaded shared library /nix/store/gpxl5qgg8kicmcvivwmybwjlpf7wh20l-graalvm17-ce-22.3.0/lib/libjimage.so
Event: 2.161 Loaded shared library /nix/store/gpxl5qgg8kicmcvivwmybwjlpf7wh20l-graalvm17-ce-22.3.0/lib/libnet.so
Event: 3.641 Loaded shared library /home/runner/.cache/jdt-language-server/config/org.eclipse.equinox.launcher/org.eclipse.equinox.launcher.gtk.linux.x86_64_1.2.400.v20211117-0650/eclipse_11600.so

Deoptimization events (20 events):
Event: 68.948 Thread 0x00007fa96c6999b0 DEOPT PACKING pc=0x00007fa9bc4d7add sp=0x00007fa9829fe530
Event: 68.948 Thread 0x00007fa96c6999b0 DEOPT UNPACKING pc=0x00007fa9bb505325 sp=0x00007fa9829fda20 mode 0
Event: 68.966 Thread 0x00007fa96c6999b0 DEOPT PACKING pc=0x00007fa9bc4d7add sp=0x00007fa9829fe530
Event: 68.966 Thread 0x00007fa96c6999b0 DEOPT UNPACKING pc=0x00007fa9bb505325 sp=0x00007fa9829fda20 mode 0
Event: 68.977 Thread 0x00007fa96c6999b0 DEOPT PACKING pc=0x00007fa9bc4d7add sp=0x00007fa9829fe530
Event: 68.980 Thread 0x00007fa96c6999b0 DEOPT UNPACKING pc=0x00007fa9bb505325 sp=0x00007fa9829fda20 mode 0
Event: 68.990 Thread 0x00007fa96c6999b0 DEOPT PACKING pc=0x00007fa9bc4d7add sp=0x00007fa9829fe530
Event: 68.990 Thread 0x00007fa96c6999b0 DEOPT UNPACKING pc=0x00007fa9bb505325 sp=0x00007fa9829fda20 mode 0
Event: 70.395 Thread 0x00007fa96c6999b0 DEOPT PACKING pc=0x00007fa9bc4d7add sp=0x00007fa9829fe530
Event: 70.395 Thread 0x00007fa96c6999b0 DEOPT UNPACKING pc=0x00007fa9bb505325 sp=0x00007fa9829fda20 mode 0
Event: 70.397 Thread 0x00007fa96c6999b0 DEOPT PACKING pc=0x00007fa9bc4d7add sp=0x00007fa9829fe530
Event: 70.397 Thread 0x00007fa96c6999b0 DEOPT UNPACKING pc=0x00007fa9bb505325 sp=0x00007fa9829fda20 mode 0
Event: 335.258 Thread 0x00007fa96c6999b0 Uncommon trap: trap_request=0xffffff8f fr.pc=0x00007fa9c31ebb01 relative=0x0000000000001041
Event: 335.258 Thread 0x00007fa96c6999b0 Uncommon trap: reason=constraint action=none pc=0x00007fa9c31ebb01 method=org.eclipse.jdt.internal.core.index.DiskIndex.copyQueryResults(Lorg/eclipse/jdt/internal/compiler/util/HashtableOfObject;I)V @ 123 jvmci
Event: 336.366 Thread 0x00007fa96c6999b0 DEOPT PACKING pc=0x00007fa9c31ebb01 sp=0x00007fa9829fe550
Event: 336.366 Thread 0x00007fa96c6999b0 DEOPT UNPACKING pc=0x00007fa9bb505325 sp=0x00007fa9829fda28 mode 3
Event: 355.838 Thread 0x00007fa96c6999b0 Uncommon trap: trap_request=0xffffff8f fr.pc=0x00007fa9c31ebb01 relative=0x0000000000001041
Event: 355.838 Thread 0x00007fa96c6999b0 Uncommon trap: reason=constraint action=none pc=0x00007fa9c31ebb01 method=org.eclipse.jdt.internal.core.index.DiskIndex.copyQueryResults(Lorg/eclipse/jdt/internal/compiler/util/HashtableOfObject;I)V @ 123 jvmci
Event: 355.838 Thread 0x00007fa96c6999b0 DEOPT PACKING pc=0x00007fa9c31ebb01 sp=0x00007fa9829fe550
Event: 355.838 Thread 0x00007fa96c6999b0 DEOPT UNPACKING pc=0x00007fa9bb505325 sp=0x00007fa9829fda28 mode 3

Classes unloaded (20 events):
Event: 164.276 Thread 0x00007fa9d40a1c10 Unloading class 0x0000000800cb2800 'java/lang/invoke/LambdaForm$MH+0x0000000800cb2800'
Event: 164.276 Thread 0x00007fa9d40a1c10 Unloading class 0x0000000800cb2000 'java/lang/invoke/LambdaForm$MH+0x0000000800cb2000'
Event: 164.276 Thread 0x00007fa9d40a1c10 Unloading class 0x0000000800cb1c00 'java/lang/invoke/LambdaForm$MH+0x0000000800cb1c00'
Event: 164.276 Thread 0x00007fa9d40a1c10 Unloading class 0x0000000800cb1800 'java/lang/invoke/LambdaForm$MH+0x0000000800cb1800'
Event: 164.276 Thread 0x00007fa9d40a1c10 Unloading class 0x0000000800cb1000 'java/lang/invoke/LambdaForm$MH+0x0000000800cb1000'
Event: 164.276 Thread 0x00007fa9d40a1c10 Unloading class 0x0000000800cb0c00 'java/lang/invoke/LambdaForm$MH+0x0000000800cb0c00'
Event: 164.276 Thread 0x00007fa9d40a1c10 Unloading class 0x0000000800cb0800 'java/lang/invoke/LambdaForm$MH+0x0000000800cb0800'
Event: 164.276 Thread 0x00007fa9d40a1c10 Unloading class 0x0000000800cb0000 'java/lang/invoke/LambdaForm$MH+0x0000000800cb0000'
Event: 176.086 Thread 0x00007fa9d40a1c10 Unloading class 0x0000000800ffc400 'jdk/internal/reflect/GeneratedSerializationConstructorAccessor33'
Event: 176.086 Thread 0x00007fa9d40a1c10 Unloading class 0x0000000800ffc000 'jdk/internal/reflect/GeneratedSerializationConstructorAccessor32'
Event: 176.086 Thread 0x00007fa9d40a1c10 Unloading class 0x0000000800ff7400 'jdk/internal/reflect/GeneratedSerializationConstructorAccessor31'
Event: 176.086 Thread 0x00007fa9d40a1c10 Unloading class 0x0000000800ff7000 'jdk/internal/reflect/GeneratedSerializationConstructorAccessor30'
Event: 178.645 Thread 0x00007fa9d40a1c10 Unloading class 0x0000000801090c00 'jdk/internal/reflect/GeneratedMethodAccessor12'
Event: 178.645 Thread 0x00007fa9d40a1c10 Unloading class 0x0000000801090800 'jdk/internal/reflect/GeneratedMethodAccessor11'
Event: 178.645 Thread 0x00007fa9d40a1c10 Unloading class 0x000000080108c000 'jdk/internal/reflect/GeneratedMethodAccessor9'
Event: 178.645 Thread 0x00007fa9d40a1c10 Unloading class 0x0000000800e0dc00 'jdk/internal/reflect/GeneratedMethodAccessor8'
Event: 181.196 Thread 0x00007fa9d40a1c10 Unloading class 0x000000080108c400 'jdk/internal/reflect/GeneratedMethodAccessor10'
Event: 184.743 Thread 0x00007fa9d40a1c10 Unloading class 0x0000000801161400 'jdk/internal/reflect/GeneratedConstructorAccessor24'
Event: 184.743 Thread 0x00007fa9d40a1c10 Unloading class 0x0000000800ffc800 'jdk/internal/reflect/GeneratedConstructorAccessor14'
Event: 184.743 Thread 0x00007fa9d40a1c10 Unloading class 0x0000000800e0cc00 'jdk/internal/reflect/GeneratedMethodAccessor7'

Classes redefined (0 events):
No events

Internal exceptions (20 events):
Event: 22.655 Thread 0x00007fa9580010d0 Exception <a 'java/io/FileNotFoundException'{0x00000000f55f0778}> (0x00000000f55f0778) 
thrown [src/hotspot/share/prims/jni.cpp, line 516]
Event: 24.008 Thread 0x00007fa9d43f97e0 Implicit null exception at 0x00007fa9c30d674f to 0x00007fa9c30d6db1
Event: 24.447 Thread 0x00007fa9580010d0 Implicit null exception at 0x00007fa9c30cd922 to 0x00007fa9c30cdcb2
Event: 24.771 Thread 0x00007fa9580010d0 Implicit null exception at 0x00007fa9c30814e9 to 0x00007fa9c308169b
Event: 26.849 Thread 0x00007fa95c000ff0 Exception <a 'java/lang/NoSuchMethodError'{0x00000000f62b2540}: 'java.lang.Object java.lang.invoke.DirectMethodHandle$Holder.invokeStatic(java.lang.Object, java.lang.Object, int, java.lang.Object)'> (0x00000000f62b2540) 
thrown [src/hotspot/share/interpreter/linkResolver.cpp, line 758]
Event: 26.852 Thread 0x00007fa95c000ff0 Exception <a 'java/lang/NoSuchMethodError'{0x00000000f62ba980}: 'java.lang.Object java.lang.invoke.DirectMethodHandle$Holder.newInvokeSpecial(java.lang.Object, java.lang.Object, int)'> (0x00000000f62ba980) 
thrown [src/hotspot/share/interpreter/linkResolver.cpp, line 758]
Event: 28.732 Thread 0x00007fa9401efca0 Exception <a 'java/io/FileNotFoundException'{0x00000000f5f5fa58}> (0x00000000f5f5fa58) 
thrown [src/hotspot/share/prims/jni.cpp, line 516]
Event: 29.727 Thread 0x00007fa9401eee20 Exception <a 'java/lang/NoSuchMethodError'{0x00000000f5d0e268}: 'java.lang.Object java.lang.invoke.DirectMethodHandle$Holder.invokeStatic(java.lang.Object, int, java.lang.Object, java.lang.Object, java.lang.Object, java.lang.Object)'> (0x00000000f5d0e268) 
thrown [src/hotspot/share/interpreter/linkResolver.cpp, line 758]
Event: 29.729 Thread 0x00007fa9401eee20 Exception <a 'java/lang/NoSuchMethodError'{0x00000000f5d16788}: 'java.lang.Object java.lang.invoke.DirectMethodHandle$Holder.newInvokeSpecial(java.lang.Object, int, java.lang.Object, java.lang.Object, java.lang.Object)'> (0x00000000f5d16788) 
thrown [src/hotspot/share/interpreter/linkResolver.cpp, line 758]
Event: 30.273 Thread 0x00007fa9401eee20 Exception <a 'java/lang/NoSuchMethodError'{0x00000000f5ec5d78}: 'void java.lang.invoke.DirectMethodHandle$Holder.invokeSpecial(java.lang.Object, java.lang.Object, int)'> (0x00000000f5ec5d78) 
thrown [src/hotspot/share/interpreter/linkResolver.cpp, line 758]
Event: 30.559 Thread 0x00007fa9401eee20 Exception <a 'java/lang/NoSuchMethodError'{0x00000000f5ba4020}: 'int java.lang.invoke.DirectMethodHandle$Holder.invokeSpecial(java.lang.Object, java.lang.Object, java.lang.Object)'> (0x00000000f5ba4020) 
thrown [src/hotspot/share/interpreter/linkResolver.cpp, line 758]
Event: 36.063 Thread 0x00007fa94014a8d0 Exception <a 'java/lang/NoSuchMethodError'{0x00000000f5811238}: 'java.lang.Object java.lang.invoke.DirectMethodHandle$Holder.newInvokeSpecial(java.lang.Object, java.lang.Object, int, java.lang.Object, java.lang.Object, java.lang.Object, java.lang.Object)'> (0x00000000f5811238) 
thrown [src/hotspot/share/interpreter/linkResolver.cpp, line 758]
Event: 39.452 Thread 0x00007fa94014a8d0 Exception <a 'java/lang/NoSuchMethodError'{0x00000000f67a7450}: 'int java.lang.invoke.DirectMethodHandle$Holder.invokeSpecialIFC(java.lang.Object, java.lang.Object, java.lang.Object, java.lang.Object)'> (0x00000000f67a7450) 
thrown [src/hotspot/share/interpreter/linkResolver.cpp, line 758]
Event: 46.049 Thread 0x00007fa96c6999b0 Implicit null exception at 0x00007fa9c3168e32 to 0x00007fa9c316c228
Event: 49.051 Thread 0x00007fa96c6999b0 Implicit null exception at 0x00007fa9c3171ccd to 0x00007fa9c3172350
Event: 335.258 Thread 0x00007fa96c6999b0 Exception <a 'java/lang/OutOfMemoryError'{0x00000000e00d08b0}> (0x00000000e00d08b0) 
thrown [src/hotspot/share/gc/shared/memAllocator.cpp, line 138]
Event: 335.258 Thread 0x00007fa96c6999b0 Implicit null exception at 0x00007fa9c31eb556 to 0x00007fa9c31ebae6
Event: 355.838 Thread 0x00007fa96c6999b0 Exception <a 'java/lang/OutOfMemoryError'{0x00000000e00d0310}> (0x00000000e00d0310) 
thrown [src/hotspot/share/gc/shared/memAllocator.cpp, line 138]
Event: 355.838 Thread 0x00007fa96c6999b0 Implicit null exception at 0x00007fa9c31eb556 to 0x00007fa9c31ebae6
Event: 359.035 Thread 0x00007fa9d40b2210 Exception <a 'java/lang/OutOfMemoryError'{0x00000000e00d0090}> (0x00000000e00d0090) 
thrown [src/hotspot/share/gc/shared/memAllocator.cpp, line 136]

VM Operations (20 events):
Event: 346.241 Executing VM operation: ParallelGCFailedAllocation
Event: 347.258 Executing VM operation: ParallelGCFailedAllocation done
Event: 347.259 Executing VM operation: ParallelGCFailedAllocation
Event: 348.336 Executing VM operation: ParallelGCFailedAllocation done
Event: 348.338 Executing VM operation: ParallelGCFailedAllocation
Event: 349.388 Executing VM operation: ParallelGCFailedAllocation done
Event: 349.388 Executing VM operation: ParallelGCFailedAllocation
Event: 350.455 Executing VM operation: ParallelGCFailedAllocation done
Event: 350.455 Executing VM operation: ParallelGCFailedAllocation
Event: 351.549 Executing VM operation: ParallelGCFailedAllocation done
Event: 351.549 Executing VM operation: ParallelGCFailedAllocation
Event: 352.626 Executing VM operation: ParallelGCFailedAllocation done
Event: 352.626 Executing VM operation: ParallelGCFailedAllocation
Event: 353.637 Executing VM operation: ParallelGCFailedAllocation done
Event: 353.637 Executing VM operation: ParallelGCFailedAllocation
Event: 355.838 Executing VM operation: ParallelGCFailedAllocation done
Event: 355.838 Executing VM operation: ParallelGCFailedAllocation
Event: 356.935 Executing VM operation: ParallelGCFailedAllocation done
Event: 356.936 Executing VM operation: ParallelGCFailedAllocation
Event: 359.034 Executing VM operation: ParallelGCFailedAllocation done

Events (20 events):
Event: 41.429 Thread 0x00007fa9d40b4b70 flushing nmethod 0x00007fa9bc806910
Event: 41.429 Thread 0x00007fa9d40b4b70 flushing nmethod 0x00007fa9bc80b690
Event: 41.429 Thread 0x00007fa9d40b4b70 flushing nmethod 0x00007fa9bc824a90
Event: 41.429 Thread 0x00007fa9d40b4b70 flushing nmethod 0x00007fa9bc82a910
Event: 41.429 Thread 0x00007fa9d40b4b70 flushing nmethod 0x00007fa9bc82d010
Event: 41.429 Thread 0x00007fa9d40b4b70 flushing nmethod 0x00007fa9bc842c10
Event: 41.429 Thread 0x00007fa9d40b4b70 flushing nmethod 0x00007fa9bc843310
Event: 41.429 Thread 0x00007fa9d40b4b70 flushing nmethod 0x00007fa9bc844c10
Event: 41.429 Thread 0x00007fa9d40b4b70 flushing nmethod 0x00007fa9bc86f010
Event: 41.429 Thread 0x00007fa9d40b4b70 flushing nmethod 0x00007fa9bc86f410
Event: 41.429 Thread 0x00007fa9d40b4b70 flushing nmethod 0x00007fa9bc86fb90
Event: 41.429 Thread 0x00007fa9d40b4b70 flushing nmethod 0x00007fa9bc86ff90
Event: 41.429 Thread 0x00007fa9d40b4b70 flushing nmethod 0x00007fa9bc870710
Event: 41.429 Thread 0x00007fa9d40b4b70 flushing nmethod 0x00007fa9bc908190
Event: 41.429 Thread 0x00007fa9d40b4b70 flushing nmethod 0x00007fa9bc90ac10
Event: 41.429 Thread 0x00007fa9d40b4b70 flushing nmethod 0x00007fa9bc90c190
Event: 41.429 Thread 0x00007fa9d40b4b70 flushing nmethod 0x00007fa9bc910590
Event: 41.429 Thread 0x00007fa9d40b4b70 flushing nmethod 0x00007fa9bc911590
Event: 61.704 Thread 0x00007fa9d41f0640 Thread exited: 0x00007fa9d41f0640
Event: 105.270 Thread 0x00007fa96c4f4930 Thread exited: 0x00007fa96c4f4930


Dynamic libraries:
e0000000-f2480000 rw-p 00000000 00:00 0 
f2480000-f7900000 rw-p 00000000 00:00 0 
f7900000-100000000 ---p 00000000 00:00 0 
800000000-800449000 rw-p 00001000 00:ec0 4611686019135357769             /nix/store/gpxl5qgg8kicmcvivwmybwjlpf7wh20l-graalvm17-ce-22.3.0/lib/server/classes.jsa
800449000-800bc8000 r--p 0044a000 00:ec0 4611686019135357769             /nix/store/gpxl5qgg8kicmcvivwmybwjlpf7wh20l-graalvm17-ce-22.3.0/lib/server/classes.jsa
800bc8000-800c00000 ---p 00000000 00:00 0 
800c00000-800c10000 rw-p 00000000 00:00 0 
800c10000-800c30000 rw-p 00000000 00:00 0 
800c30000-800cb0000 rw-p 00000000 00:00 0 
800cb0000-800cf0000 rw-p 00000000 00:00 0 
800cf0000-800db0000 rw-p 00000000 00:00 0 
800db0000-800df0000 rw-p 00000000 00:00 0 
800df0000-801180000 rw-p 00000000 00:00 0 
801180000-840c00000 ---p 00000000 00:00 0 
56265a2bc000-56265a2bd000 r-xp 00000000 00:ec0 4611686019099417844       /nix/store/gpxl5qgg8kicmcvivwmybwjlpf7wh20l-graalvm17-ce-22.3.0/bin/.java-wrapped
56265a2be000-56265a2bf000 r--p 00001000 00:ec0 4611686019099417844       /nix/store/gpxl5qgg8kicmcvivwmybwjlpf7wh20l-graalvm17-ce-22.3.0/bin/.java-wrapped
56265a2bf000-56265a2c0000 rw-p 00002000 00:ec0 4611686019099417844       /nix/store/gpxl5qgg8kicmcvivwmybwjlpf7wh20l-graalvm17-ce-22.3.0/bin/.java-wrapped
56265a2c0000-56265a2c1000 rw-p 00004000 00:ec0 4611686019099417844       /nix/store/gpxl5qgg8kicmcvivwmybwjlpf7wh20l-graalvm17-ce-22.3.0/bin/.java-wrapped
56265a2c1000-56265a2c2000 rw-p 00005000 00:ec0 4611686019099417844       /nix/store/gpxl5qgg8kicmcvivwmybwjlpf7wh20l-graalvm17-ce-22.3.0/bin/.java-wrapped
56265b44b000-56265b493000 rw-p 00000000 00:00 0                          [heap]
7fa928000000-7fa92805c000 rw-p 00000000 00:00 0 
7fa92805c000-7fa92c000000 ---p 00000000 00:00 0 
7fa92c000000-7fa92c021000 rw-p 00000000 00:00 0 
7fa92c021000-7fa930000000 ---p 00000000 00:00 0 
7fa930000000-7fa930021000 rw-p 00000000 00:00 0 
7fa930021000-7fa934000000 ---p 00000000 00:00 0 
7fa935400000-7fa935420000 rw-p 00000000 00:00 0 
7fa935420000-7fa935c00000 ---p 00000000 00:00 0 
7fa9364b3000-7fa940000000 r--s 00000000 00:ec0 4611686019135192581       /nix/store/gpxl5qgg8kicmcvivwmybwjlpf7wh20l-graalvm17-ce-22.3.0/lib/modules
7fa940000000-7fa940266000 rw-p 00000000 00:00 0 
7fa940266000-7fa944000000 ---p 00000000 00:00 0 
7fa944000000-7fa944137000 rw-p 00000000 00:00 0 
7fa944137000-7fa948000000 ---p 00000000 00:00 0 
7fa948000000-7fa948021000 rw-p 00000000 00:00 0 
7fa948021000-7fa94c000000 ---p 00000000 00:00 0 
7fa94c000000-7fa94c021000 rw-p 00000000 00:00 0 
7fa94c021000-7fa950000000 ---p 00000000 00:00 0 
7fa950000000-7fa950041000 rw-p 00000000 00:00 0 
7fa950041000-7fa954000000 ---p 00000000 00:00 0 
7fa954000000-7fa954021000 rw-p 00000000 00:00 0 
7fa954021000-7fa958000000 ---p 00000000 00:00 0 
7fa958000000-7fa958066000 rw-p 00000000 00:00 0 
7fa958066000-7fa95c000000 ---p 00000000 00:00 0 
7fa95c000000-7fa95c41b000 rw-p 00000000 00:00 0 
7fa95c41b000-7fa960000000 ---p 00000000 00:00 0 
7fa960000000-7fa960021000 rw-p 00000000 00:00 0 
7fa960021000-7fa964000000 ---p 00000000 00:00 0 
7fa964000000-7fa96431d000 rw-p 00000000 00:00 0 
7fa96431d000-7fa968000000 ---p 00000000 00:00 0 
7fa968400000-7fa968bf0000 rw-p 00000000 00:00 0 
7fa968bf0000-7fa968c00000 rw-p 00000000 00:00 0 
7fa969000000-7fa969230000 rw-p 00000000 00:00 0 
7fa969230000-7fa969570000 rw-p 00000000 00:00 0 
7fa969570000-7fa9695f0000 rw-p 00000000 00:00 0 
7fa9695f0000-7fa969600000 ---p 00000000 00:00 0 
7fa969600000-7fa9697f0000 rw-p 00000000 00:00 0 
7fa9697f0000-7fa969ff0000 rw-p 00000000 00:00 0 
7fa969ff0000-7fa96a000000 rw-p 00000000 00:00 0 
7fa96b000000-7fa96b0f0000 rw-p 00000000 00:00 0 
7fa96b0f0000-7fa96b5f0000 rw-p 00000000 00:00 0 
7fa96b5f0000-7fa96b7f0000 rw-p 00000000 00:00 0 
7fa96b7f0000-7fa96b8f0000 rw-p 00000000 00:00 0 
7fa96b8f0000-7fa96b9f0000 rw-p 00000000 00:00 0 
7fa96b9f0000-7fa96bf70000 rw-p 00000000 00:00 0 
7fa96bf70000-7fa96c000000 rw-p 00000000 00:00 0 
7fa96c000000-7fa96c948000 rw-p 00000000 00:00 0 
7fa96c948000-7fa970000000 ---p 00000000 00:00 0 
7fa970000000-7fa970021000 rw-p 00000000 00:00 0 
7fa970021000-7fa974000000 ---p 00000000 00:00 0 
7fa974000000-7fa974021000 rw-p 00000000 00:00 0 
7fa974021000-7fa978000000 ---p 00000000 00:00 0 
7fa978000000-7fa978021000 rw-p 00000000 00:00 0 
7fa978021000-7fa97c000000 ---p 00000000 00:00 0 
7fa97c000000-7fa97c021000 rw-p 00000000 00:00 0 
7fa97c021000-7fa980000000 ---p 00000000 00:00 0 
7fa980400000-7fa980410000 r-xp 00000000 00:eba 362                       /home/runner/.cache/jdt-language-server/config/org.eclipse.equinox.launcher/org.eclipse.equinox.launcher.gtk.linux.x86_64_1.2.400.v20211117-0650/eclipse_11600.so
7fa980410000-7fa98060f000 ---p 00010000 00:eba 362                       /home/runner/.cache/jdt-language-server/config/org.eclipse.equinox.launcher/org.eclipse.equinox.launcher.gtk.linux.x86_64_1.2.400.v20211117-0650/eclipse_11600.so
7fa98060f000-7fa980610000 r--p 0000f000 00:eba 362                       /home/runner/.cache/jdt-language-server/config/org.eclipse.equinox.launcher/org.eclipse.equinox.launcher.gtk.linux.x86_64_1.2.400.v20211117-0650/eclipse_11600.so
7fa980610000-7fa980611000 rw-p 00010000 00:eba 362                       /home/runner/.cache/jdt-language-server/config/org.eclipse.equinox.launcher/org.eclipse.equinox.launcher.gtk.linux.x86_64_1.2.400.v20211117-0650/eclipse_11600.so
7fa981300000-7fa981400000 ---p 00000000 00:00 0 
7fa981400000-7fa9819af000 r--p 01122000 00:ec0 4611686019135190040       /nix/store/gpxl5qgg8kicmcvivwmybwjlpf7wh20l-graalvm17-ce-22.3.0/lib/libjvmcicompiler.so
7fa9819af000-7fa981b00000 r--p 00000000 00:00 0 
7fa981b00000-7fa981b3d000 rw-p 00000000 00:00 0 
7fa981b3d000-7fa98205d000 rw-p 0185f000 00:ec0 4611686019135190040       /nix/store/gpxl5qgg8kicmcvivwmybwjlpf7wh20l-graalvm17-ce-22.3.0/lib/libjvmcicompiler.so
7fa98205d000-7fa982444000 r--p 01d7f000 00:ec0 4611686019135190040       /nix/store/gpxl5qgg8kicmcvivwmybwjlpf7wh20l-graalvm17-ce-22.3.0/lib/libjvmcicompiler.so
7fa982500000-7fa982504000 ---p 00000000 00:00 0 
7fa982504000-7fa982600000 rw-p 00000000 00:00 0 
7fa982700000-7fa982704000 ---p 00000000 00:00 0 
7fa982704000-7fa982800000 rw-p 00000000 00:00 0 
7fa982900000-7fa982904000 ---p 00000000 00:00 0 
7fa982904000-7fa982a00000 rw-p 00000000 00:00 0 
7fa982a00000-7fa982a04000 ---p 00000000 00:00 0 
7fa982a04000-7fa982b00000 rw-p 00000000 00:00 0 
7fa982b00000-7fa982b04000 ---p 00000000 00:00 0 
7fa982b04000-7fa982c00000 rw-p 00000000 00:00 0 
7fa982d00000-7fa982d04000 ---p 00000000 00:00 0 
7fa982d04000-7fa982e00000 rw-p 00000000 00:00 0 
7fa983a68000-7fa983f00000 rw-p 00000000 00:00 0 
7fa984000000-7fa984021000 rw-p 00000000 00:00 0 
7fa984021000-7fa988000000 ---p 00000000 00:00 0 
7fa988000000-7fa988021000 rw-p 00000000 00:00 0 
7fa988021000-7fa98c000000 ---p 00000000 00:00 0 
7fa98c000000-7fa98c021000 rw-p 00000000 00:00 0 
7fa98c021000-7fa990000000 ---p 00000000 00:00 0 
7fa990000000-7fa990021000 rw-p 00000000 00:00 0 
7fa990021000-7fa994000000 ---p 00000000 00:00 0 
7fa994000000-7fa9940d0000 rw-p 00000000 00:00 0 
7fa9940d0000-7fa998000000 ---p 00000000 00:00 0 
7fa998000000-7fa998b17000 rw-p 00000000 00:00 0 
7fa998b17000-7fa99c000000 ---p 00000000 00:00 0 
7fa99c000000-7fa99c021000 rw-p 00000000 00:00 0 
7fa99c021000-7fa9a0000000 ---p 00000000 00:00 0 
7fa9a0000000-7fa9a0021000 rw-p 00000000 00:00 0 
7fa9a0021000-7fa9a4000000 ---p 00000000 00:00 0 
7fa9a4000000-7fa9a4021000 rw-p 00000000 00:00 0 
7fa9a4021000-7fa9a8000000 ---p 00000000 00:00 0 
7fa9a8000000-7fa9a8021000 rw-p 00000000 00:00 0 
7fa9a8021000-7fa9ac000000 ---p 00000000 00:00 0 
7fa9ac000000-7fa9ac021000 rw-p 00000000 00:00 0 
7fa9ac021000-7fa9b0000000 ---p 00000000 00:00 0 
7fa9b0000000-7fa9b0021000 rw-p 00000000 00:00 0 
7fa9b0021000-7fa9b4000000 ---p 00000000 00:00 0 
7fa9b4000000-7fa9b403d000 rw-p 00000000 00:00 0 
7fa9b403d000-7fa9b8000000 ---p 00000000 00:00 0 
7fa9b8100000-7fa9b8104000 ---p 00000000 00:00 0 
7fa9b8104000-7fa9b8200000 rw-p 00000000 00:00 0 
7fa9b8200000-7fa9b8204000 ---p 00000000 00:00 0 
7fa9b8204000-7fa9b8300000 rw-p 00000000 00:00 0 
7fa9b8300000-7fa9b8304000 ---p 00000000 00:00 0 
7fa9b8304000-7fa9b8400000 rw-p 00000000 00:00 0 
7fa9b8400000-7fa9b8404000 ---p 00000000 00:00 0 
7fa9b8404000-7fa9b8500000 rw-p 00000000 00:00 0 
7fa9b8500000-7fa9b8504000 ---p 00000000 00:00 0 
7fa9b8504000-7fa9b8600000 rw-p 00000000 00:00 0 
7fa9b8600000-7fa9b8604000 ---p 00000000 00:00 0 
7fa9b8604000-7fa9b8700000 rw-p 00000000 00:00 0 
7fa9b8700000-7fa9b8704000 ---p 00000000 00:00 0 
7fa9b8704000-7fa9b8800000 rw-p 00000000 00:00 0 
7fa9b8800000-7fa9b8804000 ---p 00000000 00:00 0 
7fa9b8804000-7fa9b8900000 rw-p 00000000 00:00 0 
7fa9b8900000-7fa9b8904000 ---p 00000000 00:00 0 
7fa9b8904000-7fa9b8a00000 rw-p 00000000 00:00 0 
7fa9b8b00000-7fa9b8b04000 ---p 00000000 00:00 0 
7fa9b8b04000-7fa9b8c00000 rw-p 00000000 00:00 0 
7fa9b8d00000-7fa9b8d04000 ---p 00000000 00:00 0 
7fa9b8d04000-7fa9b8e00000 rw-p 00000000 00:00 0 
7fa9b8e00000-7fa9baf6a000 r-xp 00000000 00:ec0 4611686019135190040       /nix/store/gpxl5qgg8kicmcvivwmybwjlpf7wh20l-graalvm17-ce-22.3.0/lib/libjvmcicompiler.so
7fa9baf6a000-7fa9bb169000 ---p 0216a000 00:ec0 4611686019135190040       /nix/store/gpxl5qgg8kicmcvivwmybwjlpf7wh20l-graalvm17-ce-22.3.0/lib/libjvmcicompiler.so
7fa9bb169000-7fa9bb16a000 r--p 02169000 00:ec0 4611686019135190040       /nix/store/gpxl5qgg8kicmcvivwmybwjlpf7wh20l-graalvm17-ce-22.3.0/lib/libjvmcicompiler.so
7fa9bb16a000-7fa9bb16c000 rw-p 0216a000 00:ec0 4611686019135190040       /nix/store/gpxl5qgg8kicmcvivwmybwjlpf7wh20l-graalvm17-ce-22.3.0/lib/libjvmcicompiler.so
7fa9bb16c000-7fa9bb16d000 rw-p 00000000 00:00 0 
7fa9bb16d000-7fa9bb172000 rw-p 023c3000 00:ec0 4611686019135190040       /nix/store/gpxl5qgg8kicmcvivwmybwjlpf7wh20l-graalvm17-ce-22.3.0/lib/libjvmcicompiler.so
7fa9bb1b1000-7fa9bb1b2000 ---p 00000000 00:00 0 
7fa9bb1b2000-7fa9bb2b3000 rw-p 00000000 00:00 0 
7fa9bb2b3000-7fa9bb2b7000 ---p 00000000 00:00 0 
7fa9bb2b7000-7fa9bb3b3000 rw-p 00000000 00:00 0 
7fa9bb3b3000-7fa9bb3b7000 ---p 00000000 00:00 0 
7fa9bb3b7000-7fa9bb4b3000 rw-p 00000000 00:00 0 
7fa9bb4b3000-7fa9bb723000 rwxp 00000000 00:00 0 
7fa9bb723000-7fa9bba42000 ---p 00000000 00:00 0 
7fa9bba42000-7fa9bc9f2000 rwxp 00000000 00:00 0 
7fa9bc9f2000-7fa9c2f7a000 ---p 00000000 00:00 0 
7fa9c2f7a000-7fa9c31fa000 rwxp 00000000 00:00 0 
7fa9c31fa000-7fa9ca4b3000 ---p 00000000 00:00 0 
7fa9ca4b3000-7fa9d4000000 r--s 00000000 00:ec0 4611686019135192581       /nix/store/gpxl5qgg8kicmcvivwmybwjlpf7wh20l-graalvm17-ce-22.3.0/lib/modules
7fa9d4000000-7fa9d4401000 rw-p 00000000 00:00 0 
7fa9d4401000-7fa9d8000000 ---p 00000000 00:00 0 
7fa9d801a000-7fa9d801e000 ---p 00000000 00:00 0 
7fa9d801e000-7fa9d811a000 rw-p 00000000 00:00 0 
7fa9d811a000-7fa9d811e000 ---p 00000000 00:00 0 
7fa9d811e000-7fa9d831a000 rw-p 00000000 00:00 0 
7fa9d831a000-7fa9d831e000 ---p 00000000 00:00 0 
7fa9d831e000-7fa9d851a000 rw-p 00000000 00:00 0 
7fa9d851a000-7fa9d851e000 ---p 00000000 00:00 0 
7fa9d851e000-7fa9d861a000 rw-p 00000000 00:00 0 
7fa9d861a000-7fa9d861e000 ---p 00000000 00:00 0 
7fa9d861e000-7fa9d871a000 rw-p 00000000 00:00 0 
7fa9d871a000-7fa9d871e000 ---p 00000000 00:00 0 
7fa9d871e000-7fa9d881a000 rw-p 00000000 00:00 0 
7fa9d881a000-7fa9d8b00000 r--p 00000000 00:2bf 28444448                  /usr/lib/locale/locale-archive
7fa9d8b00000-7fa9d8b04000 ---p 00000000 00:00 0 
7fa9d8b04000-7fa9d8ff0000 rw-p 00000000 00:00 0 
7fa9d8ff0000-7fa9d92f0000 rw-p 00000000 00:00 0 
7fa9d92f0000-7fa9d9400000 rw-p 00000000 00:00 0 
7fa9d9418000-7fa9d941c000 ---p 00000000 00:00 0 
7fa9d941c000-7fa9d943a000 rw-p 00000000 00:00 0 
7fa9d943a000-7fa9d9441000 r-xp 00000000 00:ec0 4611686019135192580       /nix/store/gpxl5qgg8kicmcvivwmybwjlpf7wh20l-graalvm17-ce-22.3.0/lib/libzip.so
7fa9d9441000-7fa9d9442000 ---p 00007000 00:ec0 4611686019135192580       /nix/store/gpxl5qgg8kicmcvivwmybwjlpf7wh20l-graalvm17-ce-22.3.0/lib/libzip.so
7fa9d9442000-7fa9d9443000 r--p 00007000 00:ec0 4611686019135192580       /nix/store/gpxl5qgg8kicmcvivwmybwjlpf7wh20l-graalvm17-ce-22.3.0/lib/libzip.so
7fa9d9443000-7fa9d9444000 rw-p 00008000 00:ec0 4611686019135192580       /nix/store/gpxl5qgg8kicmcvivwmybwjlpf7wh20l-graalvm17-ce-22.3.0/lib/libzip.so
7fa9d9444000-7fa9d9446000 rw-p 0000b000 00:ec0 4611686019135192580       /nix/store/gpxl5qgg8kicmcvivwmybwjlpf7wh20l-graalvm17-ce-22.3.0/lib/libzip.so
7fa9d9446000-7fa9d945b000 r-xp 00000000 00:ec0 4611686019135192570       /nix/store/gpxl5qgg8kicmcvivwmybwjlpf7wh20l-graalvm17-ce-22.3.0/lib/libnet.so
7fa9d945b000-7fa9d945c000 ---p 00015000 00:ec0 4611686019135192570       /nix/store/gpxl5qgg8kicmcvivwmybwjlpf7wh20l-graalvm17-ce-22.3.0/lib/libnet.so
7fa9d945c000-7fa9d945d000 r--p 00015000 00:ec0 4611686019135192570       /nix/store/gpxl5qgg8kicmcvivwmybwjlpf7wh20l-graalvm17-ce-22.3.0/lib/libnet.so
7fa9d945d000-7fa9d945e000 rw-p 00016000 00:ec0 4611686019135192570       /nix/store/gpxl5qgg8kicmcvivwmybwjlpf7wh20l-graalvm17-ce-22.3.0/lib/libnet.so
7fa9d945e000-7fa9d9461000 rw-p 0001b000 00:ec0 4611686019135192570       /nix/store/gpxl5qgg8kicmcvivwmybwjlpf7wh20l-graalvm17-ce-22.3.0/lib/libnet.so
7fa9d9461000-7fa9d9474000 r-xp 00000000 00:ec0 4611686019135192571       /nix/store/gpxl5qgg8kicmcvivwmybwjlpf7wh20l-graalvm17-ce-22.3.0/lib/libnio.so
7fa9d9474000-7fa9d9475000 r--p 00012000 00:ec0 4611686019135192571       /nix/store/gpxl5qgg8kicmcvivwmybwjlpf7wh20l-graalvm17-ce-22.3.0/lib/libnio.so
7fa9d9475000-7fa9d9476000 rw-p 00013000 00:ec0 4611686019135192571       /nix/store/gpxl5qgg8kicmcvivwmybwjlpf7wh20l-graalvm17-ce-22.3.0/lib/libnio.so
7fa9d9476000-7fa9d947b000 rw-p 00019000 00:ec0 4611686019135192571       /nix/store/gpxl5qgg8kicmcvivwmybwjlpf7wh20l-graalvm17-ce-22.3.0/lib/libnio.so
7fa9d947b000-7fa9d947f000 ---p 00000000 00:00 0 
7fa9d947f000-7fa9d957b000 rw-p 00000000 00:00 0 
7fa9d957b000-7fa9d957c000 ---p 00000000 00:00 0 
7fa9d957c000-7fa9d967d000 rw-p 00000000 00:00 0 
7fa9d967d000-7fa9d974b000 r-xp 00000000 00:ec0 4611686019135190036       /nix/store/gpxl5qgg8kicmcvivwmybwjlpf7wh20l-graalvm17-ce-22.3.0/lib/libjsvml.so
7fa9d974b000-7fa9d974c000 r--p 000cd000 00:ec0 4611686019135190036       /nix/store/gpxl5qgg8kicmcvivwmybwjlpf7wh20l-graalvm17-ce-22.3.0/lib/libjsvml.so
7fa9d974c000-7fa9d974d000 rw-p 000ce000 00:ec0 4611686019135190036       /nix/store/gpxl5qgg8kicmcvivwmybwjlpf7wh20l-graalvm17-ce-22.3.0/lib/libjsvml.so
7fa9d974d000-7fa9db025000 rw-p 00000000 00:00 0 
7fa9db025000-7fa9db026000 ---p 00000000 00:00 0 
7fa9db026000-7fa9db1ba000 rw-p 00000000 00:00 0 
7fa9db1ba000-7fa9db1e4000 rw-p 00000000 00:00 0 
7fa9db1e4000-7fa9db227000 ---p 00000000 00:00 0 
7fa9db227000-7fa9db22d000 rw-p 00000000 00:00 0 
7fa9db22d000-7fa9db313000 ---p 00000000 00:00 0 
7fa9db313000-7fa9db333000 rw-p 00000000 00:00 0 
7fa9db333000-7fa9db3fe000 ---p 00000000 00:00 0 
7fa9db3fe000-7fa9db403000 rw-p 00000000 00:00 0 
7fa9db403000-7fa9db40a000 ---p 00000000 00:00 0 
7fa9db40a000-7fa9db42e000 r-xp 00000000 00:ec0 4611686019135190028       /nix/store/gpxl5qgg8kicmcvivwmybwjlpf7wh20l-graalvm17-ce-22.3.0/lib/libjava.so
7fa9db42e000-7fa9db42f000 ---p 00024000 00:ec0 4611686019135190028       /nix/store/gpxl5qgg8kicmcvivwmybwjlpf7wh20l-graalvm17-ce-22.3.0/lib/libjava.so
7fa9db42f000-7fa9db430000 r--p 00024000 00:ec0 4611686019135190028       /nix/store/gpxl5qgg8kicmcvivwmybwjlpf7wh20l-graalvm17-ce-22.3.0/lib/libjava.so
7fa9db430000-7fa9db431000 rw-p 00025000 00:ec0 4611686019135190028       /nix/store/gpxl5qgg8kicmcvivwmybwjlpf7wh20l-graalvm17-ce-22.3.0/lib/libjava.so
7fa9db431000-7fa9db432000 rw-p 00000000 00:00 0 
7fa9db432000-7fa9db439000 rw-p 0002f000 00:ec0 4611686019135190028       /nix/store/gpxl5qgg8kicmcvivwmybwjlpf7wh20l-graalvm17-ce-22.3.0/lib/libjava.so
7fa9db439000-7fa9db441000 rw-s 00000000 00:20c 660                       /tmp/hsperfdata_runner/11308
7fa9db441000-7fa9db442000 ---p 00000000 00:00 0 
7fa9db442000-7fa9db443000 r--p 00000000 00:00 0 
7fa9db443000-7fa9db444000 rwxp 00000000 00:00 0 
7fa9db444000-7fa9db45f000 r-xp 00000000 00:ec0 4611686019135190032       /nix/store/gpxl5qgg8kicmcvivwmybwjlpf7wh20l-graalvm17-ce-22.3.0/lib/libjimage.so
7fa9db45f000-7fa9db460000 ---p 0001b000 00:ec0 4611686019135190032       /nix/store/gpxl5qgg8kicmcvivwmybwjlpf7wh20l-graalvm17-ce-22.3.0/lib/libjimage.so
7fa9db460000-7fa9db462000 r--p 0001b000 00:ec0 4611686019135190032       /nix/store/gpxl5qgg8kicmcvivwmybwjlpf7wh20l-graalvm17-ce-22.3.0/lib/libjimage.so
7fa9db462000-7fa9db463000 rw-p 0001d000 00:ec0 4611686019135190032       /nix/store/gpxl5qgg8kicmcvivwmybwjlpf7wh20l-graalvm17-ce-22.3.0/lib/libjimage.so
7fa9db463000-7fa9db464000 rw-p 00024000 00:ec0 4611686019135190032       /nix/store/gpxl5qgg8kicmcvivwmybwjlpf7wh20l-graalvm17-ce-22.3.0/lib/libjimage.so
7fa9db464000-7fa9db468000 ---p 00000000 00:00 0 
7fa9db468000-7fa9db564000 rw-p 00000000 00:00 0 
7fa9db564000-7fa9db572000 r--p 00000000 00:ec0 4611686019027979927       /nix/store/4nlgxhb09sdr51nc9hdm8az5b08vzkgx-glibc-2.35-163/lib/libm.so.6
7fa9db572000-7fa9db5e5000 r-xp 0000e000 00:ec0 4611686019027979927       /nix/store/4nlgxhb09sdr51nc9hdm8az5b08vzkgx-glibc-2.35-163/lib/libm.so.6
7fa9db5e5000-7fa9db642000 r--p 00081000 00:ec0 4611686019027979927       /nix/store/4nlgxhb09sdr51nc9hdm8az5b08vzkgx-glibc-2.35-163/lib/libm.so.6
7fa9db642000-7fa9db643000 r--p 000dd000 00:ec0 4611686019027979927       /nix/store/4nlgxhb09sdr51nc9hdm8az5b08vzkgx-glibc-2.35-163/lib/libm.so.6
7fa9db643000-7fa9db644000 rw-p 000de000 00:ec0 4611686019027979927       /nix/store/4nlgxhb09sdr51nc9hdm8az5b08vzkgx-glibc-2.35-163/lib/libm.so.6
7fa9db644000-7fa9db645000 r--p 00000000 00:ec0 4611686019027979946       /nix/store/4nlgxhb09sdr51nc9hdm8az5b08vzkgx-glibc-2.35-163/lib/librt.so.1
7fa9db645000-7fa9db646000 r-xp 00001000 00:ec0 4611686019027979946       /nix/store/4nlgxhb09sdr51nc9hdm8az5b08vzkgx-glibc-2.35-163/lib/librt.so.1
7fa9db646000-7fa9db647000 r--p 00002000 00:ec0 4611686019027979946       /nix/store/4nlgxhb09sdr51nc9hdm8az5b08vzkgx-glibc-2.35-163/lib/librt.so.1
7fa9db647000-7fa9db648000 r--p 00002000 00:ec0 4611686019027979946       /nix/store/4nlgxhb09sdr51nc9hdm8az5b08vzkgx-glibc-2.35-163/lib/librt.so.1
7fa9db648000-7fa9db649000 rw-p 00003000 00:ec0 4611686019027979946       /nix/store/4nlgxhb09sdr51nc9hdm8az5b08vzkgx-glibc-2.35-163/lib/librt.so.1
7fa9db649000-7fa9dc75c000 r-xp 00000000 00:ec0 4611686019135360866       /nix/store/gpxl5qgg8kicmcvivwmybwjlpf7wh20l-graalvm17-ce-22.3.0/lib/server/libjvm.so
7fa9dc75c000-7fa9dc75d000 ---p 01113000 00:ec0 4611686019135360866       /nix/store/gpxl5qgg8kicmcvivwmybwjlpf7wh20l-graalvm17-ce-22.3.0/lib/server/libjvm.so
7fa9dc75d000-7fa9dc812000 r--p 01113000 00:ec0 4611686019135360866       /nix/store/gpxl5qgg8kicmcvivwmybwjlpf7wh20l-graalvm17-ce-22.3.0/lib/server/libjvm.so
7fa9dc812000-7fa9dc846000 rw-p 011c8000 00:ec0 4611686019135360866       /nix/store/gpxl5qgg8kicmcvivwmybwjlpf7wh20l-graalvm17-ce-22.3.0/lib/server/libjvm.so
7fa9dc846000-7fa9dc8a2000 rw-p 00000000 00:00 0 
7fa9dc8a2000-7fa9dc8ca000 r--p 00000000 00:ec0 4611686019027979918       /nix/store/4nlgxhb09sdr51nc9hdm8az5b08vzkgx-glibc-2.35-163/lib/libc.so.6
7fa9dc8ca000-7fa9dca40000 r-xp 00028000 00:ec0 4611686019027979918       /nix/store/4nlgxhb09sdr51nc9hdm8az5b08vzkgx-glibc-2.35-163/lib/libc.so.6
7fa9dca40000-7fa9dca98000 r--p 0019e000 00:ec0 4611686019027979918       /nix/store/4nlgxhb09sdr51nc9hdm8az5b08vzkgx-glibc-2.35-163/lib/libc.so.6
7fa9dca98000-7fa9dca9c000 r--p 001f6000 00:ec0 4611686019027979918       /nix/store/4nlgxhb09sdr51nc9hdm8az5b08vzkgx-glibc-2.35-163/lib/libc.so.6
7fa9dca9c000-7fa9dca9e000 rw-p 001fa000 00:ec0 4611686019027979918       /nix/store/4nlgxhb09sdr51nc9hdm8az5b08vzkgx-glibc-2.35-163/lib/libc.so.6
7fa9dca9e000-7fa9dcaad000 rw-p 00000000 00:00 0 
7fa9dcaad000-7fa9dcaae000 r--p 00000000 00:ec0 4611686019027979923       /nix/store/4nlgxhb09sdr51nc9hdm8az5b08vzkgx-glibc-2.35-163/lib/libdl.so.2
7fa9dcaae000-7fa9dcaaf000 r-xp 00001000 00:ec0 4611686019027979923       /nix/store/4nlgxhb09sdr51nc9hdm8az5b08vzkgx-glibc-2.35-163/lib/libdl.so.2
7fa9dcaaf000-7fa9dcab0000 r--p 00002000 00:ec0 4611686019027979923       /nix/store/4nlgxhb09sdr51nc9hdm8az5b08vzkgx-glibc-2.35-163/lib/libdl.so.2
7fa9dcab0000-7fa9dcab1000 r--p 00002000 00:ec0 4611686019027979923       /nix/store/4nlgxhb09sdr51nc9hdm8az5b08vzkgx-glibc-2.35-163/lib/libdl.so.2
7fa9dcab1000-7fa9dcab2000 rw-p 00003000 00:ec0 4611686019027979923       /nix/store/4nlgxhb09sdr51nc9hdm8az5b08vzkgx-glibc-2.35-163/lib/libdl.so.2
7fa9dcab2000-7fa9dcab3000 r--p 00000000 00:ec0 4611686019027979942       /nix/store/4nlgxhb09sdr51nc9hdm8az5b08vzkgx-glibc-2.35-163/lib/libpthread.so.0
7fa9dcab3000-7fa9dcab4000 r-xp 00001000 00:ec0 4611686019027979942       /nix/store/4nlgxhb09sdr51nc9hdm8az5b08vzkgx-glibc-2.35-163/lib/libpthread.so.0
7fa9dcab4000-7fa9dcab5000 r--p 00002000 00:ec0 4611686019027979942       /nix/store/4nlgxhb09sdr51nc9hdm8az5b08vzkgx-glibc-2.35-163/lib/libpthread.so.0
7fa9dcab5000-7fa9dcab6000 r--p 00002000 00:ec0 4611686019027979942       /nix/store/4nlgxhb09sdr51nc9hdm8az5b08vzkgx-glibc-2.35-163/lib/libpthread.so.0
7fa9dcab6000-7fa9dcab7000 rw-p 00003000 00:ec0 4611686019027979942       /nix/store/4nlgxhb09sdr51nc9hdm8az5b08vzkgx-glibc-2.35-163/lib/libpthread.so.0
7fa9dcab7000-7fa9dcac5000 r-xp 00000000 00:ec0 4611686019135190033       /nix/store/gpxl5qgg8kicmcvivwmybwjlpf7wh20l-graalvm17-ce-22.3.0/lib/libjli.so
7fa9dcac5000-7fa9dcac6000 ---p 0000e000 00:ec0 4611686019135190033       /nix/store/gpxl5qgg8kicmcvivwmybwjlpf7wh20l-graalvm17-ce-22.3.0/lib/libjli.so
7fa9dcac6000-7fa9dcac7000 r--p 0000e000 00:ec0 4611686019135190033       /nix/store/gpxl5qgg8kicmcvivwmybwjlpf7wh20l-graalvm17-ce-22.3.0/lib/libjli.so
7fa9dcac7000-7fa9dcac8000 rw-p 0000f000 00:ec0 4611686019135190033       /nix/store/gpxl5qgg8kicmcvivwmybwjlpf7wh20l-graalvm17-ce-22.3.0/lib/libjli.so
7fa9dcac8000-7fa9dcac9000 rw-p 00012000 00:ec0 4611686019135190033       /nix/store/gpxl5qgg8kicmcvivwmybwjlpf7wh20l-graalvm17-ce-22.3.0/lib/libjli.so
7fa9dcac9000-7fa9dcacc000 r--p 00000000 00:ec0 4611686019106210071       /nix/store/026hln0aq1hyshaxsdvhg0kmcm6yf45r-zlib-1.2.13/lib/libz.so.1.2.13
7fa9dcacc000-7fa9dcade000 r-xp 00003000 00:ec0 4611686019106210071       /nix/store/026hln0aq1hyshaxsdvhg0kmcm6yf45r-zlib-1.2.13/lib/libz.so.1.2.13
7fa9dcade000-7fa9dcae5000 r--p 00015000 00:ec0 4611686019106210071       /nix/store/026hln0aq1hyshaxsdvhg0kmcm6yf45r-zlib-1.2.13/lib/libz.so.1.2.13
7fa9dcae5000-7fa9dcae6000 r--p 0001b000 00:ec0 4611686019106210071       /nix/store/026hln0aq1hyshaxsdvhg0kmcm6yf45r-zlib-1.2.13/lib/libz.so.1.2.13
7fa9dcae6000-7fa9dcae7000 rw-p 0001c000 00:ec0 4611686019106210071       /nix/store/026hln0aq1hyshaxsdvhg0kmcm6yf45r-zlib-1.2.13/lib/libz.so.1.2.13
7fa9dcae7000-7fa9dcae9000 rw-p 00000000 00:00 0 
7fa9dcae9000-7fa9dcaeb000 r--p 00000000 00:ec0 4611686019027979912       /nix/store/4nlgxhb09sdr51nc9hdm8az5b08vzkgx-glibc-2.35-163/lib/ld-linux-x86-64.so.2
7fa9dcaeb000-7fa9dcb12000 r-xp 00002000 00:ec0 4611686019027979912       /nix/store/4nlgxhb09sdr51nc9hdm8az5b08vzkgx-glibc-2.35-163/lib/ld-linux-x86-64.so.2
7fa9dcb12000-7fa9dcb1e000 r--p 00029000 00:ec0 4611686019027979912       /nix/store/4nlgxhb09sdr51nc9hdm8az5b08vzkgx-glibc-2.35-163/lib/ld-linux-x86-64.so.2
7fa9dcb1e000-7fa9dcb20000 r--p 00034000 00:ec0 4611686019027979912       /nix/store/4nlgxhb09sdr51nc9hdm8az5b08vzkgx-glibc-2.35-163/lib/ld-linux-x86-64.so.2
7fa9dcb20000-7fa9dcb22000 rw-p 00036000 00:ec0 4611686019027979912       /nix/store/4nlgxhb09sdr51nc9hdm8az5b08vzkgx-glibc-2.35-163/lib/ld-linux-x86-64.so.2
7ffe908b8000-7ffe908dc000 rw-p 00000000 00:00 0                          [stack]
7ffe909a1000-7ffe909a5000 r--p 00000000 00:00 0                          [vvar]
7ffe909a5000-7ffe909a7000 r-xp 00000000 00:00 0                          [vdso]
ffffffffff600000-ffffffffff601000 --xp 00000000 00:00 0                  [vsyscall]


VM Arguments:
jvm_args: -XX:ThreadPriorityPolicy=1 -XX:+UnlockExperimentalVMOptions -XX:+EnableJVMCIProduct -XX:JVMCIThreadsPerNativeLibraryRuntime=1 -XX:-UnlockExperimentalVMOptions -Declipse.application=org.eclipse.jdt.ls.core.id1 -Dosgi.bundles.defaultStartLevel=4 -Declipse.product=org.eclipse.jdt.ls.core.product -Dlog.level=ALL -Xverify:none -XX:+UseParallelGC -XX:GCTimeRatio=4 -XX:AdaptiveSizePolicyWeight=90 -Dsun.zip.disableMemoryMapping=true -Xmx512m -Xms100m 
java_command: /nix/store/m6gcpi1ii6rghy04cjwjddcavv7i90df-jdt-language-server-1.9.0/share/java/plugins/org.eclipse.equinox.launcher_1.6.400.v20210924-0641.jar --add-modules=ALL-SYSTEM --add-opens java.base/java.util=ALL-UNNAMED --add-opens java.base/java.lang=ALL-UNNAMED -configuration /home/runner/.cache/jdt-language-server/config -data /home/runner/.cache/jdt-language-server/data/home/runner/NeuralNetwork
java_class_path (initial): /nix/store/m6gcpi1ii6rghy04cjwjddcavv7i90df-jdt-language-server-1.9.0/share/java/plugins/org.eclipse.equinox.launcher_1.6.400.v20210924-0641.jar
Launcher Type: SUN_STANDARD

[Global flags]
    uintx AdaptiveSizePolicyWeight                 = 90                                        {product} {command line}
     intx CICompilerCount                          = 2                                         {product} {ergonomic}
     bool EnableJVMCIProduct                       = true                                {JVMCI product} {jimage}
    uintx GCTimeRatio                              = 4                                         {product} {command line}
   size_t InitialHeapSize                          = 104857600                                 {product} {command line}
     uint JVMCIThreadsPerNativeLibraryRuntime      = 1                                   {JVMCI product} {jimage}
   size_t MaxHeapSize                              = 536870912                                 {product} {command line}
   size_t MaxNewSize                               = 178782208                                 {product} {ergonomic}
   size_t MinHeapDeltaBytes                        = 524288                                    {product} {ergonomic}
   size_t MinHeapSize                              = 104857600                                 {product} {command line}
   size_t NewSize                                  = 34603008                                  {product} {ergonomic}
    uintx NonNMethodCodeHeapSize                   = 5826188                                {pd product} {ergonomic}
    uintx NonProfiledCodeHeapSize                  = 122916026                              {pd product} {ergonomic}
   size_t OldSize                                  = 70254592                                  {product} {ergonomic}
    uintx ProfiledCodeHeapSize                     = 122916026                              {pd product} {ergonomic}
    uintx ReservedCodeCacheSize                    = 251658240                              {pd product} {ergonomic}
     bool SegmentedCodeCache                       = true                                      {product} {ergonomic}
   size_t SoftMaxHeapSize                          = 536870912                              {manageable} {ergonomic}
     intx ThreadPriorityPolicy                     = 1                                         {product} {jimage}
     bool UseCompressedClassPointers               = true                           {product lp64_product} {ergonomic}
     bool UseCompressedOops                        = true                           {product lp64_product} {ergonomic}
     bool UseParallelGC                            = true                                      {product} {command line}

Logging:
Log output configuration:
 #0: stdout all=warning uptime,level,tags
 #1: stderr all=off uptime,level,tags

Environment Variables:
JAVA_HOME=/nix/store/gpxl5qgg8kicmcvivwmybwjlpf7wh20l-graalvm17-ce-22.3.0
PATH=/nix/store/1d6ian3r8kdzspw8hacjhl3xkp40g1lj-binutils-wrapper-2.39/bin:/nix/store/dq0xwmsk1g0i2ayg6pb7y87na2knzylh-gcc-wrapper-11.3.0/bin:/nix/store/bap4d0lpcrhpwmpb8ayjcgkmvfj62lnq-bash-interactive-5.1-p16/bin:/nix/store/pr5n59mb4jzmfx6kanwxly0l07p861fg-patchelf-0.15.0/bin:/nix/store/1gf2flfqnpqbr1b4p4qz2f72y42bs56r-gcc-11.3.0/bin:/nix/store/57xv61c5zi8pphjbcwxxjlgc34p61ic9-glibc-2.35-163-bin/bin:/nix/store/a7gvj343m05j2s32xcnwr35v31ynlypr-coreutils-9.1/bin:/nix/store/039g378vc3pc3dvi9dzdlrd0i4q93qwf-binutils-2.39/bin:/nix/store/gpxl5qgg8kicmcvivwmybwjlpf7wh20l-graalvm17-ce-22.3.0/bin:/nix/store/6z9ag3ihc8mq2hzsw48lhbznvzny65nz-apache-maven-3.8.6/bin:/nix/store/m6gcpi1ii6rghy04cjwjddcavv7i90df-jdt-language-server-1.9.0/bin:/nix/store/84xs5alhs01zrbr4ywm05kxbjbp5590l-java-debug/bin:/nix/store/mydc6f4k2z73xlcz7ilif3v2lcaiqvza-findutils-4.9.0/bin:/nix/store/j9p3g8472iijd50vhdprx0nmk2fqn5gv-diffutils-3.8/bin:/nix/store/89zs7rms6x00xfq4dq6m7mjnhkr8a6r4-gnused-4.8/bin:/nix/store/86bp03jkmsl6f92w0yzg4s59g5mhxwmy-gnugrep-3.7/bin:/nix/store/hwcdqw4jrjnd37wxqgsd47hd0j8bnj09-gawk-5.1.1/bin:/nix/store/cfbhw8r8ags41vwqaz47r583d0p4h4a1-gnutar-1.34/bin:/nix/store/p3m1ndl1lapwrlh698bnb5lvvxh67378-gzip-1.12/bin:/nix/store/a8mhcagrsly7c7mpjrpsnaahk4aax056-bzip2-1.0.8-bin/bin:/nix/store/mblgz65m3zv9x548a3d5m96fj2pbwr09-gnumake-4.3/bin:/nix/store/dsd5gz46hdbdk2rfdimqddhq6m8m8fqs-bash-5.1-p16/bin:/nix/store/v7ljksji50mg3w61dykaa3n3y79n6nil-patch-2.7.6/bin:/nix/store/zlcnmqq14jz5x9439jf937mvayyl63da-xz-5.2.7-bin/bin:/nix/store/y6aj732zm9m87c82fpvf103a1xb22blp-file-5.43/bin:/nix/store/i4kzir3m7mrisxmf5xvlnkw01x4qaqr4-prybar-elisp-0.0.0-e0d9a52/bin:/nix/store/lwwivxf6h7x3cvxp9zv8sj0mv7dak99r-prybar-lua-0.0.0-e0d9a52/bin:/nix/store/gxj28g1cg4hq3qanmjv07156h800qr58-prybar-python3-0.0.0-e0d9a52/bin:/nix/store/hshkjnxrgidigf8x75vg6lqng2xlx9i3-prybar-sqlite-0.0.0-e0d9a52/bin:/nix/store/c4w01bpjgyy5ixmwdk8m1pw87zq4sl26-prybar-tcl-0.0.0-e0d9a52/bin:/nix/store/hpbvrlwd5viqmvcaisb3x0118i913a9n-st
LD_LIBRARY_PATH=/nix/store/a4pff549sk2idnkpzk5nsfps3mdkdnvm-cups-2.4.2-lib/lib:/nix/store/72mqxxhh3cy5yifh92wh2yb8cl2hikyy-cairo-1.16.0/lib:/nix/store/2k366jrbsra97gjfxwvrhvixjfxdach5-glib-2.74.1/lib:/nix/store/2j2znigd8ak37rlwh9khz0ry3clqlw1l-gtk+3-3.24.34/lib:/nix/store/hisqvx32cd57apbpcsnkpx6k3549wql1-libglvnd-1.4.0/lib:/nix/store/p36pgcv991mq5srvg765b78yqpxvk3qs-mesa-21.3.3-drivers/lib:/nix/store/mav4251if1ahjq5vkpwycyyvnmy459c4-pulseaudio-14.2/lib
DISPLAY=:0
LANG=en_US.UTF-8

Signal Handlers:
   SIGSEGV: crash_handler in libjvm.so, mask=11100100010111111101111111111110, flags=SA_RESTART|SA_SIGINFO
    SIGBUS: crash_handler in libjvm.so, mask=11100100010111111101111111111110, flags=SA_RESTART|SA_SIGINFO
    SIGFPE: crash_handler in libjvm.so, mask=11100100010111111101111111111110, flags=SA_RESTART|SA_SIGINFO
   SIGPIPE: IsolateEnterStub_IgnoreSIGPIPEStartupHook_noopSignalHandler_8f19bff2f35b5f630d83b364d6b2339320d4ec70_216e8361c6bc87a8f89f58cc10d3b2fd4415bf87 in libjvmcicompiler.so, mask=00000000000000000000000000000000, flags=SA_RESTART
  *** Handler was modified!
  *** Expected: javaSignalHandler in libjvm.so, mask=11100100110111111111111111111110, flags=SA_RESTART|SA_SIGINFO
   SIGXFSZ: javaSignalHandler in libjvm.so, mask=11100100010111111101111111111110, flags=SA_RESTART|SA_SIGINFO
    SIGILL: crash_handler in libjvm.so, mask=11100100010111111101111111111110, flags=SA_RESTART|SA_SIGINFO
   SIGUSR2: SR_handler in libjvm.so, mask=00000000000000000000000000000000, flags=SA_RESTART|SA_SIGINFO
    SIGHUP: UserHandler in libjvm.so, mask=11100100010111111101111111111110, flags=SA_RESTART|SA_SIGINFO
    SIGINT: UserHandler in libjvm.so, mask=11100100010111111101111111111110, flags=SA_RESTART|SA_SIGINFO
   SIGTERM: UserHandler in libjvm.so, mask=11100100010111111101111111111110, flags=SA_RESTART|SA_SIGINFO
   SIGQUIT: UserHandler in libjvm.so, mask=11100100010111111101111111111110, flags=SA_RESTART|SA_SIGINFO
  *** Handler was modified!
  *** Expected: javaSignalHandler in libjvm.so, mask=11100100110111111111111111111110, flags=SA_RESTART|SA_SIGINFO
   SIGTRAP: crash_handler in libjvm.so, mask=11100100010111111101111111111110, flags=SA_RESTART|SA_SIGINFO


---------------  S Y S T E M  ---------------

OS:
DISTRIB_ID=Ubuntu
DISTRIB_RELEASE=20.04
DISTRIB_CODENAME=focal
DISTRIB_DESCRIPTION="Ubuntu 20.04.2 LTS"
uname: Linux 6.2.0-1011-gcp #11~22.04.1-Ubuntu SMP Wed Aug  2 05:19:58 UTC 2023 x86_64
OS uptime: 0 days 5:11 hours
libc: glibc 2.35 NPTL 2.35 
rlimit (soft/hard): STACK 8192k/infinity , CORE infinity/infinity , NPROC infinity/infinity , NOFILE 5242/5242 , AS infinity/infinity , CPU infinity/infinity , DATA infinity/infinity , FSIZE infinity/infinity , MEMLOCK 8192k/8192k
load average: 21.58 21.74 20.30

/proc/meminfo:
MemTotal:       65835952 kB
MemFree:         6924384 kB
MemAvailable:   39003380 kB
Buffers:         2943724 kB
Cached:         27499836 kB
SwapCached:            0 kB
Active:         13903760 kB
Inactive:       41373608 kB
Active(anon):      16208 kB
Inactive(anon): 24364300 kB
Active(file):   13887552 kB
Inactive(file): 17009308 kB
Unevictable:       28960 kB
Mlocked:           28960 kB
SwapTotal:             0 kB
SwapFree:              0 kB
Zswap:                 0 kB
Zswapped:              0 kB
Dirty:             32876 kB
Writeback:             0 kB
AnonPages:      23542920 kB
Mapped:          2548172 kB
Shmem:             20176 kB
KReclaimable:    1908588 kB
Slab:            2725672 kB
SReclaimable:    1908588 kB
SUnreclaim:       817084 kB
KernelStack:      211012 kB
PageTables:       297368 kB
SecPageTables:         0 kB
NFS_Unstable:          0 kB
Bounce:                0 kB
WritebackTmp:          0 kB
CommitLimit:    32917976 kB
Committed_AS:   86840020 kB
VmallocTotal:   34359738367 kB
VmallocUsed:      244872 kB
VmallocChunk:          0 kB
Percpu:            38560 kB
HardwareCorrupted:     0 kB
AnonHugePages:   2277376 kB
ShmemHugePages:        0 kB
ShmemPmdMapped:        0 kB
FileHugePages:         0 kB
FilePmdMapped:         0 kB
HugePages_Total:       0
HugePages_Free:        0
HugePages_Rsvd:        0
HugePages_Surp:        0
Hugepagesize:       2048 kB
Hugetlb:               0 kB
DirectMap4k:     1016632 kB
DirectMap2M:    46166016 kB
DirectMap1G:    22020096 kB

/sys/kernel/mm/transparent_hugepage/enabled: always [madvise] never
/sys/kernel/mm/transparent_hugepage/defrag (defrag/compaction efforts parameter): always defer defer+madvise [madvise] never

Process Memory:
Virtual Size: 4455492K (peak: 4492072K)
Resident Set Size: 724504K (peak: 759920K) (anon: 527672K, file: 196832K, shmem: 0K)
Swapped out: 0K
C-Heap outstanding allocations: 38709K, retained: 14034K
glibc malloc tunables: (default)

/proc/sys/kernel/threads-max (system-wide limit on the number of threads): 514277
/proc/sys/vm/max_map_count (maximum number of memory map areas a process may have): 65530
/proc/sys/kernel/pid_max (system-wide limit on number of process identifiers): 4194304

container (cgroup) information:
container_type: cgroupv1
cpu_cpuset_cpus: 2-7
cpu_memory_nodes: 0
active_processor_count: 1
cpu_quota: 50000
cpu_period: 100000
cpu_shares: 512
memory_limit_in_bytes: 1048576 k
memory_and_swap_limit_in_bytes: 1048576 k
memory_soft_limit_in_bytes: 524288 k
memory_usage_in_bytes: 578288 k
memory_max_usage_in_bytes: 1048576 k
maximum number of tasks: 1000
current number of tasks: 48

KVM virtualization detected
Steal ticks since vm start: 0
Steal ticks percentage since vm start:  0.000

CPU: total 8 (initial active 1) (8 cores per cpu, 2 threads per core) family 23 model 49 stepping 0 microcode 0xffffffff, cx8, cmov, fxsr, ht, mmx, 3dnowpref, sse, sse2, sse3, ssse3, sse4a, sse4.1, sse4.2, popcnt, lzcnt, tsc, tscinvbit, avx, avx2, aes, clmul, bmi1, bmi2, adx, sha, fma, vzeroupper, clflush, clflushopt, hv
CPU Model and flags from /proc/cpuinfo:
model name	: AMD EPYC 7B12
flags		: fpu vme de pse tsc msr pae mce cx8 apic sep mtrr pge mca cmov pat pse36 clflush mmx fxsr sse sse2 ht syscall nx mmxext fxsr_opt pdpe1gb rdtscp lm constant_tsc rep_good nopl nonstop_tsc cpuid extd_apicid tsc_known_freq pni pclmulqdq ssse3 fma cx16 sse4_1 sse4_2 movbe popcnt aes xsave avx f16c rdrand hypervisor lahf_lm cmp_legacy cr8_legacy abm sse4a misalignsse 3dnowprefetch osvw topoext ssbd ibrs ibpb stibp vmmcall fsgsbase tsc_adjust bmi1 avx2 smep bmi2 rdseed adx smap clflushopt clwb sha_ni xsaveopt xsavec xgetbv1 clzero xsaveerptr arat npt nrip_save umip rdpid

Online cpus: 0-7
Offline cpus: 
BIOS frequency limitation: <Not Available>
Frequency switch latency (ns): <Not Available>
Available cpu frequencies: <Not Available>
Current governor: <Not Available>
Core performance/turbo boost: <Not Available>

Memory: 4k page, physical 1048576k(470280k free), swap 0k(0k free)
Page Sizes: 4k

vm_info: OpenJDK 64-Bit Server VM (17.0.5+8-jvmci-22.3-b08) for linux-amd64 JRE (17.0.5+8-jvmci-22.3-b08), built on Oct 19 2022 09:01:27 by "buildslave" with gcc 10.3.0

END.
