#
# A fatal error has been detected by the Java Runtime Environment:
#
#  Internal Error (jvmciRuntime.cpp:1609), pid=667, tid=681
#  fatal error: Fatal exception in JVMCI: Error calling jdk.vm.ci.services.Services.serializeSavedProperties
#
# JRE version: OpenJDK Runtime Environment GraalVM CE 22.3.0 (17.0.5+8) (build 17.0.5+8-jvmci-22.3-b08)
# Java VM: OpenJDK 64-Bit Server VM GraalVM CE 22.3.0 (17.0.5+8-jvmci-22.3-b08, mixed mode, sharing, tiered, jvmci, jvmci compiler, compressed oops, compressed class ptrs, parallel gc, linux-amd64)
# Problematic frame:
# V  [libjvm.so+0x972714]  JVMCIRuntime::fatal_exception(JVMCIEnv*, char const*)+0x74
#
# Core dump will be written. Default location: Core dumps may be processed with "/usr/share/apport/apport -p%p -s%s -c%c -d%d -P%P -u%u -g%g -- %E" (or dumping to /home/runner/NeuralNetwork/core.667)
#
# If you would like to submit a bug report, please visit:
#   https://github.com/oracle/graal/issues
#

---------------  S U M M A R Y ------------

Command Line: -XX:ThreadPriorityPolicy=1 -XX:+UnlockExperimentalVMOptions -XX:+EnableJVMCIProduct -XX:JVMCIThreadsPerNativeLibraryRuntime=1 -XX:-UnlockExperimentalVMOptions -Declipse.application=org.eclipse.jdt.ls.core.id1 -Dosgi.bundles.defaultStartLevel=4 -Declipse.product=org.eclipse.jdt.ls.core.product -Dlog.level=ALL -Xverify:none -XX:+UseParallelGC -XX:GCTimeRatio=4 -XX:AdaptiveSizePolicyWeight=90 -Dsun.zip.disableMemoryMapping=true -Xmx512m -Xms100m /nix/store/m6gcpi1ii6rghy04cjwjddcavv7i90df-jdt-language-server-1.9.0/share/java/plugins/org.eclipse.equinox.launcher_1.6.400.v20210924-0641.jar --add-modules=ALL-SYSTEM --add-opens java.base/java.util=ALL-UNNAMED --add-opens java.base/java.lang=ALL-UNNAMED -configuration /home/runner/.cache/jdt-language-server/config -data /home/runner/.cache/jdt-language-server/data/home/runner/NeuralNetwork

Host: AMD EPYC 7B12, 8 cores, 1G, Ubuntu 20.04.2 LTS
Time: Thu Aug 17 21:28:04 2023 UTC elapsed time: 1330.290132 seconds (0d 0h 22m 10s)

---------------  T H R E A D  ---------------

Current thread (0x00007f65f80b2210):  JavaThread "JVMCI-native CompilerThread0" daemon [_thread_in_vm, id=681, stack(0x00007f65ddf1a000,0x00007f65de11a000)]


Current CompileTask:
JVMCI-native:1330290 12254  s    4       org.eclipse.jdt.internal.core.search.processing.JobManager::awaitingJobsCount (21 bytes)

Stack: [0x00007f65ddf1a000,0x00007f65de11a000],  sp=0x00007f65de118380,  free space=2040k
Native frames: (J=compiled Java code, j=interpreted, Vv=VM code, C=native code)
V  [libjvm.so+0x972714]  JVMCIRuntime::fatal_exception(JVMCIEnv*, char const*)+0x74
V  [libjvm.so+0x93e2fe]  JVMCIEnv::copy_saved_properties()+0x14e
V  [libjvm.so+0x9732a9]  JVMCIRuntime::initialize(JVMCIEnv*)+0xb19
V  [libjvm.so+0x9738a2]  JVMCIRuntime::get_HotSpotJVMCIRuntime(JVMCIEnv*)+0x12
V  [libjvm.so+0x9749f2]  JVMCIRuntime::compile_method(JVMCIEnv*, JVMCICompiler*, methodHandle const&, int)+0xd2
V  [libjvm.so+0x5b0d20]  CompileBroker::invoke_compiler_on_method(CompileTask*)+0x1470
V  [libjvm.so+0x5b12e8]  CompileBroker::compiler_thread_loop()+0x528
V  [libjvm.so+0xd82460]  JavaThread::thread_main_inner()+0xd0
V  [libjvm.so+0xd85a40]  Thread::call_run()+0xc0
V  [libjvm.so+0xbdb1e1]  thread_native_entry(Thread*)+0xe1

Register to memory mapping:

RAX=0x00007f65fdc87000 points into unknown readable memory: 0x0000000000000058 | 58 00 00 00 00 00 00 00
RBX=0x00007f65fed82398: <offset 0x0000000000ef5398> in /nix/store/gpxl5qgg8kicmcvivwmybwjlpf7wh20l-graalvm17-ce-22.3.0/lib/server/libjvm.so at 0x00007f65fde8d000
RCX=0x00007f65fed3a1e8: <offset 0x0000000000ead1e8> in /nix/store/gpxl5qgg8kicmcvivwmybwjlpf7wh20l-graalvm17-ce-22.3.0/lib/server/libjvm.so at 0x00007f65fde8d000
RDX=0x0000000000000649 is an unknown value
RSP=0x00007f65de118380 is pointing into the stack for thread: 0x00007f65f80b2210
RBP=0x00007f65de1183a0 is pointing into the stack for thread: 0x00007f65f80b2210
RSI=0x00007f65fed82c48: <offset 0x0000000000ef5c48> in /nix/store/gpxl5qgg8kicmcvivwmybwjlpf7wh20l-graalvm17-ce-22.3.0/lib/server/libjvm.so at 0x00007f65fde8d000
RDI=0x00000000e0000000 is an oop: java.lang.String 
{0x00000000e0000000} - klass: 'java/lang/String'
 - string: "bGnFLdPCnca8rIUKxCUI/oml/RwHPWbiiyhjvmU7tyw="
R8 =0x00007f65fed82398: <offset 0x0000000000ef5398> in /nix/store/gpxl5qgg8kicmcvivwmybwjlpf7wh20l-graalvm17-ce-22.3.0/lib/server/libjvm.so at 0x00007f65fde8d000
R9 =0x00007f65de118330 is pointing into the stack for thread: 0x00007f65f80b2210
R10=0x00007f65de119948 is pointing into the stack for thread: 0x00007f65f80b2210
R11=0x0000000000000293 is an unknown value
R12=0x0 is NULL
R13=0x00007f65f80b2210 is a thread
R14=0x00007f65f8000b80 points into unknown readable memory: 0x00007f65fefb3a38 | 38 3a fb fe 65 7f 00 00
R15=0x00007f65ff0c1e40: <offset 0x0000000001234e40> in /nix/store/gpxl5qgg8kicmcvivwmybwjlpf7wh20l-graalvm17-ce-22.3.0/lib/server/libjvm.so at 0x00007f65fde8d000


Registers:
RAX=0x00007f65fdc87000, RBX=0x00007f65fed82398, RCX=0x00007f65fed3a1e8, RDX=0x0000000000000649
RSP=0x00007f65de118380, RBP=0x00007f65de1183a0, RSI=0x00007f65fed82c48, RDI=0x00000000e0000000
R8 =0x00007f65fed82398, R9 =0x00007f65de118330, R10=0x00007f65de119948, R11=0x0000000000000293
R12=0x0000000000000000, R13=0x00007f65f80b2210, R14=0x00007f65f8000b80, R15=0x00007f65ff0c1e40
RIP=0x00007f65fe7ff714, EFLAGS=0x0000000000010206, CSGSFS=0x002b000000000033, ERR=0x0000000000000006
  TRAPNO=0x000000000000000e

Top of Stack: (sp=0x00007f65de118380)
0x00007f65de118380:   00007f65de118940 00007f65f80b2210
0x00007f65de118390:   00007f65fc6188c8 0000000800c417a0
0x00007f65de1183a0:   00007f65de118500 00007f65fe7cb2fe
0x00007f65de1183b0:   00007f65de1183e0 00007f65de118440 

Instructions: (pc=0x00007f65fe7ff714)
0x00007f65fe7ff614:   30 e8 f6 cf e8 ff 4c 89 e7 e8 2e 48 d1 ff 84 db
0x00007f65fe7ff624:   75 2a 4d 85 ed 74 04 4d 8b 6d 00 48 83 c4 08 44
0x00007f65fe7ff634:   89 f9 4c 89 f2 4c 89 ee 5b 4c 89 e7 41 5c 41 5d
0x00007f65fe7ff644:   41 5e 41 5f 5d e9 e2 47 d1 ff 66 90 48 83 c4 08
0x00007f65fe7ff654:   5b 41 5c 41 5d 41 5e 41 5f 5d c3 90 31 d2 be 08
0x00007f65fe7ff664:   00 00 00 4c 89 ff e8 b1 78 a3 ff 49 89 c5 e9 37
0x00007f65fe7ff674:   ff ff ff 66 0f 1f 84 00 00 00 00 00 48 8b 7a 08
0x00007f65fe7ff684:   e9 6d ff ff ff 0f 1f 80 00 00 00 00 e8 5b 48 0a
0x00007f65fe7ff694:   00 84 c0 75 89 e9 6a ff ff ff 66 90 55 48 89 e5
0x00007f65fe7ff6a4:   41 56 41 55 41 54 49 89 fc 53 48 89 f3 66 48 8d
0x00007f65fe7ff6b4:   3d 27 5e 85 00 66 66 48 e8 df 43 8d ff 4c 8b 28
0x00007f65fe7ff6c4:   8b 05 be 72 8a 00 85 c0 75 14 ba 01 00 00 00 48
0x00007f65fe7ff6d4:   8d 0d ae 72 8a 00 f0 0f b1 11 85 c0 74 4e be c8
0x00007f65fe7ff6e4:   00 00 00 4c 89 ef e8 01 0b 41 00 48 8d 05 12 ac
0x00007f65fe7ff6f4:   85 00 49 89 d8 48 8d 0d e8 aa 53 00 ba 49 06 00
0x00007f65fe7ff704:   00 48 8d 35 3c 35 58 00 bf 00 00 00 e0 48 8b 00
0x00007f65fe7ff714:   c6 00 58 31 c0 e8 e2 91 c6 ff 5b 41 5c 41 5d 41
0x00007f65fe7ff724:   5e 5d e9 55 34 26 00 0f 1f 44 00 00 48 8d 05 81
0x00007f65fe7ff734:   a3 8b 00 48 89 df 4c 8b 30 e8 9e 43 8d ff 48 89
0x00007f65fe7ff744:   de 48 89 c2 49 8b 06 4c 89 f7 ff 50 08 4c 89 f7
0x00007f65fe7ff754:   e8 a7 5c 27 00 4d 85 e4 74 12 be 01 00 00 00 4c
0x00007f65fe7ff764:   89 e7 e8 35 43 fc ff eb 82 0f 1f 00 be 01 00 00
0x00007f65fe7ff774:   00 4c 89 ef e8 d3 fd ff ff e9 6d ff ff ff 66 66
0x00007f65fe7ff784:   2e 0f 1f 84 00 00 00 00 00 0f 1f 00 55 48 89 e5
0x00007f65fe7ff794:   41 57 41 56 41 55 41 54 53 48 81 ec 08 02 00 00
0x00007f65fe7ff7a4:   64 48 8b 04 25 28 00 00 00 48 89 45 c8 8b 07 83
0x00007f65fe7ff7b4:   f8 02 0f 84 11 04 00 00 4c 8b 6f 18 49 89 ff 49
0x00007f65fe7ff7c4:   89 f4 4d 85 ed 74 14 4c 89 ef e8 5d 57 22 00 41
0x00007f65fe7ff7d4:   8b 07 83 f8 02 0f 84 19 04 00 00 48 8d 1d 9a 06
0x00007f65fe7ff7e4:   8a 00 4c 8d 35 0b 3c 58 00 eb 38 90 48 85 d2 7f
0x00007f65fe7ff7f4:   0d 48 8d 05 b4 c0 85 00 48 83 38 00 7e 0e 41 8b
0x00007f65fe7ff804:   77 2c 4c 89 f7 31 c0 e8 a0 b2 f7 ff 49 8b 7f 18 


Stack slot to memory mapping:
stack at sp + 0 slots: 0x00007f65de118940 is pointing into the stack for thread: 0x00007f65f80b2210
stack at sp + 1 slots: 0x00007f65f80b2210 is a thread
stack at sp + 2 slots: 0x00007f65fc6188c8 points into unknown readable memory: 0x65730018052dffff | ff ff 2d 05 18 00 73 65
stack at sp + 3 slots: 0x0000000800c417a0 is a pointer to class: 
jdk.vm.ci.services.Services {0x0000000800c417a0}
 - instance size:     2
 - klass size:        65
 - access:            public final synchronized 
 - state:             fully_initialized
 - name:              'jdk/vm/ci/services/Services'
 - super:             'java/lang/Object'
 - sub:               
 - arrays:            NULL
 - methods:           Array<T>(0x00007f65de8428f8)
 - method ordering:   Array<T>(0x0000000800928960)
 - default_methods:   Array<T>(0x0000000000000000)
 - local interfaces:  Array<T>(0x00000008005ce810)
 - trans. interfaces: Array<T>(0x00000008005ce810)
 - constants:         constant pool [427] {0x00007f65de8419d8} for 'jdk/vm/ci/services/Services' cache=0x00007f65de843bc8
 - class loader data:  loader data: 0x00007f65f80283f0 of 'bootstrap'
 - source file:       'Services.java'
 - class annotations:       Array<T>(0x0000000000000000)
 - class type annotations:  Array<T>(0x0000000000000000)
 - field annotations:       Array<T>(0x0000000000000000)
 - field type annotations:  Array<T>(0x0000000000000000)
 - inner classes:     Array<T>(0x00007f65de843b98)
 - nest members:     Array<T>(0x00007f65de843bb8)
 - permitted subclasses:     Array<T>(0x00000008005ce7a0)
 - java mirror:       a 'java/lang/Class'{0x00000000e02a6540} = 'jdk/vm/ci/services/Services'
 - vtable length      5  (start addr: 0x0000000800c41970)
 - itable length      2 (start addr: 0x0000000800c41998)
 - ---- static fields (3 words):
 - public static final 'IS_BUILDING_NATIVE_IMAGE' 'Z' @128 
 - public static final 'IS_IN_NATIVE_IMAGE' 'Z' @129 
 - private static volatile 'savedProperties' 'Ljava/util/Map;' @112 
 - static final 'JVMCI_ENABLED' 'Z' @130 
 - private static final 'servicesCache' 'Ljava/util/Map;' @116 
 - private static final 'MAX_UNICODE_IN_UTF8_LENGTH' 'I' @120 
 - private static final 'MAX_UTF8_PROPERTY_STRING_LENGTH' 'I' @124 
 - ---- non-static fields (0 words):
 - non-static oop maps: 
stack at sp + 4 slots: 0x00007f65de118500 is pointing into the stack for thread: 0x00007f65f80b2210
stack at sp + 5 slots: 0x00007f65fe7cb2fe: <offset 0x000000000093e2fe> in /nix/store/gpxl5qgg8kicmcvivwmybwjlpf7wh20l-graalvm17-ce-22.3.0/lib/server/libjvm.so at 0x00007f65fde8d000
stack at sp + 6 slots: 0x00007f65de1183e0 is pointing into the stack for thread: 0x00007f65f80b2210
stack at sp + 7 slots: 0x00007f65de118440 is pointing into the stack for thread: 0x00007f65f80b2210


---------------  P R O C E S S  ---------------

Threads class SMR info:
_java_thread_list=0x00007f6534000b70, length=36, elements={
0x00007f65f8026690, 0x00007f65f80a64d0, 0x00007f65f80a7910, 0x00007f65f80ae080,
0x00007f65f80af430, 0x00007f65f80b0820, 0x00007f65f80b2210, 0x00007f65f80b3720,
0x00007f65f80b4b70, 0x00007f65f80e03c0, 0x00007f65f81282a0, 0x00007f65f82fe620,
0x00007f65f8346920, 0x00007f65f83495b0, 0x00007f658c02bde0, 0x00007f658c4063a0,
0x00007f658c48d160, 0x00007f657c0010d0, 0x00007f657c008100, 0x00007f658c64bb40,
0x00007f658c6a03f0, 0x00007f65f8365bf0, 0x00007f65f8403c10, 0x00007f658000f530,
0x00007f65841e2130, 0x00007f65841e2b70, 0x00007f65841e5e80, 0x00007f65841afce0,
0x00007f65840a2840, 0x00007f65841d2250, 0x00007f65841d2b30, 0x00007f65840acb80,
0x00007f658408d7a0, 0x00007f65840a3170, 0x00007f658408c400, 0x00007f65841d8c20
}

Java Threads: ( => current thread )
  0x00007f65f8026690 JavaThread "main" [_thread_blocked, id=673, stack(0x00007f65fdca8000,0x00007f65fdda8000)]
  0x00007f65f80a64d0 JavaThread "Reference Handler" daemon [_thread_blocked, id=676, stack(0x00007f65df0e0000,0x00007f65df1e0000)]
  0x00007f65f80a7910 JavaThread "Finalizer" daemon [_thread_blocked, id=677, stack(0x00007f65de700000,0x00007f65de800000)]
  0x00007f65f80ae080 JavaThread "Signal Dispatcher" daemon [_thread_blocked, id=678, stack(0x00007f65de31a000,0x00007f65de41a000)]
  0x00007f65f80af430 JavaThread "Service Thread" daemon [_thread_blocked, id=679, stack(0x00007f65de21a000,0x00007f65de31a000)]
  0x00007f65f80b0820 JavaThread "Monitor Deflation Thread" daemon [_thread_blocked, id=680, stack(0x00007f65de11a000,0x00007f65de21a000)]
=>0x00007f65f80b2210 JavaThread "JVMCI-native CompilerThread0" daemon [_thread_in_vm, id=681, stack(0x00007f65ddf1a000,0x00007f65de11a000)]
  0x00007f65f80b3720 JavaThread "C1 CompilerThread0" daemon [_thread_blocked, id=682, stack(0x00007f65ddd1a000,0x00007f65ddf1a000)]
  0x00007f65f80b4b70 JavaThread "Sweeper thread" daemon [_thread_blocked, id=683, stack(0x00007f65ddc1a000,0x00007f65ddd1a000)]
  0x00007f65f80e03c0 JavaThread "Common-Cleaner" daemon [_thread_blocked, id=684, stack(0x00007f65ddb1a000,0x00007f65ddc1a000)]
  0x00007f65f81282a0 JavaThread "Notification Thread" daemon [_thread_blocked, id=686, stack(0x00007f65dda1a000,0x00007f65ddb1a000)]
  0x00007f65f82fe620 JavaThread "Active Thread: Equinox Container: 88bd1054-7440-4391-a2da-b56dd2160ad9" [_thread_blocked, id=690, stack(0x00007f65dc600000,0x00007f65dc700000)]
  0x00007f65f8346920 JavaThread "Framework Event Dispatcher: Equinox Container: 88bd1054-7440-4391-a2da-b56dd2160ad9" daemon [_thread_blocked, id=691, stack(0x00007f65dc400000,0x00007f65dc500000)]
  0x00007f65f83495b0 JavaThread "Start Level: Equinox Container: 88bd1054-7440-4391-a2da-b56dd2160ad9" daemon [_thread_blocked, id=692, stack(0x00007f65dc200000,0x00007f65dc300000)]
  0x00007f658c02bde0 JavaThread "SCR Component Actor" daemon [_thread_blocked, id=693, stack(0x00007f65dc000000,0x00007f65dc100000)]
  0x00007f658c4063a0 JavaThread "Worker-JM" [_thread_blocked, id=695, stack(0x00007f65a5900000,0x00007f65a5a00000)]
  0x00007f658c48d160 JavaThread "Worker-0" [_thread_blocked, id=696, stack(0x00007f65a5700000,0x00007f65a5800000)]
  0x00007f657c0010d0 JavaThread "Worker-1: Compacting resource model" [_thread_blocked, id=697, stack(0x00007f65a5500000,0x00007f65a5600000)]
  0x00007f657c008100 JavaThread "Worker-2: Publish Diagnostics" [_thread_blocked, id=698, stack(0x00007f65a5300000,0x00007f65a5400000)]
  0x00007f658c64bb40 JavaThread "Java indexing" daemon [_thread_blocked, id=699, stack(0x00007f65a5100000,0x00007f65a5200000)]
  0x00007f658c6a03f0 JavaThread "Bundle File Closer" daemon [_thread_blocked, id=700, stack(0x00007f65a4f00000,0x00007f65a5000000)]
  0x00007f65f8365bf0 JavaThread "pool-3-thread-1" [_thread_blocked, id=701, stack(0x00007f65a4d00000,0x00007f65a4e00000)]
  0x00007f65f8403c10 JavaThread "pool-2-thread-1" [_thread_blocked, id=702, stack(0x00007f65a5b00000,0x00007f65a5c00000)]
  0x00007f658000f530 JavaThread "Worker-3: Java indexing... " [_thread_blocked, id=703, stack(0x00007f65a4e00000,0x00007f65a4f00000)]
  0x00007f65841e2130 JavaThread "Thread-2" [_thread_blocked, id=720, stack(0x00007f65dc300000,0x00007f65dc400000)]
  0x00007f65841e2b70 JavaThread "Thread-3" [_thread_blocked, id=721, stack(0x00007f65a4b00000,0x00007f65a4c00000)]
  0x00007f65841e5e80 JavaThread "Thread-5" [_thread_blocked, id=723, stack(0x00007f65a4700000,0x00007f65a4800000)]
  0x00007f65841afce0 JavaThread "Thread-14" [_thread_blocked, id=732, stack(0x00007f65a4500000,0x00007f65a4600000)]
  0x00007f65840a2840 JavaThread "Thread-28" [_thread_blocked, id=746, stack(0x00007f65a5800000,0x00007f65a5900000)]
  0x00007f65841d2250 JavaThread "Thread-30" [_thread_blocked, id=748, stack(0x00007f65a4900000,0x00007f65a4a00000)]
  0x00007f65841d2b30 JavaThread "Thread-31" [_thread_blocked, id=749, stack(0x00007f65a5400000,0x00007f65a5500000)]
  0x00007f65840acb80 JavaThread "Thread-34" [_thread_blocked, id=752, stack(0x00007f65a4800000,0x00007f65a4900000)]
  0x00007f658408d7a0 JavaThread "Thread-40" [_thread_blocked, id=758, stack(0x00007f65a5200000,0x00007f65a5300000)]
  0x00007f65840a3170 JavaThread "Thread-41" [_thread_blocked, id=759, stack(0x00007f65a4400000,0x00007f65a4500000)]
  0x00007f658408c400 JavaThread "Thread-42" [_thread_blocked, id=776, stack(0x00007f65a4600000,0x00007f65a4700000)]
  0x00007f65841d8c20 JavaThread "Thread-43" [_thread_blocked, id=876, stack(0x00007f65a4100000,0x00007f65a4200000)]

Other Threads:
  0x00007f65f80a1c10 VMThread "VM Thread" [stack: 0x00007f65df1e2000,0x00007f65df2e2000] [id=675] _threads_hazard_ptr=0x00007f6534000b70
  0x00007f65f8129c40 WatcherThread [stack: 0x00007f65dd91a000,0x00007f65dda1a000] [id=687]
  0x00007f65f803df30 GCTaskThread "GC Thread#0" [stack: 0x00007f65fd86b000,0x00007f65fd96b000] [id=674]

Threads with active compile tasks:
JVMCI-native CompilerThread0  1330328 12254  s    4       org.eclipse.jdt.internal.core.search.processing.JobManager::awaitingJobsCount (21 bytes)

VM state: synchronizing (normal execution)

VM Mutex/Monitor currently owned by a thread:  ([mutex/lock_event])
[0x00007f65f8023840] Threads_lock - owner thread: 0x00007f65f80a1c10
[0x00007f65f8023ff0] Heap_lock - owner thread: 0x00007f658c4063a0

OutOfMemory and StackOverflow Exception counts:
OutOfMemoryError java_heap_errors=9
LinkageErrors=55

Heap address: 0x00000000e0000000, size: 512 MB, Compressed Oops mode: 32-bit

CDS archive(s) mapped at: [0x0000000800000000-0x0000000800bc8000-0x0000000800bc8000), size 12353536, SharedBaseAddress: 0x0000000800000000, ArchiveRelocationMode: 0.
Compressed class space mapped at: 0x0000000800c00000-0x0000000840c00000, reserved size: 1073741824
Narrow klass base: 0x0000000800000000, Narrow klass shift: 0, Narrow klass range: 0x100000000

GC Precious Log:
 CPUs: 8 total, 1 available
 Memory: 1024M
 Large Page Support: Disabled
 NUMA Support: Disabled
 Compressed Oops: Enabled (32-bit)
 Alignments: Space 512K, Generation 512K, Heap 2M
 Heap Min Capacity: 100M
 Heap Initial Capacity: 100M
 Heap Max Capacity: 512M
 Pre-touch: Disabled
 Parallel Workers: 1

Heap:
 PSYoungGen      total 50688K, used 30207K [0x00000000f5580000, 0x00000000f9c80000, 0x0000000100000000)
  eden space 30208K, 99% used [0x00000000f5580000,0x00000000f72ffff8,0x00000000f7300000)
  from space 20480K, 0% used [0x00000000f8700000,0x00000000f8700000,0x00000000f9b00000)
  to   space 20480K, 0% used [0x00000000f7300000,0x00000000f7300000,0x00000000f8700000)
 ParOldGen       total 349696K, used 349695K [0x00000000e0000000, 0x00000000f5580000, 0x00000000f5580000)
  object space 349696K, 99% used [0x00000000e0000000,0x00000000f557fff8,0x00000000f5580000)
 Metaspace       used 58911K, committed 59904K, reserved 1105920K
  class space    used 5429K, committed 5888K, reserved 1048576K

Card table byte_map: [0x00007f65fd96b000,0x00007f65fda6c000] _byte_map_base: 0x00007f65fd26b000

Marking Bits: (ParMarkBitMap*) 0x00007f65ff0bb4c0
 Begin Bits: [0x00007f65fc7be000, 0x00007f65fcfbe000)
 End Bits:   [0x00007f65fcfbe000, 0x00007f65fd7be000)

Polling page: 0x00007f65fdc85000

Metaspace:

Usage:
  Non-class:     52.23 MB used.
      Class:      5.30 MB used.
       Both:     57.53 MB used.

Virtual space:
  Non-class space:       56.00 MB reserved,      52.75 MB ( 94%) committed,  7 nodes.
      Class space:        1.00 GB reserved,       5.75 MB ( <1%) committed,  1 nodes.
             Both:        1.05 GB reserved,      58.50 MB (  5%) committed. 

Chunk freelists:
   Non-Class:  3.09 MB
       Class:  2.14 MB
        Both:  5.23 MB

MaxMetaspaceSize: unlimited
CompressedClassSpaceSize: 1.00 GB
Initial GC threshold: 21.00 MB
Current GC threshold: 97.44 MB
CDS: on
MetaspaceReclaimPolicy: balanced
 - commit_granule_bytes: 65536.
 - commit_granule_words: 8192.
 - virtual_space_node_default_size: 1048576.
 - enlarge_chunks_in_place: 1.
 - new_chunks_are_fully_committed: 0.
 - uncommit_free_chunks: 1.
 - use_allocation_guard: 0.
 - handle_deallocations: 1.


Internal statistics:

num_allocs_failed_limit: 6.
num_arena_births: 466.
num_arena_deaths: 136.
num_vsnodes_births: 8.
num_vsnodes_deaths: 0.
num_space_committed: 933.
num_space_uncommitted: 0.
num_chunks_returned_to_freelist: 191.
num_chunks_taken_from_freelist: 2978.
num_chunk_merges: 79.
num_chunk_splits: 1890.
num_chunks_enlarged: 1128.
num_purges: 4.
num_inconsistent_stats: 0.

CodeHeap 'non-profiled nmethods': size=120036Kb used=2651Kb max_used=2651Kb free=117384Kb
 bounds [0x00007f65e6f7a000, 0x00007f65e721a000, 0x00007f65ee4b3000]
CodeHeap 'profiled nmethods': size=120032Kb used=20198Kb max_used=20711Kb free=99833Kb
 bounds [0x00007f65dfa42000, 0x00007f65e0e82000, 0x00007f65e6f7a000]
CodeHeap 'non-nmethods': size=5692Kb used=1364Kb max_used=1376Kb free=4327Kb
 bounds [0x00007f65df4b3000, 0x00007f65df723000, 0x00007f65dfa42000]
 total_blobs=9253 nmethods=8559 adapters=594
 compilation: enabled
              stopped_count=0, restarted_count=0
 full_count=0

JVMCI Events (20 events):
Event: 982.473 Thread 0x00007f65f80b2210 compacted oop handles in JVMCI runtime 0 from 105 to 81
Event: 985.799 Thread 0x00007f65f80b2210 compacted oop handles in JVMCI runtime 0 from 89 to 88
Event: 1019.841 Thread 0x00007f65f80b2210 compacted oop handles in JVMCI runtime 0 from 140 to 128
Event: 1019.842 Thread 0x00007f65f80b2210 compacted oop handles in JVMCI runtime 0 from 129 to 99
Event: 1127.692 Thread 0x00007f65f80b2210 compacted oop handles in JVMCI runtime 0 from 244 to 232
Event: 1127.692 Thread 0x00007f65f80b2210 compacted oop handles in JVMCI runtime 0 from 232 to 118
Event: 1153.030 Thread 0x00007f65f80b2210 compacted oop handles in JVMCI runtime 0 from 146 to 118
Event: 1153.034 Thread 0x00007f65f80b2210 compacted oop handles in JVMCI runtime 0 from 120 to 118
Event: 1159.211 Thread 0x00007f65f80b2210 compacted oop handles in JVMCI runtime 0 from 164 to 163
Event: 1172.147 Thread 0x00007f65f80b2210 detaching from JVMCI runtime 0: releasing idle compiler thread (0 other threads still attached)
Event: 1172.147 Thread 0x00007f65f80b2210 shutting down HotSpotJVMCIRuntime for JVMCI runtime 0
Event: 1172.147 Thread 0x00007f65f80b2210 shut down JVMCI runtime 0
Event: 1173.336 Thread 0x00007f65f80b2210 destroyed JavaVM[3]@0x00007f65a3b9e340 for JVMCI runtime 0
Event: 1173.336 Thread 0x00007f65f80b2210 compacted oop handles in JVMCI runtime 0 from 163 to 163
Event: 1173.336 Thread 0x00007f65f80b2210 releasing handles for JVMCI runtime 0: oop handles=163, metadata handles={total=960, live=957, blocks=62}
Event: 1173.336 Thread 0x00007f65f80b2210 detached from JVMCI runtime 0
Event: 1187.535 Thread 0x00007f65f80b2210 attached to JVMCI runtime 0
Event: 1187.537 Thread 0x00007f65f80b2210 created JavaVM[4]@0x00007f65a3b9e340 for JVMCI runtime 0
Event: 1188.815 Thread 0x00007f65f80b2210 initializing JVMCI runtime 0
Event: 1188.815 Thread 0x00007f65f80b2210 done waiting for JavaVM references initialization in JVMCI runtime 0

Compilation events (20 events):
Event: 1131.633 Thread 0x00007f65f80b2210 nmethod 12251 0x00007f65e720c690 code [0x00007f65e720c840, 0x00007f65e720d2b8]
Event: 1131.633 Thread 0x00007f65f80b2210 12249       4       org.eclipse.jdt.internal.compiler.parser.Parser::resumeOnSyntaxError (191 bytes)
Event: 1153.030 Thread 0x00007f65f80b2210 nmethod 12249 0x00007f65e720d790 code [0x00007f65e720d920, 0x00007f65e720db28]
Event: 1153.030 Thread 0x00007f65f80b2210 12252       4       java.lang.Integer::getChars (131 bytes)
Event: 1153.034 Thread 0x00007f65f80b2210 nmethod 12252 0x00007f65e720e410 code [0x00007f65e720e5a0, 0x00007f65e720e848]
Event: 1153.034 Thread 0x00007f65f80b2210 12241   !   4       org.eclipse.jdt.internal.compiler.parser.Scanner::pushLineSeparator (295 bytes)
Event: 1153.037 Thread 0x00007f65f80b2210 nmethod 12241 0x00007f65e720ea10 code [0x00007f65e720eba0, 0x00007f65e720ed38]
Event: 1153.038 Thread 0x00007f65f80b2210 12243       4       org.eclipse.jdt.core.dom.ASTVisitor::preVisit2 (7 bytes)
Event: 1153.039 Thread 0x00007f65f80b2210 nmethod 12243 0x00007f65e720ee90 code [0x00007f65e720f080, 0x00007f65e720f148]
Event: 1153.039 Thread 0x00007f65f80b2210 12240       4       java.util.LinkedList::node (65 bytes)
Event: 1153.039 Thread 0x00007f65f80b2210 nmethod 12240 0x00007f65e720f210 code [0x00007f65e720f380, 0x00007f65e720f438]
Event: 1153.039 Thread 0x00007f65f80b2210 12246       4       org.eclipse.jdt.core.dom.Block::accept0 (25 bytes)
Event: 1159.211 Thread 0x00007f65f80b2210 nmethod 12246 0x00007f65e720f510 code [0x00007f65e720f6e0, 0x00007f65e720fba0]
Event: 1159.211 Thread 0x00007f65f80b2210 12253       4       org.eclipse.jdt.internal.compiler.parser.Parser::consumeFieldDeclaration (243 bytes)
Event: 1170.917 Thread 0x00007f65f80b2210 nmethod 12253 0x00007f65e7210010 code [0x00007f65e72101c0, 0x00007f65e7210798]
Event: 1187.535 Thread 0x00007f65f80b2210 12254  s    4       org.eclipse.jdt.internal.core.search.processing.JobManager::awaitingJobsCount (21 bytes)
Event: 1251.043 Thread 0x00007f65f80b3720 12257       3       org.eclipse.jdt.internal.compiler.SourceElementParser$1::record (22 bytes)
Event: 1251.043 Thread 0x00007f65f80b3720 nmethod 12257 0x00007f65e0691090 code [0x00007f65e0691240, 0x00007f65e06915f0]
Event: 1251.044 Thread 0x00007f65f80b3720 12258       3       org.eclipse.jdt.internal.core.CompilationUnitStructureRequestor::acceptProblem (16 bytes)
Event: 1251.044 Thread 0x00007f65f80b3720 nmethod 12258 0x00007f65e0690c90 code [0x00007f65e0690e40, 0x00007f65e0690fb0]

GC Heap History (20 events):
Event: 1317.429 GC heap before
{Heap before GC invocations=1059 (full 931):
 PSYoungGen      total 50688K, used 30207K [0x00000000f5580000, 0x00000000f9c80000, 0x0000000100000000)
  eden space 30208K, 99% used [0x00000000f5580000,0x00000000f72ffff8,0x00000000f7300000)
  from space 20480K, 0% used [0x00000000f8700000,0x00000000f8700000,0x00000000f9b00000)
  to   space 20480K, 0% used [0x00000000f7300000,0x00000000f7300000,0x00000000f8700000)
 ParOldGen       total 349696K, used 349695K [0x00000000e0000000, 0x00000000f5580000, 0x00000000f5580000)
  object space 349696K, 99% used [0x00000000e0000000,0x00000000f557fff8,0x00000000f5580000)
 Metaspace       used 58911K, committed 59904K, reserved 1105920K
  class space    used 5429K, committed 5888K, reserved 1048576K
}
Event: 1318.737 GC heap after
{Heap after GC invocations=1059 (full 931):
 PSYoungGen      total 50688K, used 30207K [0x00000000f5580000, 0x00000000f9c80000, 0x0000000100000000)
  eden space 30208K, 99% used [0x00000000f5580000,0x00000000f72ffff8,0x00000000f7300000)
  from space 20480K, 0% used [0x00000000f7300000,0x00000000f7300000,0x00000000f8700000)
  to   space 20480K, 0% used [0x00000000f8700000,0x00000000f8700000,0x00000000f9b00000)
 ParOldGen       total 349696K, used 349695K [0x00000000e0000000, 0x00000000f5580000, 0x00000000f5580000)
  object space 349696K, 99% used [0x00000000e0000000,0x00000000f557fff8,0x00000000f5580000)
 Metaspace       used 58911K, committed 59904K, reserved 1105920K
  class space    used 5429K, committed 5888K, reserved 1048576K
}
Event: 1318.737 GC heap before
{Heap before GC invocations=1060 (full 932):
 PSYoungGen      total 50688K, used 30207K [0x00000000f5580000, 0x00000000f9c80000, 0x0000000100000000)
  eden space 30208K, 99% used [0x00000000f5580000,0x00000000f72ffff8,0x00000000f7300000)
  from space 20480K, 0% used [0x00000000f7300000,0x00000000f7300000,0x00000000f8700000)
  to   space 20480K, 0% used [0x00000000f8700000,0x00000000f8700000,0x00000000f9b00000)
 ParOldGen       total 349696K, used 349695K [0x00000000e0000000, 0x00000000f5580000, 0x00000000f5580000)
  object space 349696K, 99% used [0x00000000e0000000,0x00000000f557fff8,0x00000000f5580000)
 Metaspace       used 58911K, committed 59904K, reserved 1105920K
  class space    used 5429K, committed 5888K, reserved 1048576K
}
Event: 1320.097 GC heap after
{Heap after GC invocations=1060 (full 932):
 PSYoungGen      total 50688K, used 30207K [0x00000000f5580000, 0x00000000f9c80000, 0x0000000100000000)
  eden space 30208K, 99% used [0x00000000f5580000,0x00000000f72ffff8,0x00000000f7300000)
  from space 20480K, 0% used [0x00000000f8700000,0x00000000f8700000,0x00000000f9b00000)
  to   space 20480K, 0% used [0x00000000f7300000,0x00000000f7300000,0x00000000f8700000)
 ParOldGen       total 349696K, used 349695K [0x00000000e0000000, 0x00000000f5580000, 0x00000000f5580000)
  object space 349696K, 99% used [0x00000000e0000000,0x00000000f557fff8,0x00000000f5580000)
 Metaspace       used 58911K, committed 59904K, reserved 1105920K
  class space    used 5429K, committed 5888K, reserved 1048576K
}
Event: 1320.101 GC heap before
{Heap before GC invocations=1061 (full 933):
 PSYoungGen      total 50688K, used 30207K [0x00000000f5580000, 0x00000000f9c80000, 0x0000000100000000)
  eden space 30208K, 99% used [0x00000000f5580000,0x00000000f72ffff8,0x00000000f7300000)
  from space 20480K, 0% used [0x00000000f8700000,0x00000000f8700000,0x00000000f9b00000)
  to   space 20480K, 0% used [0x00000000f7300000,0x00000000f7300000,0x00000000f8700000)
 ParOldGen       total 349696K, used 349695K [0x00000000e0000000, 0x00000000f5580000, 0x00000000f5580000)
  object space 349696K, 99% used [0x00000000e0000000,0x00000000f557fff8,0x00000000f5580000)
 Metaspace       used 58911K, committed 59904K, reserved 1105920K
  class space    used 5429K, committed 5888K, reserved 1048576K
}
Event: 1321.291 GC heap after
{Heap after GC invocations=1061 (full 933):
 PSYoungGen      total 50688K, used 30207K [0x00000000f5580000, 0x00000000f9c80000, 0x0000000100000000)
  eden space 30208K, 99% used [0x00000000f5580000,0x00000000f72ffff8,0x00000000f7300000)
  from space 20480K, 0% used [0x00000000f7300000,0x00000000f7300000,0x00000000f8700000)
  to   space 20480K, 0% used [0x00000000f8700000,0x00000000f8700000,0x00000000f9b00000)
 ParOldGen       total 349696K, used 349695K [0x00000000e0000000, 0x00000000f5580000, 0x00000000f5580000)
  object space 349696K, 99% used [0x00000000e0000000,0x00000000f557fff8,0x00000000f5580000)
 Metaspace       used 58911K, committed 59904K, reserved 1105920K
  class space    used 5429K, committed 5888K, reserved 1048576K
}
Event: 1321.291 GC heap before
{Heap before GC invocations=1062 (full 934):
 PSYoungGen      total 50688K, used 30207K [0x00000000f5580000, 0x00000000f9c80000, 0x0000000100000000)
  eden space 30208K, 99% used [0x00000000f5580000,0x00000000f72ffff8,0x00000000f7300000)
  from space 20480K, 0% used [0x00000000f7300000,0x00000000f7300000,0x00000000f8700000)
  to   space 20480K, 0% used [0x00000000f8700000,0x00000000f8700000,0x00000000f9b00000)
 ParOldGen       total 349696K, used 349695K [0x00000000e0000000, 0x00000000f5580000, 0x00000000f5580000)
  object space 349696K, 99% used [0x00000000e0000000,0x00000000f557fff8,0x00000000f5580000)
 Metaspace       used 58911K, committed 59904K, reserved 1105920K
  class space    used 5429K, committed 5888K, reserved 1048576K
}
Event: 1322.504 GC heap after
{Heap after GC invocations=1062 (full 934):
 PSYoungGen      total 50688K, used 30207K [0x00000000f5580000, 0x00000000f9c80000, 0x0000000100000000)
  eden space 30208K, 99% used [0x00000000f5580000,0x00000000f72ffff8,0x00000000f7300000)
  from space 20480K, 0% used [0x00000000f8700000,0x00000000f8700000,0x00000000f9b00000)
  to   space 20480K, 0% used [0x00000000f7300000,0x00000000f7300000,0x00000000f8700000)
 ParOldGen       total 349696K, used 349695K [0x00000000e0000000, 0x00000000f5580000, 0x00000000f5580000)
  object space 349696K, 99% used [0x00000000e0000000,0x00000000f557fff8,0x00000000f5580000)
 Metaspace       used 58911K, committed 59904K, reserved 1105920K
  class space    used 5429K, committed 5888K, reserved 1048576K
}
Event: 1322.508 GC heap before
{Heap before GC invocations=1063 (full 935):
 PSYoungGen      total 50688K, used 30207K [0x00000000f5580000, 0x00000000f9c80000, 0x0000000100000000)
  eden space 30208K, 99% used [0x00000000f5580000,0x00000000f72ffff8,0x00000000f7300000)
  from space 20480K, 0% used [0x00000000f8700000,0x00000000f8700000,0x00000000f9b00000)
  to   space 20480K, 0% used [0x00000000f7300000,0x00000000f7300000,0x00000000f8700000)
 ParOldGen       total 349696K, used 349695K [0x00000000e0000000, 0x00000000f5580000, 0x00000000f5580000)
  object space 349696K, 99% used [0x00000000e0000000,0x00000000f557fff8,0x00000000f5580000)
 Metaspace       used 58911K, committed 59904K, reserved 1105920K
  class space    used 5429K, committed 5888K, reserved 1048576K
}
Event: 1323.793 GC heap after
{Heap after GC invocations=1063 (full 935):
 PSYoungGen      total 50688K, used 30207K [0x00000000f5580000, 0x00000000f9c80000, 0x0000000100000000)
  eden space 30208K, 99% used [0x00000000f5580000,0x00000000f72ffff8,0x00000000f7300000)
  from space 20480K, 0% used [0x00000000f7300000,0x00000000f7300000,0x00000000f8700000)
  to   space 20480K, 0% used [0x00000000f8700000,0x00000000f8700000,0x00000000f9b00000)
 ParOldGen       total 349696K, used 349695K [0x00000000e0000000, 0x00000000f5580000, 0x00000000f5580000)
  object space 349696K, 99% used [0x00000000e0000000,0x00000000f557fff8,0x00000000f5580000)
 Metaspace       used 58911K, committed 59904K, reserved 1105920K
  class space    used 5429K, committed 5888K, reserved 1048576K
}
Event: 1323.793 GC heap before
{Heap before GC invocations=1064 (full 936):
 PSYoungGen      total 50688K, used 30207K [0x00000000f5580000, 0x00000000f9c80000, 0x0000000100000000)
  eden space 30208K, 99% used [0x00000000f5580000,0x00000000f72ffff8,0x00000000f7300000)
  from space 20480K, 0% used [0x00000000f7300000,0x00000000f7300000,0x00000000f8700000)
  to   space 20480K, 0% used [0x00000000f8700000,0x00000000f8700000,0x00000000f9b00000)
 ParOldGen       total 349696K, used 349695K [0x00000000e0000000, 0x00000000f5580000, 0x00000000f5580000)
  object space 349696K, 99% used [0x00000000e0000000,0x00000000f557fff8,0x00000000f5580000)
 Metaspace       used 58911K, committed 59904K, reserved 1105920K
  class space    used 5429K, committed 5888K, reserved 1048576K
}
Event: 1325.124 GC heap after
{Heap after GC invocations=1064 (full 936):
 PSYoungGen      total 50688K, used 30207K [0x00000000f5580000, 0x00000000f9c80000, 0x0000000100000000)
  eden space 30208K, 99% used [0x00000000f5580000,0x00000000f72ffff8,0x00000000f7300000)
  from space 20480K, 0% used [0x00000000f8700000,0x00000000f8700000,0x00000000f9b00000)
  to   space 20480K, 0% used [0x00000000f7300000,0x00000000f7300000,0x00000000f8700000)
 ParOldGen       total 349696K, used 349695K [0x00000000e0000000, 0x00000000f5580000, 0x00000000f5580000)
  object space 349696K, 99% used [0x00000000e0000000,0x00000000f557fff8,0x00000000f5580000)
 Metaspace       used 58911K, committed 59904K, reserved 1105920K
  class space    used 5429K, committed 5888K, reserved 1048576K
}
Event: 1325.124 GC heap before
{Heap before GC invocations=1065 (full 937):
 PSYoungGen      total 50688K, used 30207K [0x00000000f5580000, 0x00000000f9c80000, 0x0000000100000000)
  eden space 30208K, 99% used [0x00000000f5580000,0x00000000f72ffff8,0x00000000f7300000)
  from space 20480K, 0% used [0x00000000f8700000,0x00000000f8700000,0x00000000f9b00000)
  to   space 20480K, 0% used [0x00000000f7300000,0x00000000f7300000,0x00000000f8700000)
 ParOldGen       total 349696K, used 349695K [0x00000000e0000000, 0x00000000f5580000, 0x00000000f5580000)
  object space 349696K, 99% used [0x00000000e0000000,0x00000000f557fff8,0x00000000f5580000)
 Metaspace       used 58911K, committed 59904K, reserved 1105920K
  class space    used 5429K, committed 5888K, reserved 1048576K
}
Event: 1326.406 GC heap after
{Heap after GC invocations=1065 (full 937):
 PSYoungGen      total 50688K, used 30207K [0x00000000f5580000, 0x00000000f9c80000, 0x0000000100000000)
  eden space 30208K, 99% used [0x00000000f5580000,0x00000000f72ffff8,0x00000000f7300000)
  from space 20480K, 0% used [0x00000000f7300000,0x00000000f7300000,0x00000000f8700000)
  to   space 20480K, 0% used [0x00000000f8700000,0x00000000f8700000,0x00000000f9b00000)
 ParOldGen       total 349696K, used 349695K [0x00000000e0000000, 0x00000000f5580000, 0x00000000f5580000)
  object space 349696K, 99% used [0x00000000e0000000,0x00000000f557fff8,0x00000000f5580000)
 Metaspace       used 58911K, committed 59904K, reserved 1105920K
  class space    used 5429K, committed 5888K, reserved 1048576K
}
Event: 1326.406 GC heap before
{Heap before GC invocations=1066 (full 938):
 PSYoungGen      total 50688K, used 30207K [0x00000000f5580000, 0x00000000f9c80000, 0x0000000100000000)
  eden space 30208K, 99% used [0x00000000f5580000,0x00000000f72ffff8,0x00000000f7300000)
  from space 20480K, 0% used [0x00000000f7300000,0x00000000f7300000,0x00000000f8700000)
  to   space 20480K, 0% used [0x00000000f8700000,0x00000000f8700000,0x00000000f9b00000)
 ParOldGen       total 349696K, used 349695K [0x00000000e0000000, 0x00000000f5580000, 0x00000000f5580000)
  object space 349696K, 99% used [0x00000000e0000000,0x00000000f557fff8,0x00000000f5580000)
 Metaspace       used 58911K, committed 59904K, reserved 1105920K
  class space    used 5429K, committed 5888K, reserved 1048576K
}
Event: 1327.639 GC heap after
{Heap after GC invocations=1066 (full 938):
 PSYoungGen      total 50688K, used 30207K [0x00000000f5580000, 0x00000000f9c80000, 0x0000000100000000)
  eden space 30208K, 99% used [0x00000000f5580000,0x00000000f72ffff8,0x00000000f7300000)
  from space 20480K, 0% used [0x00000000f8700000,0x00000000f8700000,0x00000000f9b00000)
  to   space 20480K, 0% used [0x00000000f7300000,0x00000000f7300000,0x00000000f8700000)
 ParOldGen       total 349696K, used 349695K [0x00000000e0000000, 0x00000000f5580000, 0x00000000f5580000)
  object space 349696K, 99% used [0x00000000e0000000,0x00000000f557fff8,0x00000000f5580000)
 Metaspace       used 58911K, committed 59904K, reserved 1105920K
  class space    used 5429K, committed 5888K, reserved 1048576K
}
Event: 1327.639 GC heap before
{Heap before GC invocations=1067 (full 939):
 PSYoungGen      total 50688K, used 30207K [0x00000000f5580000, 0x00000000f9c80000, 0x0000000100000000)
  eden space 30208K, 99% used [0x00000000f5580000,0x00000000f72ffff8,0x00000000f7300000)
  from space 20480K, 0% used [0x00000000f8700000,0x00000000f8700000,0x00000000f9b00000)
  to   space 20480K, 0% used [0x00000000f7300000,0x00000000f7300000,0x00000000f8700000)
 ParOldGen       total 349696K, used 349695K [0x00000000e0000000, 0x00000000f5580000, 0x00000000f5580000)
  object space 349696K, 99% used [0x00000000e0000000,0x00000000f557fff8,0x00000000f5580000)
 Metaspace       used 58911K, committed 59904K, reserved 1105920K
  class space    used 5429K, committed 5888K, reserved 1048576K
}
Event: 1329.006 GC heap after
{Heap after GC invocations=1067 (full 939):
 PSYoungGen      total 50688K, used 30207K [0x00000000f5580000, 0x00000000f9c80000, 0x0000000100000000)
  eden space 30208K, 99% used [0x00000000f5580000,0x00000000f72ffff8,0x00000000f7300000)
  from space 20480K, 0% used [0x00000000f7300000,0x00000000f7300000,0x00000000f8700000)
  to   space 20480K, 0% used [0x00000000f8700000,0x00000000f8700000,0x00000000f9b00000)
 ParOldGen       total 349696K, used 349695K [0x00000000e0000000, 0x00000000f5580000, 0x00000000f5580000)
  object space 349696K, 99% used [0x00000000e0000000,0x00000000f557fff8,0x00000000f5580000)
 Metaspace       used 58911K, committed 59904K, reserved 1105920K
  class space    used 5429K, committed 5888K, reserved 1048576K
}
Event: 1329.006 GC heap before
{Heap before GC invocations=1068 (full 940):
 PSYoungGen      total 50688K, used 30207K [0x00000000f5580000, 0x00000000f9c80000, 0x0000000100000000)
  eden space 30208K, 99% used [0x00000000f5580000,0x00000000f72ffff8,0x00000000f7300000)
  from space 20480K, 0% used [0x00000000f7300000,0x00000000f7300000,0x00000000f8700000)
  to   space 20480K, 0% used [0x00000000f8700000,0x00000000f8700000,0x00000000f9b00000)
 ParOldGen       total 349696K, used 349695K [0x00000000e0000000, 0x00000000f5580000, 0x00000000f5580000)
  object space 349696K, 99% used [0x00000000e0000000,0x00000000f557fff8,0x00000000f5580000)
 Metaspace       used 58911K, committed 59904K, reserved 1105920K
  class space    used 5429K, committed 5888K, reserved 1048576K
}
Event: 1330.234 GC heap after
{Heap after GC invocations=1068 (full 940):
 PSYoungGen      total 50688K, used 30207K [0x00000000f5580000, 0x00000000f9c80000, 0x0000000100000000)
  eden space 30208K, 99% used [0x00000000f5580000,0x00000000f72ffff8,0x00000000f7300000)
  from space 20480K, 0% used [0x00000000f8700000,0x00000000f8700000,0x00000000f9b00000)
  to   space 20480K, 0% used [0x00000000f7300000,0x00000000f7300000,0x00000000f8700000)
 ParOldGen       total 349696K, used 349695K [0x00000000e0000000, 0x00000000f5580000, 0x00000000f5580000)
  object space 349696K, 99% used [0x00000000e0000000,0x00000000f557fff8,0x00000000f5580000)
 Metaspace       used 58911K, committed 59904K, reserved 1105920K
  class space    used 5429K, committed 5888K, reserved 1048576K
}

Dll operation events (8 events):
Event: 0.002 Loaded shared library /nix/store/gpxl5qgg8kicmcvivwmybwjlpf7wh20l-graalvm17-ce-22.3.0/lib/libjava.so
Event: 0.009 Loaded shared library /nix/store/gpxl5qgg8kicmcvivwmybwjlpf7wh20l-graalvm17-ce-22.3.0/lib/libjsvml.so
Event: 0.233 Loaded shared library /nix/store/gpxl5qgg8kicmcvivwmybwjlpf7wh20l-graalvm17-ce-22.3.0/lib/libnio.so
Event: 0.238 Loaded shared library /nix/store/gpxl5qgg8kicmcvivwmybwjlpf7wh20l-graalvm17-ce-22.3.0/lib/libzip.so
Event: 0.241 Loaded shared library /nix/store/gpxl5qgg8kicmcvivwmybwjlpf7wh20l-graalvm17-ce-22.3.0/lib/libjvmcicompiler.so
Event: 0.707 Loaded shared library /nix/store/gpxl5qgg8kicmcvivwmybwjlpf7wh20l-graalvm17-ce-22.3.0/lib/libjimage.so
Event: 2.489 Loaded shared library /nix/store/gpxl5qgg8kicmcvivwmybwjlpf7wh20l-graalvm17-ce-22.3.0/lib/libnet.so
Event: 3.713 Loaded shared library /home/runner/.cache/jdt-language-server/config/org.eclipse.equinox.launcher/org.eclipse.equinox.launcher.gtk.linux.x86_64_1.2.400.v20211117-0650/eclipse_11600.so

Deoptimization events (20 events):
Event: 572.411 Thread 0x00007f65840a2840 DEOPT PACKING pc=0x00007f65e044db49 sp=0x00007f65a58fd600
Event: 572.411 Thread 0x00007f65840a2840 DEOPT UNPACKING pc=0x00007f65df505325 sp=0x00007f65a58fcb38 mode 0
Event: 1012.745 Thread 0x00007f65840a3170 DEOPT PACKING pc=0x00007f65e719f0ec sp=0x00007f65a44fde40
Event: 1012.745 Thread 0x00007f65840a3170 DEOPT UNPACKING pc=0x00007f65df505325 sp=0x00007f65a44fd2d8 mode 1
Event: 1064.428 Thread 0x00007f658408d7a0 DEOPT PACKING pc=0x00007f65e044db8b sp=0x00007f65a52fde60
Event: 1064.428 Thread 0x00007f658408d7a0 DEOPT UNPACKING pc=0x00007f65df505325 sp=0x00007f65a52fd3a0 mode 0
Event: 1320.101 Thread 0x00007f658000f530 Uncommon trap: trap_request=0xffffff8f fr.pc=0x00007f65e6f91830 relative=0x0000000000000290
Event: 1320.101 Thread 0x00007f658000f530 Uncommon trap: reason=constraint action=none pc=0x00007f65e6f91830 method=java.util.Arrays.copyOfRange([BII)[B @ 61 jvmci
Event: 1322.505 Thread 0x00007f658408c400 Uncommon trap: trap_request=0xffffff8f fr.pc=0x00007f65e700c81c relative=0x000000000000027c
Event: 1322.505 Thread 0x00007f658408c400 Uncommon trap: reason=constraint action=none pc=0x00007f65e700c81c method=java.lang.StringBuilder.toString()Ljava/lang/String; @ 0 jvmci
Event: 1322.505 Thread 0x00007f658408c400 DEOPT PACKING pc=0x00007f65e700c81c sp=0x00007f65a46fe220
Event: 1322.505 Thread 0x00007f658408c400 DEOPT UNPACKING pc=0x00007f65df505325 sp=0x00007f65a46fd6c8 mode 3
Event: 1325.124 Thread 0x00007f658408c400 Uncommon trap: trap_request=0xffffff8f fr.pc=0x00007f65e6f91814 relative=0x0000000000000274
Event: 1325.124 Thread 0x00007f658408c400 Uncommon trap: reason=constraint action=none pc=0x00007f65e6f91814 method=java.lang.StringLatin1.newString([BII)Ljava/lang/String; @ 0 jvmci
Event: 1325.124 Thread 0x00007f658408c400 DEOPT PACKING pc=0x00007f65e6f91814 sp=0x00007f65a46fe1a0
Event: 1325.124 Thread 0x00007f658408c400 DEOPT UNPACKING pc=0x00007f65df505325 sp=0x00007f65a46fd648 mode 3
Event: 1327.639 Thread 0x00007f65841d2250 Uncommon trap: trap_request=0xffffff8f fr.pc=0x00007f65e7130a94 relative=0x00000000000001f4
Event: 1327.639 Thread 0x00007f65841d2250 Uncommon trap: reason=constraint action=none pc=0x00007f65e7130a94 method=java.lang.StringLatin1.toChars([B)[C @ 0 jvmci
Event: 1327.639 Thread 0x00007f65841d2250 DEOPT PACKING pc=0x00007f65e7130a94 sp=0x00007f65a49fdbf0
Event: 1327.639 Thread 0x00007f65841d2250 DEOPT UNPACKING pc=0x00007f65df505325 sp=0x00007f65a49fd088 mode 3

Classes unloaded (20 events):
Event: 107.227 Thread 0x00007f65f80a1c10 Unloading class 0x0000000800d91000 'java/lang/invoke/LambdaForm$MH+0x0000000800d91000'
Event: 107.227 Thread 0x00007f65f80a1c10 Unloading class 0x0000000800d90c00 'java/lang/invoke/LambdaForm$MH+0x0000000800d90c00'
Event: 107.227 Thread 0x00007f65f80a1c10 Unloading class 0x0000000800d90800 'java/lang/invoke/LambdaForm$MH+0x0000000800d90800'
Event: 107.227 Thread 0x00007f65f80a1c10 Unloading class 0x0000000800d90400 'java/lang/invoke/LambdaForm$MH+0x0000000800d90400'
Event: 107.227 Thread 0x00007f65f80a1c10 Unloading class 0x0000000800d90000 'java/lang/invoke/LambdaForm$MH+0x0000000800d90000'
Event: 107.227 Thread 0x00007f65f80a1c10 Unloading class 0x0000000800cb2800 'java/lang/invoke/LambdaForm$MH+0x0000000800cb2800'
Event: 107.227 Thread 0x00007f65f80a1c10 Unloading class 0x0000000800cb2000 'java/lang/invoke/LambdaForm$MH+0x0000000800cb2000'
Event: 107.227 Thread 0x00007f65f80a1c10 Unloading class 0x0000000800cb1c00 'java/lang/invoke/LambdaForm$MH+0x0000000800cb1c00'
Event: 107.227 Thread 0x00007f65f80a1c10 Unloading class 0x0000000800cb1800 'java/lang/invoke/LambdaForm$MH+0x0000000800cb1800'
Event: 107.227 Thread 0x00007f65f80a1c10 Unloading class 0x0000000800cb1000 'java/lang/invoke/LambdaForm$MH+0x0000000800cb1000'
Event: 107.227 Thread 0x00007f65f80a1c10 Unloading class 0x0000000800cb0c00 'java/lang/invoke/LambdaForm$MH+0x0000000800cb0c00'
Event: 107.227 Thread 0x00007f65f80a1c10 Unloading class 0x0000000800cb0800 'java/lang/invoke/LambdaForm$MH+0x0000000800cb0800'
Event: 107.227 Thread 0x00007f65f80a1c10 Unloading class 0x0000000800cb0000 'java/lang/invoke/LambdaForm$MH+0x0000000800cb0000'
Event: 107.227 Thread 0x00007f65f80a1c10 Unloading class 0x0000000800c85000 'jdk/internal/reflect/GeneratedMethodAccessor5'
Event: 107.227 Thread 0x00007f65f80a1c10 Unloading class 0x0000000800c84c00 'jdk/internal/reflect/GeneratedMethodAccessor4'
Event: 107.227 Thread 0x00007f65f80a1c10 Unloading class 0x0000000800c84800 'jdk/internal/reflect/GeneratedMethodAccessor3'
Event: 107.227 Thread 0x00007f65f80a1c10 Unloading class 0x0000000800c84400 'jdk/internal/reflect/GeneratedMethodAccessor2'
Event: 107.227 Thread 0x00007f65f80a1c10 Unloading class 0x0000000800c84000 'jdk/internal/reflect/GeneratedMethodAccessor1'
Event: 107.227 Thread 0x00007f65f80a1c10 Unloading class 0x0000000800c01c00 'java/lang/invoke/LambdaForm$DMH+0x0000000800c01c00'
Event: 363.889 Thread 0x00007f65f80a1c10 Unloading class 0x00000008011d8800 'jdk/internal/reflect/GeneratedConstructorAccessor31'

Classes redefined (0 events):
No events

Internal exceptions (20 events):
Event: 87.889 Thread 0x00007f65841d8c20 Exception <a 'java/lang/ArrayIndexOutOfBoundsException'{0x00000000f70ebbf8}> (0x00000000f70ebbf8) 
thrown [src/hotspot/share/runtime/sharedRuntime.cpp, line 628]
Event: 87.889 Thread 0x00007f65841d8c20 Exception <a 'java/lang/ArrayIndexOutOfBoundsException'{0x00000000f70ebf80}> (0x00000000f70ebf80) 
thrown [src/hotspot/share/runtime/sharedRuntime.cpp, line 628]
Event: 89.322 Thread 0x00007f65841d8c20 Exception <a 'java/lang/ArrayIndexOutOfBoundsException'{0x00000000f6b812b0}> (0x00000000f6b812b0) 
thrown [src/hotspot/share/runtime/sharedRuntime.cpp, line 628]
Event: 89.323 Thread 0x00007f65841d8c20 Exception <a 'java/lang/ArrayIndexOutOfBoundsException'{0x00000000f6b82848}> (0x00000000f6b82848) 
thrown [src/hotspot/share/runtime/sharedRuntime.cpp, line 628]
Event: 89.323 Thread 0x00007f65841d8c20 Exception <a 'java/lang/ArrayIndexOutOfBoundsException'{0x00000000f6b82b68}> (0x00000000f6b82b68) 
thrown [src/hotspot/share/runtime/sharedRuntime.cpp, line 628]
Event: 120.495 Thread 0x00007f65840a2840 Exception <a 'java/lang/ArrayIndexOutOfBoundsException'{0x00000000f72b34b0}> (0x00000000f72b34b0) 
thrown [src/hotspot/share/runtime/sharedRuntime.cpp, line 628]
Event: 129.731 Thread 0x00007f65840a2840 Exception <a 'java/lang/ArrayIndexOutOfBoundsException'{0x00000000f72f8eb0}> (0x00000000f72f8eb0) 
thrown [src/hotspot/share/runtime/sharedRuntime.cpp, line 628]
Event: 697.310 Thread 0x00007f658408c400 Exception <a 'java/lang/OutOfMemoryError'{0x00000000e00cfd60}> (0x00000000e00cfd60) 
thrown [src/hotspot/share/gc/shared/memAllocator.cpp, line 136]
Event: 1012.745 Thread 0x00007f65840a3170 Exception <a 'java/lang/OutOfMemoryError'{0x00000000e00d0030}> (0x00000000e00d0030) 
thrown [src/hotspot/share/gc/shared/memAllocator.cpp, line 136]
Event: 1015.441 Thread 0x00007f65840a3170 Exception <a 'java/lang/OutOfMemoryError'{0x00000000e00d0620}> (0x00000000e00d0620) 
thrown [src/hotspot/share/gc/shared/memAllocator.cpp, line 136]
Event: 1182.415 Thread 0x00007f65841d2b30 Exception <a 'java/lang/OutOfMemoryError'{0x00000000e00d0350}> (0x00000000e00d0350) 
thrown [src/hotspot/share/gc/shared/memAllocator.cpp, line 136]
Event: 1320.101 Thread 0x00007f658000f530 Exception <a 'java/lang/OutOfMemoryError'{0x00000000e00d0030}> (0x00000000e00d0030) 
thrown [src/hotspot/share/gc/shared/memAllocator.cpp, line 138]
Event: 1320.101 Thread 0x00007f658000f530 Implicit null exception at 0x00007f65e6f9174d to 0x00007f65e6f91815
Event: 1322.504 Thread 0x00007f658408c400 Exception <a 'java/lang/OutOfMemoryError'{0x00000000e00d0030}> (0x00000000e00d0030) 
thrown [src/hotspot/share/gc/shared/memAllocator.cpp, line 138]
Event: 1322.504 Thread 0x00007f658408c400 Implicit null exception at 0x00007f65e700c757 to 0x00007f65e700c801
Event: 1325.124 Thread 0x00007f658408c400 Exception <a 'java/lang/OutOfMemoryError'{0x00000000e00d0030}> (0x00000000e00d0030) 
thrown [src/hotspot/share/gc/shared/memAllocator.cpp, line 138]
Event: 1325.124 Thread 0x00007f658408c400 Implicit null exception at 0x00007f65e6f9172f to 0x00007f65e6f917f9
Event: 1327.639 Thread 0x00007f65841d2250 Exception <a 'java/lang/OutOfMemoryError'{0x00000000e00d0030}> (0x00000000e00d0030) 
thrown [src/hotspot/share/gc/shared/memAllocator.cpp, line 138]
Event: 1327.639 Thread 0x00007f65841d2250 Implicit null exception at 0x00007f65e7130a44 to 0x00007f65e7130a79
Event: 1330.234 Thread 0x00007f65f80b2210 Exception <a 'java/lang/OutOfMemoryError'{0x00000000e00d0350}> (0x00000000e00d0350) 
thrown [src/hotspot/share/gc/shared/memAllocator.cpp, line 136]

VM Operations (20 events):
Event: 1311.522 Executing VM operation: ParallelGCFailedAllocation done
Event: 1311.522 Executing VM operation: ParallelGCFailedAllocation
Event: 1312.734 Executing VM operation: ParallelGCFailedAllocation done
Event: 1312.734 Executing VM operation: ParallelGCFailedAllocation
Event: 1313.912 Executing VM operation: ParallelGCFailedAllocation done
Event: 1313.912 Executing VM operation: ParallelGCFailedAllocation
Event: 1315.091 Executing VM operation: ParallelGCFailedAllocation done
Event: 1315.091 Executing VM operation: ParallelGCFailedAllocation
Event: 1317.428 Executing VM operation: ParallelGCFailedAllocation done
Event: 1317.428 Executing VM operation: ParallelGCFailedAllocation
Event: 1320.097 Executing VM operation: ParallelGCFailedAllocation done
Event: 1320.101 Executing VM operation: ParallelGCFailedAllocation
Event: 1322.504 Executing VM operation: ParallelGCFailedAllocation done
Event: 1322.505 Executing VM operation: ParallelGCFailedAllocation
Event: 1325.124 Executing VM operation: ParallelGCFailedAllocation done
Event: 1325.124 Executing VM operation: ParallelGCFailedAllocation
Event: 1327.639 Executing VM operation: ParallelGCFailedAllocation done
Event: 1327.639 Executing VM operation: ParallelGCFailedAllocation
Event: 1330.234 Executing VM operation: ParallelGCFailedAllocation done
Event: 1330.234 Executing VM operation: ParallelGCFailedAllocation

Events (20 events):
Event: 121.788 Protecting memory [0x00007f65a4a00000,0x00007f65a4a04000] with protection modes 0
Event: 122.988 Thread 0x00007f658408c400 Thread added: 0x00007f658408c400
Event: 122.988 Protecting memory [0x00007f65a4600000,0x00007f65a4604000] with protection modes 0
Event: 124.207 Thread 0x00007f658408c400 Thread exited: 0x00007f658408c400
Event: 124.208 Thread 0x00007f658408c400 Thread added: 0x00007f658408c400
Event: 124.208 Protecting memory [0x00007f65a4600000,0x00007f65a4604000] with protection modes 0
Event: 125.699 Thread 0x00007f658408d7a0 Thread added: 0x00007f658408d7a0
Event: 125.699 Protecting memory [0x00007f65a4400000,0x00007f65a4404000] with protection modes 0
Event: 127.107 Thread 0x00007f658408d7a0 Thread exited: 0x00007f658408d7a0
Event: 127.109 Thread 0x00007f65840a3170 Thread exited: 0x00007f65840a3170
Event: 132.291 Thread 0x00007f658408d7a0 Thread added: 0x00007f658408d7a0
Event: 132.291 Protecting memory [0x00007f65a5200000,0x00007f65a5204000] with protection modes 0
Event: 137.636 Thread 0x00007f65840a3170 Thread added: 0x00007f65840a3170
Event: 137.636 Protecting memory [0x00007f65a4400000,0x00007f65a4404000] with protection modes 0
Event: 208.521 Thread 0x00007f658408c400 Thread exited: 0x00007f658408c400
Event: 225.597 Thread 0x00007f658408c400 Thread added: 0x00007f658408c400
Event: 225.597 Protecting memory [0x00007f65a4600000,0x00007f65a4604000] with protection modes 0
Event: 474.036 Thread 0x00007f65841d8c20 Thread added: 0x00007f65841d8c20
Event: 474.036 Protecting memory [0x00007f65a4100000,0x00007f65a4104000] with protection modes 0
Event: 570.004 Thread 0x00007f65840ae170 Thread exited: 0x00007f65840ae170


Dynamic libraries:
e0000000-f5580000 rw-p 00000000 00:00 0 
f5580000-f9c80000 rw-p 00000000 00:00 0 
f9c80000-100000000 ---p 00000000 00:00 0 
800000000-800449000 rw-p 00001000 00:16ac 4611686019135357769            /nix/store/gpxl5qgg8kicmcvivwmybwjlpf7wh20l-graalvm17-ce-22.3.0/lib/server/classes.jsa
800449000-800bc8000 r--p 0044a000 00:16ac 4611686019135357769            /nix/store/gpxl5qgg8kicmcvivwmybwjlpf7wh20l-graalvm17-ce-22.3.0/lib/server/classes.jsa
800bc8000-800c00000 ---p 00000000 00:00 0 
800c00000-800c20000 rw-p 00000000 00:00 0 
800c20000-800c40000 rw-p 00000000 00:00 0 
800c40000-800cc0000 rw-p 00000000 00:00 0 
800cc0000-800d00000 rw-p 00000000 00:00 0 
800d00000-800dc0000 rw-p 00000000 00:00 0 
800dc0000-800e00000 rw-p 00000000 00:00 0 
800e00000-801140000 rw-p 00000000 00:00 0 
801140000-801150000 rw-p 00000000 00:00 0 
801150000-801180000 ---p 00000000 00:00 0 
801180000-8011f0000 rw-p 00000000 00:00 0 
8011f0000-840c00000 ---p 00000000 00:00 0 
55e188669000-55e18866a000 r-xp 00000000 00:16ac 4611686019099417844      /nix/store/gpxl5qgg8kicmcvivwmybwjlpf7wh20l-graalvm17-ce-22.3.0/bin/.java-wrapped
55e18866b000-55e18866c000 r--p 00001000 00:16ac 4611686019099417844      /nix/store/gpxl5qgg8kicmcvivwmybwjlpf7wh20l-graalvm17-ce-22.3.0/bin/.java-wrapped
55e18866c000-55e18866d000 rw-p 00002000 00:16ac 4611686019099417844      /nix/store/gpxl5qgg8kicmcvivwmybwjlpf7wh20l-graalvm17-ce-22.3.0/bin/.java-wrapped
55e18866d000-55e18866e000 rw-p 00004000 00:16ac 4611686019099417844      /nix/store/gpxl5qgg8kicmcvivwmybwjlpf7wh20l-graalvm17-ce-22.3.0/bin/.java-wrapped
55e18866e000-55e18866f000 rw-p 00005000 00:16ac 4611686019099417844      /nix/store/gpxl5qgg8kicmcvivwmybwjlpf7wh20l-graalvm17-ce-22.3.0/bin/.java-wrapped
55e18a3c4000-55e18a40c000 rw-p 00000000 00:00 0                          [heap]
7f6524000000-7f6524021000 rw-p 00000000 00:00 0 
7f6524021000-7f6528000000 ---p 00000000 00:00 0 
7f652c000000-7f652c021000 rw-p 00000000 00:00 0 
7f652c021000-7f6530000000 ---p 00000000 00:00 0 
7f6530000000-7f6530021000 rw-p 00000000 00:00 0 
7f6530021000-7f6534000000 ---p 00000000 00:00 0 
7f6534000000-7f6534021000 rw-p 00000000 00:00 0 
7f6534021000-7f6538000000 ---p 00000000 00:00 0 
7f6538000000-7f6538021000 rw-p 00000000 00:00 0 
7f6538021000-7f653c000000 ---p 00000000 00:00 0 
7f653c000000-7f653c021000 rw-p 00000000 00:00 0 
7f653c021000-7f6540000000 ---p 00000000 00:00 0 
7f6540000000-7f6540021000 rw-p 00000000 00:00 0 
7f6540021000-7f6544000000 ---p 00000000 00:00 0 
7f6544000000-7f6544034000 rw-p 00000000 00:00 0 
7f6544034000-7f6548000000 ---p 00000000 00:00 0 
7f6548000000-7f6548021000 rw-p 00000000 00:00 0 
7f6548021000-7f654c000000 ---p 00000000 00:00 0 
7f654c000000-7f654c10d000 rw-p 00000000 00:00 0 
7f654c10d000-7f6550000000 ---p 00000000 00:00 0 
7f6550000000-7f6550089000 rw-p 00000000 00:00 0 
7f6550089000-7f6554000000 ---p 00000000 00:00 0 
7f6554000000-7f6554177000 rw-p 00000000 00:00 0 
7f6554177000-7f6558000000 ---p 00000000 00:00 0 
7f655a4b3000-7f6564000000 r--s 00000000 00:16ac 4611686019135192581      /nix/store/gpxl5qgg8kicmcvivwmybwjlpf7wh20l-graalvm17-ce-22.3.0/lib/modules
7f6564000000-7f656403a000 rw-p 00000000 00:00 0 
7f656403a000-7f6568000000 ---p 00000000 00:00 0 
7f6569c00000-7f656a020000 rw-p 00000000 00:00 0 
7f656a020000-7f656a100000 rw-p 00000000 00:00 0 
7f656a100000-7f656a400000 ---p 00000000 00:00 0 
7f656a400000-7f656a900000 rw-p 00000000 00:00 0 
7f656a900000-7f656a9c0000 rw-p 00000000 00:00 0 
7f656a9c0000-7f656aa00000 ---p 00000000 00:00 0 
7f656aa00000-7f656ac00000 rw-p 00000000 00:00 0 
7f656ac00000-7f656b000000 rw-p 00000000 00:00 0 
7f656b000000-7f656b400000 rw-p 00000000 00:00 0 
7f656b400000-7f656bbc0000 rw-p 00000000 00:00 0 
7f656bbc0000-7f656bc00000 rw-p 00000000 00:00 0 
7f656c000000-7f656c021000 rw-p 00000000 00:00 0 
7f656c021000-7f6570000000 ---p 00000000 00:00 0 
7f6570000000-7f6570021000 rw-p 00000000 00:00 0 
7f6570021000-7f6574000000 ---p 00000000 00:00 0 
7f6574000000-7f6574111000 rw-p 00000000 00:00 0 
7f6574111000-7f6578000000 ---p 00000000 00:00 0 
7f6578000000-7f657802e000 rw-p 00000000 00:00 0 
7f657802e000-7f657c000000 ---p 00000000 00:00 0 
7f657c000000-7f657c2f0000 rw-p 00000000 00:00 0 
7f657c2f0000-7f6580000000 ---p 00000000 00:00 0 
7f6580000000-7f6580292000 rw-p 00000000 00:00 0 
7f6580292000-7f6584000000 ---p 00000000 00:00 0 
7f6584000000-7f65841f7000 rw-p 00000000 00:00 0 
7f65841f7000-7f6588000000 ---p 00000000 00:00 0 
7f6588000000-7f6588021000 rw-p 00000000 00:00 0 
7f6588021000-7f658c000000 ---p 00000000 00:00 0 
7f658c000000-7f658c8ee000 rw-p 00000000 00:00 0 
7f658c8ee000-7f6590000000 ---p 00000000 00:00 0 
7f6590000000-7f6590021000 rw-p 00000000 00:00 0 
7f6590021000-7f6594000000 ---p 00000000 00:00 0 
7f6594000000-7f6594021000 rw-p 00000000 00:00 0 
7f6594021000-7f6598000000 ---p 00000000 00:00 0 
7f6598000000-7f6598021000 rw-p 00000000 00:00 0 
7f6598021000-7f659c000000 ---p 00000000 00:00 0 
7f659c000000-7f659c03b000 rw-p 00000000 00:00 0 
7f659c03b000-7f65a0000000 ---p 00000000 00:00 0 
7f65a1800000-7f65a1900000 rw-p 00000000 00:00 0 
7f65a1900000-7f65a1a00000 rw-p 00000000 00:00 0 
7f65a1a00000-7f65a1d00000 rw-p 00000000 00:00 0 
7f65a1d00000-7f65a1e00000 rw-p 00000000 00:00 0 
7f65a1e00000-7f65a2000000 rw-p 00000000 00:00 0 
7f65a2000000-7f65a2100000 rw-p 00000000 00:00 0 
7f65a2100000-7f65a2200000 rw-p 00000000 00:00 0 
7f65a2200000-7f65a2780000 rw-p 00000000 00:00 0 
7f65a2780000-7f65a2800000 rw-p 00000000 00:00 0 
7f65a2a00000-7f65a2a10000 r-xp 00000000 00:15b5 362                      /home/runner/.cache/jdt-language-server/config/org.eclipse.equinox.launcher/org.eclipse.equinox.launcher.gtk.linux.x86_64_1.2.400.v20211117-0650/eclipse_11600.so
7f65a2a10000-7f65a2c0f000 ---p 00010000 00:15b5 362                      /home/runner/.cache/jdt-language-server/config/org.eclipse.equinox.launcher/org.eclipse.equinox.launcher.gtk.linux.x86_64_1.2.400.v20211117-0650/eclipse_11600.so
7f65a2c0f000-7f65a2c10000 r--p 0000f000 00:15b5 362                      /home/runner/.cache/jdt-language-server/config/org.eclipse.equinox.launcher/org.eclipse.equinox.launcher.gtk.linux.x86_64_1.2.400.v20211117-0650/eclipse_11600.so
7f65a2c10000-7f65a2c11000 rw-p 00010000 00:15b5 362                      /home/runner/.cache/jdt-language-server/config/org.eclipse.equinox.launcher/org.eclipse.equinox.launcher.gtk.linux.x86_64_1.2.400.v20211117-0650/eclipse_11600.so
7f65a2f00000-7f65a3000000 ---p 00000000 00:00 0 
7f65a3000000-7f65a35af000 r--p 01122000 00:16ac 4611686019135190040      /nix/store/gpxl5qgg8kicmcvivwmybwjlpf7wh20l-graalvm17-ce-22.3.0/lib/libjvmcicompiler.so
7f65a35af000-7f65a3700000 r--p 00000000 00:00 0 
7f65a3700000-7f65a373d000 rw-p 00000000 00:00 0 
7f65a373d000-7f65a3c5d000 rw-p 0185f000 00:16ac 4611686019135190040      /nix/store/gpxl5qgg8kicmcvivwmybwjlpf7wh20l-graalvm17-ce-22.3.0/lib/libjvmcicompiler.so
7f65a3c5d000-7f65a4044000 r--p 01d7f000 00:16ac 4611686019135190040      /nix/store/gpxl5qgg8kicmcvivwmybwjlpf7wh20l-graalvm17-ce-22.3.0/lib/libjvmcicompiler.so
7f65a4100000-7f65a4104000 ---p 00000000 00:00 0 
7f65a4104000-7f65a4200000 rw-p 00000000 00:00 0 
7f65a4400000-7f65a4404000 ---p 00000000 00:00 0 
7f65a4404000-7f65a4500000 rw-p 00000000 00:00 0 
7f65a4500000-7f65a4504000 ---p 00000000 00:00 0 
7f65a4504000-7f65a4600000 rw-p 00000000 00:00 0 
7f65a4600000-7f65a4604000 ---p 00000000 00:00 0 
7f65a4604000-7f65a4700000 rw-p 00000000 00:00 0 
7f65a4700000-7f65a4704000 ---p 00000000 00:00 0 
7f65a4704000-7f65a4800000 rw-p 00000000 00:00 0 
7f65a4800000-7f65a4804000 ---p 00000000 00:00 0 
7f65a4804000-7f65a4900000 rw-p 00000000 00:00 0 
7f65a4900000-7f65a4904000 ---p 00000000 00:00 0 
7f65a4904000-7f65a4a00000 rw-p 00000000 00:00 0 
7f65a4a00000-7f65a4a04000 ---p 00000000 00:00 0 
7f65a4a04000-7f65a4b00000 rw-p 00000000 00:00 0 
7f65a4b00000-7f65a4b04000 ---p 00000000 00:00 0 
7f65a4b04000-7f65a4c00000 rw-p 00000000 00:00 0 
7f65a4d00000-7f65a4d04000 ---p 00000000 00:00 0 
7f65a4d04000-7f65a4e00000 rw-p 00000000 00:00 0 
7f65a4e00000-7f65a4e04000 ---p 00000000 00:00 0 
7f65a4e04000-7f65a4f00000 rw-p 00000000 00:00 0 
7f65a4f00000-7f65a4f04000 ---p 00000000 00:00 0 
7f65a4f04000-7f65a5000000 rw-p 00000000 00:00 0 
7f65a5100000-7f65a5104000 ---p 00000000 00:00 0 
7f65a5104000-7f65a5200000 rw-p 00000000 00:00 0 
7f65a5200000-7f65a5204000 ---p 00000000 00:00 0 
7f65a5204000-7f65a5300000 rw-p 00000000 00:00 0 
7f65a5300000-7f65a5304000 ---p 00000000 00:00 0 
7f65a5304000-7f65a5400000 rw-p 00000000 00:00 0 
7f65a5400000-7f65a5404000 ---p 00000000 00:00 0 
7f65a5404000-7f65a5500000 rw-p 00000000 00:00 0 
7f65a5500000-7f65a5504000 ---p 00000000 00:00 0 
7f65a5504000-7f65a5600000 rw-p 00000000 00:00 0 
7f65a5700000-7f65a5704000 ---p 00000000 00:00 0 
7f65a5704000-7f65a5800000 rw-p 00000000 00:00 0 
7f65a5800000-7f65a5804000 ---p 00000000 00:00 0 
7f65a5804000-7f65a5900000 rw-p 00000000 00:00 0 
7f65a5900000-7f65a5904000 ---p 00000000 00:00 0 
7f65a5904000-7f65a5a00000 rw-p 00000000 00:00 0 
7f65a5b00000-7f65a5b04000 ---p 00000000 00:00 0 
7f65a5b04000-7f65a5c00000 rw-p 00000000 00:00 0 
7f65a5c00000-7f65a7d6a000 r-xp 00000000 00:16ac 4611686019135190040      /nix/store/gpxl5qgg8kicmcvivwmybwjlpf7wh20l-graalvm17-ce-22.3.0/lib/libjvmcicompiler.so
7f65a7d6a000-7f65a7f69000 ---p 0216a000 00:16ac 4611686019135190040      /nix/store/gpxl5qgg8kicmcvivwmybwjlpf7wh20l-graalvm17-ce-22.3.0/lib/libjvmcicompiler.so
7f65a7f69000-7f65a7f6a000 r--p 02169000 00:16ac 4611686019135190040      /nix/store/gpxl5qgg8kicmcvivwmybwjlpf7wh20l-graalvm17-ce-22.3.0/lib/libjvmcicompiler.so
7f65a7f6a000-7f65a7f6c000 rw-p 0216a000 00:16ac 4611686019135190040      /nix/store/gpxl5qgg8kicmcvivwmybwjlpf7wh20l-graalvm17-ce-22.3.0/lib/libjvmcicompiler.so
7f65a7f6c000-7f65a7f6d000 rw-p 00000000 00:00 0 
7f65a7f6d000-7f65a7f72000 rw-p 023c3000 00:16ac 4611686019135190040      /nix/store/gpxl5qgg8kicmcvivwmybwjlpf7wh20l-graalvm17-ce-22.3.0/lib/libjvmcicompiler.so
7f65a8000000-7f65a8021000 rw-p 00000000 00:00 0 
7f65a8021000-7f65ac000000 ---p 00000000 00:00 0 
7f65ac000000-7f65ac021000 rw-p 00000000 00:00 0 
7f65ac021000-7f65b0000000 ---p 00000000 00:00 0 
7f65b0000000-7f65b0021000 rw-p 00000000 00:00 0 
7f65b0021000-7f65b4000000 ---p 00000000 00:00 0 
7f65b4000000-7f65b4021000 rw-p 00000000 00:00 0 
7f65b4021000-7f65b8000000 ---p 00000000 00:00 0 
7f65b8000000-7f65b80bc000 rw-p 00000000 00:00 0 
7f65b80bc000-7f65bc000000 ---p 00000000 00:00 0 
7f65bc000000-7f65bcae6000 rw-p 00000000 00:00 0 
7f65bcae6000-7f65c0000000 ---p 00000000 00:00 0 
7f65c0000000-7f65c0021000 rw-p 00000000 00:00 0 
7f65c0021000-7f65c4000000 ---p 00000000 00:00 0 
7f65c4000000-7f65c4021000 rw-p 00000000 00:00 0 
7f65c4021000-7f65c8000000 ---p 00000000 00:00 0 
7f65c8000000-7f65c8021000 rw-p 00000000 00:00 0 
7f65c8021000-7f65cc000000 ---p 00000000 00:00 0 
7f65cc000000-7f65cc021000 rw-p 00000000 00:00 0 
7f65cc021000-7f65d0000000 ---p 00000000 00:00 0 
7f65d0000000-7f65d0021000 rw-p 00000000 00:00 0 
7f65d0021000-7f65d4000000 ---p 00000000 00:00 0 
7f65d4000000-7f65d4021000 rw-p 00000000 00:00 0 
7f65d4021000-7f65d8000000 ---p 00000000 00:00 0 
7f65d8000000-7f65d81cf000 rw-p 00000000 00:00 0 
7f65d81cf000-7f65dc000000 ---p 00000000 00:00 0 
7f65dc000000-7f65dc004000 ---p 00000000 00:00 0 
7f65dc004000-7f65dc100000 rw-p 00000000 00:00 0 
7f65dc200000-7f65dc204000 ---p 00000000 00:00 0 
7f65dc204000-7f65dc300000 rw-p 00000000 00:00 0 
7f65dc300000-7f65dc304000 ---p 00000000 00:00 0 
7f65dc304000-7f65dc400000 rw-p 00000000 00:00 0 
7f65dc400000-7f65dc404000 ---p 00000000 00:00 0 
7f65dc404000-7f65dc500000 rw-p 00000000 00:00 0 
7f65dc600000-7f65dc604000 ---p 00000000 00:00 0 
7f65dc604000-7f65dc700000 rw-p 00000000 00:00 0 
7f65dd468000-7f65dd900000 rw-p 00000000 00:00 0 
7f65dd918000-7f65dd919000 ---p 00000000 00:00 0 
7f65dd919000-7f65dda1a000 rw-p 00000000 00:00 0 
7f65dda1a000-7f65dda1e000 ---p 00000000 00:00 0 
7f65dda1e000-7f65ddb1a000 rw-p 00000000 00:00 0 
7f65ddb1a000-7f65ddb1e000 ---p 00000000 00:00 0 
7f65ddb1e000-7f65ddc1a000 rw-p 00000000 00:00 0 
7f65ddc1a000-7f65ddc1e000 ---p 00000000 00:00 0 
7f65ddc1e000-7f65ddd1a000 rw-p 00000000 00:00 0 
7f65ddd1a000-7f65ddd1e000 ---p 00000000 00:00 0 
7f65ddd1e000-7f65ddf1a000 rw-p 00000000 00:00 0 
7f65ddf1a000-7f65ddf1e000 ---p 00000000 00:00 0 
7f65ddf1e000-7f65de11a000 rw-p 00000000 00:00 0 
7f65de11a000-7f65de11e000 ---p 00000000 00:00 0 
7f65de11e000-7f65de21a000 rw-p 00000000 00:00 0 
7f65de21a000-7f65de21e000 ---p 00000000 00:00 0 
7f65de21e000-7f65de31a000 rw-p 00000000 00:00 0 
7f65de31a000-7f65de31e000 ---p 00000000 00:00 0 
7f65de31e000-7f65de41a000 rw-p 00000000 00:00 0 
7f65de41a000-7f65de700000 r--p 00000000 00:13ac 28444448                 /usr/lib/locale/locale-archive
7f65de700000-7f65de704000 ---p 00000000 00:00 0 
7f65de704000-7f65dec00000 rw-p 00000000 00:00 0 
7f65dec00000-7f65deec0000 rw-p 00000000 00:00 0 
7f65deec0000-7f65def00000 rw-p 00000000 00:00 0 
7f65def00000-7f65df000000 rw-p 00000000 00:00 0 
7f65df0e0000-7f65df0e4000 ---p 00000000 00:00 0 
7f65df0e4000-7f65df1e0000 rw-p 00000000 00:00 0 
7f65df1e0000-7f65df1e1000 ---p 00000000 00:00 0 
7f65df1e1000-7f65df2e2000 rw-p 00000000 00:00 0 
7f65df2e2000-7f65df3b0000 r-xp 00000000 00:16ac 4611686019135190036      /nix/store/gpxl5qgg8kicmcvivwmybwjlpf7wh20l-graalvm17-ce-22.3.0/lib/libjsvml.so
7f65df3b0000-7f65df3b1000 r--p 000cd000 00:16ac 4611686019135190036      /nix/store/gpxl5qgg8kicmcvivwmybwjlpf7wh20l-graalvm17-ce-22.3.0/lib/libjsvml.so
7f65df3b1000-7f65df3b2000 rw-p 000ce000 00:16ac 4611686019135190036      /nix/store/gpxl5qgg8kicmcvivwmybwjlpf7wh20l-graalvm17-ce-22.3.0/lib/libjsvml.so
7f65df3b2000-7f65df4b3000 rw-p 00000000 00:00 0 
7f65df4b3000-7f65df723000 rwxp 00000000 00:00 0 
7f65df723000-7f65dfa42000 ---p 00000000 00:00 0 
7f65dfa42000-7f65e0e82000 rwxp 00000000 00:00 0 
7f65e0e82000-7f65e6f7a000 ---p 00000000 00:00 0 
7f65e6f7a000-7f65e721a000 rwxp 00000000 00:00 0 
7f65e721a000-7f65ee4b3000 ---p 00000000 00:00 0 
7f65ee4b3000-7f65f8000000 r--s 00000000 00:16ac 4611686019135192581      /nix/store/gpxl5qgg8kicmcvivwmybwjlpf7wh20l-graalvm17-ce-22.3.0/lib/modules
7f65f8000000-7f65f840b000 rw-p 00000000 00:00 0 
7f65f840b000-7f65fc000000 ---p 00000000 00:00 0 
7f65fc02f000-7f65fc033000 ---p 00000000 00:00 0 
7f65fc033000-7f65fc051000 rw-p 00000000 00:00 0 
7f65fc051000-7f65fc058000 r-xp 00000000 00:16ac 4611686019135192580      /nix/store/gpxl5qgg8kicmcvivwmybwjlpf7wh20l-graalvm17-ce-22.3.0/lib/libzip.so
7f65fc058000-7f65fc059000 ---p 00007000 00:16ac 4611686019135192580      /nix/store/gpxl5qgg8kicmcvivwmybwjlpf7wh20l-graalvm17-ce-22.3.0/lib/libzip.so
7f65fc059000-7f65fc05a000 r--p 00007000 00:16ac 4611686019135192580      /nix/store/gpxl5qgg8kicmcvivwmybwjlpf7wh20l-graalvm17-ce-22.3.0/lib/libzip.so
7f65fc05a000-7f65fc05b000 rw-p 00008000 00:16ac 4611686019135192580      /nix/store/gpxl5qgg8kicmcvivwmybwjlpf7wh20l-graalvm17-ce-22.3.0/lib/libzip.so
7f65fc05b000-7f65fc05d000 rw-p 0000b000 00:16ac 4611686019135192580      /nix/store/gpxl5qgg8kicmcvivwmybwjlpf7wh20l-graalvm17-ce-22.3.0/lib/libzip.so
7f65fc05d000-7f65fc072000 r-xp 00000000 00:16ac 4611686019135192570      /nix/store/gpxl5qgg8kicmcvivwmybwjlpf7wh20l-graalvm17-ce-22.3.0/lib/libnet.so
7f65fc072000-7f65fc073000 ---p 00015000 00:16ac 4611686019135192570      /nix/store/gpxl5qgg8kicmcvivwmybwjlpf7wh20l-graalvm17-ce-22.3.0/lib/libnet.so
7f65fc073000-7f65fc074000 r--p 00015000 00:16ac 4611686019135192570      /nix/store/gpxl5qgg8kicmcvivwmybwjlpf7wh20l-graalvm17-ce-22.3.0/lib/libnet.so
7f65fc074000-7f65fc075000 rw-p 00016000 00:16ac 4611686019135192570      /nix/store/gpxl5qgg8kicmcvivwmybwjlpf7wh20l-graalvm17-ce-22.3.0/lib/libnet.so
7f65fc075000-7f65fc078000 rw-p 0001b000 00:16ac 4611686019135192570      /nix/store/gpxl5qgg8kicmcvivwmybwjlpf7wh20l-graalvm17-ce-22.3.0/lib/libnet.so
7f65fc078000-7f65fc08b000 r-xp 00000000 00:16ac 4611686019135192571      /nix/store/gpxl5qgg8kicmcvivwmybwjlpf7wh20l-graalvm17-ce-22.3.0/lib/libnio.so
7f65fc08b000-7f65fc08c000 r--p 00012000 00:16ac 4611686019135192571      /nix/store/gpxl5qgg8kicmcvivwmybwjlpf7wh20l-graalvm17-ce-22.3.0/lib/libnio.so
7f65fc08c000-7f65fc08d000 rw-p 00013000 00:16ac 4611686019135192571      /nix/store/gpxl5qgg8kicmcvivwmybwjlpf7wh20l-graalvm17-ce-22.3.0/lib/libnio.so
7f65fc08d000-7f65fc092000 rw-p 00019000 00:16ac 4611686019135192571      /nix/store/gpxl5qgg8kicmcvivwmybwjlpf7wh20l-graalvm17-ce-22.3.0/lib/libnio.so
7f65fc092000-7f65fd869000 rw-p 00000000 00:00 0 
7f65fd869000-7f65fd86a000 ---p 00000000 00:00 0 
7f65fd86a000-7f65fda15000 rw-p 00000000 00:00 0 
7f65fda15000-7f65fda3a000 rw-p 00000000 00:00 0 
7f65fda3a000-7f65fda6b000 ---p 00000000 00:00 0 
7f65fda6b000-7f65fda72000 rw-p 00000000 00:00 0 
7f65fda72000-7f65fdb57000 ---p 00000000 00:00 0 
7f65fdb57000-7f65fdb80000 rw-p 00000000 00:00 0 
7f65fdb80000-7f65fdc42000 ---p 00000000 00:00 0 
7f65fdc42000-7f65fdc47000 rw-p 00000000 00:00 0 
7f65fdc47000-7f65fdc4e000 ---p 00000000 00:00 0 
7f65fdc4e000-7f65fdc72000 r-xp 00000000 00:16ac 4611686019135190028      /nix/store/gpxl5qgg8kicmcvivwmybwjlpf7wh20l-graalvm17-ce-22.3.0/lib/libjava.so
7f65fdc72000-7f65fdc73000 ---p 00024000 00:16ac 4611686019135190028      /nix/store/gpxl5qgg8kicmcvivwmybwjlpf7wh20l-graalvm17-ce-22.3.0/lib/libjava.so
7f65fdc73000-7f65fdc74000 r--p 00024000 00:16ac 4611686019135190028      /nix/store/gpxl5qgg8kicmcvivwmybwjlpf7wh20l-graalvm17-ce-22.3.0/lib/libjava.so
7f65fdc74000-7f65fdc75000 rw-p 00025000 00:16ac 4611686019135190028      /nix/store/gpxl5qgg8kicmcvivwmybwjlpf7wh20l-graalvm17-ce-22.3.0/lib/libjava.so
7f65fdc75000-7f65fdc76000 rw-p 00000000 00:00 0 
7f65fdc76000-7f65fdc7d000 rw-p 0002f000 00:16ac 4611686019135190028      /nix/store/gpxl5qgg8kicmcvivwmybwjlpf7wh20l-graalvm17-ce-22.3.0/lib/libjava.so
7f65fdc7d000-7f65fdc85000 rw-s 00000000 00:b68 672                       /tmp/hsperfdata_runner/667
7f65fdc85000-7f65fdc86000 ---p 00000000 00:00 0 
7f65fdc86000-7f65fdc87000 r--p 00000000 00:00 0 
7f65fdc87000-7f65fdc88000 rwxp 00000000 00:00 0 
7f65fdc88000-7f65fdca3000 r-xp 00000000 00:16ac 4611686019135190032      /nix/store/gpxl5qgg8kicmcvivwmybwjlpf7wh20l-graalvm17-ce-22.3.0/lib/libjimage.so
7f65fdca3000-7f65fdca4000 ---p 0001b000 00:16ac 4611686019135190032      /nix/store/gpxl5qgg8kicmcvivwmybwjlpf7wh20l-graalvm17-ce-22.3.0/lib/libjimage.so
7f65fdca4000-7f65fdca6000 r--p 0001b000 00:16ac 4611686019135190032      /nix/store/gpxl5qgg8kicmcvivwmybwjlpf7wh20l-graalvm17-ce-22.3.0/lib/libjimage.so
7f65fdca6000-7f65fdca7000 rw-p 0001d000 00:16ac 4611686019135190032      /nix/store/gpxl5qgg8kicmcvivwmybwjlpf7wh20l-graalvm17-ce-22.3.0/lib/libjimage.so
7f65fdca7000-7f65fdca8000 rw-p 00024000 00:16ac 4611686019135190032      /nix/store/gpxl5qgg8kicmcvivwmybwjlpf7wh20l-graalvm17-ce-22.3.0/lib/libjimage.so
7f65fdca8000-7f65fdcac000 ---p 00000000 00:00 0 
7f65fdcac000-7f65fdda8000 rw-p 00000000 00:00 0 
7f65fdda8000-7f65fddb6000 r--p 00000000 00:16ac 4611686019027979927      /nix/store/4nlgxhb09sdr51nc9hdm8az5b08vzkgx-glibc-2.35-163/lib/libm.so.6
7f65fddb6000-7f65fde29000 r-xp 0000e000 00:16ac 4611686019027979927      /nix/store/4nlgxhb09sdr51nc9hdm8az5b08vzkgx-glibc-2.35-163/lib/libm.so.6
7f65fde29000-7f65fde86000 r--p 00081000 00:16ac 4611686019027979927      /nix/store/4nlgxhb09sdr51nc9hdm8az5b08vzkgx-glibc-2.35-163/lib/libm.so.6
7f65fde86000-7f65fde87000 r--p 000dd000 00:16ac 4611686019027979927      /nix/store/4nlgxhb09sdr51nc9hdm8az5b08vzkgx-glibc-2.35-163/lib/libm.so.6
7f65fde87000-7f65fde88000 rw-p 000de000 00:16ac 4611686019027979927      /nix/store/4nlgxhb09sdr51nc9hdm8az5b08vzkgx-glibc-2.35-163/lib/libm.so.6
7f65fde88000-7f65fde89000 r--p 00000000 00:16ac 4611686019027979946      /nix/store/4nlgxhb09sdr51nc9hdm8az5b08vzkgx-glibc-2.35-163/lib/librt.so.1
7f65fde89000-7f65fde8a000 r-xp 00001000 00:16ac 4611686019027979946      /nix/store/4nlgxhb09sdr51nc9hdm8az5b08vzkgx-glibc-2.35-163/lib/librt.so.1
7f65fde8a000-7f65fde8b000 r--p 00002000 00:16ac 4611686019027979946      /nix/store/4nlgxhb09sdr51nc9hdm8az5b08vzkgx-glibc-2.35-163/lib/librt.so.1
7f65fde8b000-7f65fde8c000 r--p 00002000 00:16ac 4611686019027979946      /nix/store/4nlgxhb09sdr51nc9hdm8az5b08vzkgx-glibc-2.35-163/lib/librt.so.1
7f65fde8c000-7f65fde8d000 rw-p 00003000 00:16ac 4611686019027979946      /nix/store/4nlgxhb09sdr51nc9hdm8az5b08vzkgx-glibc-2.35-163/lib/librt.so.1
7f65fde8d000-7f65fefa0000 r-xp 00000000 00:16ac 4611686019135360866      /nix/store/gpxl5qgg8kicmcvivwmybwjlpf7wh20l-graalvm17-ce-22.3.0/lib/server/libjvm.so
7f65fefa0000-7f65fefa1000 ---p 01113000 00:16ac 4611686019135360866      /nix/store/gpxl5qgg8kicmcvivwmybwjlpf7wh20l-graalvm17-ce-22.3.0/lib/server/libjvm.so
7f65fefa1000-7f65ff056000 r--p 01113000 00:16ac 4611686019135360866      /nix/store/gpxl5qgg8kicmcvivwmybwjlpf7wh20l-graalvm17-ce-22.3.0/lib/server/libjvm.so
7f65ff056000-7f65ff08a000 rw-p 011c8000 00:16ac 4611686019135360866      /nix/store/gpxl5qgg8kicmcvivwmybwjlpf7wh20l-graalvm17-ce-22.3.0/lib/server/libjvm.so
7f65ff08a000-7f65ff0e6000 rw-p 00000000 00:00 0 
7f65ff0e6000-7f65ff10e000 r--p 00000000 00:16ac 4611686019027979918      /nix/store/4nlgxhb09sdr51nc9hdm8az5b08vzkgx-glibc-2.35-163/lib/libc.so.6
7f65ff10e000-7f65ff284000 r-xp 00028000 00:16ac 4611686019027979918      /nix/store/4nlgxhb09sdr51nc9hdm8az5b08vzkgx-glibc-2.35-163/lib/libc.so.6
7f65ff284000-7f65ff2dc000 r--p 0019e000 00:16ac 4611686019027979918      /nix/store/4nlgxhb09sdr51nc9hdm8az5b08vzkgx-glibc-2.35-163/lib/libc.so.6
7f65ff2dc000-7f65ff2e0000 r--p 001f6000 00:16ac 4611686019027979918      /nix/store/4nlgxhb09sdr51nc9hdm8az5b08vzkgx-glibc-2.35-163/lib/libc.so.6
7f65ff2e0000-7f65ff2e2000 rw-p 001fa000 00:16ac 4611686019027979918      /nix/store/4nlgxhb09sdr51nc9hdm8az5b08vzkgx-glibc-2.35-163/lib/libc.so.6
7f65ff2e2000-7f65ff2f1000 rw-p 00000000 00:00 0 
7f65ff2f1000-7f65ff2f2000 r--p 00000000 00:16ac 4611686019027979923      /nix/store/4nlgxhb09sdr51nc9hdm8az5b08vzkgx-glibc-2.35-163/lib/libdl.so.2
7f65ff2f2000-7f65ff2f3000 r-xp 00001000 00:16ac 4611686019027979923      /nix/store/4nlgxhb09sdr51nc9hdm8az5b08vzkgx-glibc-2.35-163/lib/libdl.so.2
7f65ff2f3000-7f65ff2f4000 r--p 00002000 00:16ac 4611686019027979923      /nix/store/4nlgxhb09sdr51nc9hdm8az5b08vzkgx-glibc-2.35-163/lib/libdl.so.2
7f65ff2f4000-7f65ff2f5000 r--p 00002000 00:16ac 4611686019027979923      /nix/store/4nlgxhb09sdr51nc9hdm8az5b08vzkgx-glibc-2.35-163/lib/libdl.so.2
7f65ff2f5000-7f65ff2f6000 rw-p 00003000 00:16ac 4611686019027979923      /nix/store/4nlgxhb09sdr51nc9hdm8az5b08vzkgx-glibc-2.35-163/lib/libdl.so.2
7f65ff2f6000-7f65ff2f7000 r--p 00000000 00:16ac 4611686019027979942      /nix/store/4nlgxhb09sdr51nc9hdm8az5b08vzkgx-glibc-2.35-163/lib/libpthread.so.0
7f65ff2f7000-7f65ff2f8000 r-xp 00001000 00:16ac 4611686019027979942      /nix/store/4nlgxhb09sdr51nc9hdm8az5b08vzkgx-glibc-2.35-163/lib/libpthread.so.0
7f65ff2f8000-7f65ff2f9000 r--p 00002000 00:16ac 4611686019027979942      /nix/store/4nlgxhb09sdr51nc9hdm8az5b08vzkgx-glibc-2.35-163/lib/libpthread.so.0
7f65ff2f9000-7f65ff2fa000 r--p 00002000 00:16ac 4611686019027979942      /nix/store/4nlgxhb09sdr51nc9hdm8az5b08vzkgx-glibc-2.35-163/lib/libpthread.so.0
7f65ff2fa000-7f65ff2fb000 rw-p 00003000 00:16ac 4611686019027979942      /nix/store/4nlgxhb09sdr51nc9hdm8az5b08vzkgx-glibc-2.35-163/lib/libpthread.so.0
7f65ff2fb000-7f65ff309000 r-xp 00000000 00:16ac 4611686019135190033      /nix/store/gpxl5qgg8kicmcvivwmybwjlpf7wh20l-graalvm17-ce-22.3.0/lib/libjli.so
7f65ff309000-7f65ff30a000 ---p 0000e000 00:16ac 4611686019135190033      /nix/store/gpxl5qgg8kicmcvivwmybwjlpf7wh20l-graalvm17-ce-22.3.0/lib/libjli.so
7f65ff30a000-7f65ff30b000 r--p 0000e000 00:16ac 4611686019135190033      /nix/store/gpxl5qgg8kicmcvivwmybwjlpf7wh20l-graalvm17-ce-22.3.0/lib/libjli.so
7f65ff30b000-7f65ff30c000 rw-p 0000f000 00:16ac 4611686019135190033      /nix/store/gpxl5qgg8kicmcvivwmybwjlpf7wh20l-graalvm17-ce-22.3.0/lib/libjli.so
7f65ff30c000-7f65ff30d000 rw-p 00012000 00:16ac 4611686019135190033      /nix/store/gpxl5qgg8kicmcvivwmybwjlpf7wh20l-graalvm17-ce-22.3.0/lib/libjli.so
7f65ff30d000-7f65ff310000 r--p 00000000 00:16ac 4611686019106210071      /nix/store/026hln0aq1hyshaxsdvhg0kmcm6yf45r-zlib-1.2.13/lib/libz.so.1.2.13
7f65ff310000-7f65ff322000 r-xp 00003000 00:16ac 4611686019106210071      /nix/store/026hln0aq1hyshaxsdvhg0kmcm6yf45r-zlib-1.2.13/lib/libz.so.1.2.13
7f65ff322000-7f65ff329000 r--p 00015000 00:16ac 4611686019106210071      /nix/store/026hln0aq1hyshaxsdvhg0kmcm6yf45r-zlib-1.2.13/lib/libz.so.1.2.13
7f65ff329000-7f65ff32a000 r--p 0001b000 00:16ac 4611686019106210071      /nix/store/026hln0aq1hyshaxsdvhg0kmcm6yf45r-zlib-1.2.13/lib/libz.so.1.2.13
7f65ff32a000-7f65ff32b000 rw-p 0001c000 00:16ac 4611686019106210071      /nix/store/026hln0aq1hyshaxsdvhg0kmcm6yf45r-zlib-1.2.13/lib/libz.so.1.2.13
7f65ff32b000-7f65ff32d000 rw-p 00000000 00:00 0 
7f65ff32d000-7f65ff32f000 r--p 00000000 00:16ac 4611686019027979912      /nix/store/4nlgxhb09sdr51nc9hdm8az5b08vzkgx-glibc-2.35-163/lib/ld-linux-x86-64.so.2
7f65ff32f000-7f65ff356000 r-xp 00002000 00:16ac 4611686019027979912      /nix/store/4nlgxhb09sdr51nc9hdm8az5b08vzkgx-glibc-2.35-163/lib/ld-linux-x86-64.so.2
7f65ff356000-7f65ff362000 r--p 00029000 00:16ac 4611686019027979912      /nix/store/4nlgxhb09sdr51nc9hdm8az5b08vzkgx-glibc-2.35-163/lib/ld-linux-x86-64.so.2
7f65ff362000-7f65ff364000 r--p 00034000 00:16ac 4611686019027979912      /nix/store/4nlgxhb09sdr51nc9hdm8az5b08vzkgx-glibc-2.35-163/lib/ld-linux-x86-64.so.2
7f65ff364000-7f65ff366000 rw-p 00036000 00:16ac 4611686019027979912      /nix/store/4nlgxhb09sdr51nc9hdm8az5b08vzkgx-glibc-2.35-163/lib/ld-linux-x86-64.so.2
7ffc78301000-7ffc78325000 rw-p 00000000 00:00 0                          [stack]
7ffc78343000-7ffc78347000 r--p 00000000 00:00 0                          [vvar]
7ffc78347000-7ffc78349000 r-xp 00000000 00:00 0                          [vdso]
ffffffffff600000-ffffffffff601000 --xp 00000000 00:00 0                  [vsyscall]


VM Arguments:
jvm_args: -XX:ThreadPriorityPolicy=1 -XX:+UnlockExperimentalVMOptions -XX:+EnableJVMCIProduct -XX:JVMCIThreadsPerNativeLibraryRuntime=1 -XX:-UnlockExperimentalVMOptions -Declipse.application=org.eclipse.jdt.ls.core.id1 -Dosgi.bundles.defaultStartLevel=4 -Declipse.product=org.eclipse.jdt.ls.core.product -Dlog.level=ALL -Xverify:none -XX:+UseParallelGC -XX:GCTimeRatio=4 -XX:AdaptiveSizePolicyWeight=90 -Dsun.zip.disableMemoryMapping=true -Xmx512m -Xms100m 
java_command: /nix/store/m6gcpi1ii6rghy04cjwjddcavv7i90df-jdt-language-server-1.9.0/share/java/plugins/org.eclipse.equinox.launcher_1.6.400.v20210924-0641.jar --add-modules=ALL-SYSTEM --add-opens java.base/java.util=ALL-UNNAMED --add-opens java.base/java.lang=ALL-UNNAMED -configuration /home/runner/.cache/jdt-language-server/config -data /home/runner/.cache/jdt-language-server/data/home/runner/NeuralNetwork
java_class_path (initial): /nix/store/m6gcpi1ii6rghy04cjwjddcavv7i90df-jdt-language-server-1.9.0/share/java/plugins/org.eclipse.equinox.launcher_1.6.400.v20210924-0641.jar
Launcher Type: SUN_STANDARD

[Global flags]
    uintx AdaptiveSizePolicyWeight                 = 90                                        {product} {command line}
     intx CICompilerCount                          = 2                                         {product} {ergonomic}
     bool EnableJVMCIProduct                       = true                                {JVMCI product} {jimage}
    uintx GCTimeRatio                              = 4                                         {product} {command line}
   size_t InitialHeapSize                          = 104857600                                 {product} {command line}
     uint JVMCIThreadsPerNativeLibraryRuntime      = 1                                   {JVMCI product} {jimage}
   size_t MaxHeapSize                              = 536870912                                 {product} {command line}
   size_t MaxNewSize                               = 178782208                                 {product} {ergonomic}
   size_t MinHeapDeltaBytes                        = 524288                                    {product} {ergonomic}
   size_t MinHeapSize                              = 104857600                                 {product} {command line}
   size_t NewSize                                  = 34603008                                  {product} {ergonomic}
    uintx NonNMethodCodeHeapSize                   = 5826188                                {pd product} {ergonomic}
    uintx NonProfiledCodeHeapSize                  = 122916026                              {pd product} {ergonomic}
   size_t OldSize                                  = 70254592                                  {product} {ergonomic}
    uintx ProfiledCodeHeapSize                     = 122916026                              {pd product} {ergonomic}
    uintx ReservedCodeCacheSize                    = 251658240                              {pd product} {ergonomic}
     bool SegmentedCodeCache                       = true                                      {product} {ergonomic}
   size_t SoftMaxHeapSize                          = 536870912                              {manageable} {ergonomic}
     intx ThreadPriorityPolicy                     = 1                                         {product} {jimage}
     bool UseCompressedClassPointers               = true                           {product lp64_product} {ergonomic}
     bool UseCompressedOops                        = true                           {product lp64_product} {ergonomic}
     bool UseParallelGC                            = true                                      {product} {command line}

Logging:
Log output configuration:
 #0: stdout all=warning uptime,level,tags
 #1: stderr all=off uptime,level,tags

Environment Variables:
JAVA_HOME=/nix/store/gpxl5qgg8kicmcvivwmybwjlpf7wh20l-graalvm17-ce-22.3.0
PATH=/nix/store/1d6ian3r8kdzspw8hacjhl3xkp40g1lj-binutils-wrapper-2.39/bin:/nix/store/dq0xwmsk1g0i2ayg6pb7y87na2knzylh-gcc-wrapper-11.3.0/bin:/nix/store/bap4d0lpcrhpwmpb8ayjcgkmvfj62lnq-bash-interactive-5.1-p16/bin:/nix/store/pr5n59mb4jzmfx6kanwxly0l07p861fg-patchelf-0.15.0/bin:/nix/store/1gf2flfqnpqbr1b4p4qz2f72y42bs56r-gcc-11.3.0/bin:/nix/store/57xv61c5zi8pphjbcwxxjlgc34p61ic9-glibc-2.35-163-bin/bin:/nix/store/a7gvj343m05j2s32xcnwr35v31ynlypr-coreutils-9.1/bin:/nix/store/039g378vc3pc3dvi9dzdlrd0i4q93qwf-binutils-2.39/bin:/nix/store/gpxl5qgg8kicmcvivwmybwjlpf7wh20l-graalvm17-ce-22.3.0/bin:/nix/store/6z9ag3ihc8mq2hzsw48lhbznvzny65nz-apache-maven-3.8.6/bin:/nix/store/m6gcpi1ii6rghy04cjwjddcavv7i90df-jdt-language-server-1.9.0/bin:/nix/store/84xs5alhs01zrbr4ywm05kxbjbp5590l-java-debug/bin:/nix/store/mydc6f4k2z73xlcz7ilif3v2lcaiqvza-findutils-4.9.0/bin:/nix/store/j9p3g8472iijd50vhdprx0nmk2fqn5gv-diffutils-3.8/bin:/nix/store/89zs7rms6x00xfq4dq6m7mjnhkr8a6r4-gnused-4.8/bin:/nix/store/86bp03jkmsl6f92w0yzg4s59g5mhxwmy-gnugrep-3.7/bin:/nix/store/hwcdqw4jrjnd37wxqgsd47hd0j8bnj09-gawk-5.1.1/bin:/nix/store/cfbhw8r8ags41vwqaz47r583d0p4h4a1-gnutar-1.34/bin:/nix/store/p3m1ndl1lapwrlh698bnb5lvvxh67378-gzip-1.12/bin:/nix/store/a8mhcagrsly7c7mpjrpsnaahk4aax056-bzip2-1.0.8-bin/bin:/nix/store/mblgz65m3zv9x548a3d5m96fj2pbwr09-gnumake-4.3/bin:/nix/store/dsd5gz46hdbdk2rfdimqddhq6m8m8fqs-bash-5.1-p16/bin:/nix/store/v7ljksji50mg3w61dykaa3n3y79n6nil-patch-2.7.6/bin:/nix/store/zlcnmqq14jz5x9439jf937mvayyl63da-xz-5.2.7-bin/bin:/nix/store/y6aj732zm9m87c82fpvf103a1xb22blp-file-5.43/bin:/nix/store/i4kzir3m7mrisxmf5xvlnkw01x4qaqr4-prybar-elisp-0.0.0-e0d9a52/bin:/nix/store/lwwivxf6h7x3cvxp9zv8sj0mv7dak99r-prybar-lua-0.0.0-e0d9a52/bin:/nix/store/gxj28g1cg4hq3qanmjv07156h800qr58-prybar-python3-0.0.0-e0d9a52/bin:/nix/store/hshkjnxrgidigf8x75vg6lqng2xlx9i3-prybar-sqlite-0.0.0-e0d9a52/bin:/nix/store/c4w01bpjgyy5ixmwdk8m1pw87zq4sl26-prybar-tcl-0.0.0-e0d9a52/bin:/nix/store/hpbvrlwd5viqmvcaisb3x0118i913a9n-st
LD_LIBRARY_PATH=/nix/store/a4pff549sk2idnkpzk5nsfps3mdkdnvm-cups-2.4.2-lib/lib:/nix/store/72mqxxhh3cy5yifh92wh2yb8cl2hikyy-cairo-1.16.0/lib:/nix/store/2k366jrbsra97gjfxwvrhvixjfxdach5-glib-2.74.1/lib:/nix/store/2j2znigd8ak37rlwh9khz0ry3clqlw1l-gtk+3-3.24.34/lib:/nix/store/hisqvx32cd57apbpcsnkpx6k3549wql1-libglvnd-1.4.0/lib:/nix/store/p36pgcv991mq5srvg765b78yqpxvk3qs-mesa-21.3.3-drivers/lib:/nix/store/mav4251if1ahjq5vkpwycyyvnmy459c4-pulseaudio-14.2/lib
DISPLAY=:0
LANG=en_US.UTF-8

Signal Handlers:
   SIGSEGV: crash_handler in libjvm.so, mask=11100100010111111101111111111110, flags=SA_RESTART|SA_SIGINFO
    SIGBUS: crash_handler in libjvm.so, mask=11100100010111111101111111111110, flags=SA_RESTART|SA_SIGINFO
    SIGFPE: crash_handler in libjvm.so, mask=11100100010111111101111111111110, flags=SA_RESTART|SA_SIGINFO
   SIGPIPE: IsolateEnterStub_IgnoreSIGPIPEStartupHook_noopSignalHandler_8f19bff2f35b5f630d83b364d6b2339320d4ec70_216e8361c6bc87a8f89f58cc10d3b2fd4415bf87 in libjvmcicompiler.so, mask=00000000000000000000000000000000, flags=SA_RESTART
  *** Handler was modified!
  *** Expected: javaSignalHandler in libjvm.so, mask=11100100110111111111111111111110, flags=SA_RESTART|SA_SIGINFO
   SIGXFSZ: javaSignalHandler in libjvm.so, mask=11100100010111111101111111111110, flags=SA_RESTART|SA_SIGINFO
    SIGILL: crash_handler in libjvm.so, mask=11100100010111111101111111111110, flags=SA_RESTART|SA_SIGINFO
   SIGUSR2: SR_handler in libjvm.so, mask=00000000000000000000000000000000, flags=SA_RESTART|SA_SIGINFO
    SIGHUP: UserHandler in libjvm.so, mask=11100100010111111101111111111110, flags=SA_RESTART|SA_SIGINFO
    SIGINT: UserHandler in libjvm.so, mask=11100100010111111101111111111110, flags=SA_RESTART|SA_SIGINFO
   SIGTERM: UserHandler in libjvm.so, mask=11100100010111111101111111111110, flags=SA_RESTART|SA_SIGINFO
   SIGQUIT: UserHandler in libjvm.so, mask=11100100010111111101111111111110, flags=SA_RESTART|SA_SIGINFO
  *** Handler was modified!
  *** Expected: javaSignalHandler in libjvm.so, mask=11100100110111111111111111111110, flags=SA_RESTART|SA_SIGINFO
   SIGTRAP: crash_handler in libjvm.so, mask=11100100010111111101111111111110, flags=SA_RESTART|SA_SIGINFO


---------------  S Y S T E M  ---------------

OS:
DISTRIB_ID=Ubuntu
DISTRIB_RELEASE=20.04
DISTRIB_CODENAME=focal
DISTRIB_DESCRIPTION="Ubuntu 20.04.2 LTS"
uname: Linux 5.19.0-1030-gcp #32~22.04.1-Ubuntu SMP Thu Jul 13 09:36:23 UTC 2023 x86_64
OS uptime: 0 days 4:19 hours
libc: glibc 2.35 NPTL 2.35 
rlimit (soft/hard): STACK 8192k/infinity , CORE infinity/infinity , NPROC infinity/infinity , NOFILE 5242/5242 , AS infinity/infinity , CPU infinity/infinity , DATA infinity/infinity , FSIZE infinity/infinity , MEMLOCK 8192k/8192k
load average: 23.58 20.21 19.45

/proc/meminfo:
MemTotal:       65839956 kB
MemFree:        10590808 kB
MemAvailable:   38238196 kB
Buffers:         2494200 kB
Cached:         24009940 kB
SwapCached:            0 kB
Active:         11823764 kB
Inactive:       40175880 kB
Active(anon):      17800 kB
Inactive(anon): 25259976 kB
Active(file):   11805964 kB
Inactive(file): 14915904 kB
Unevictable:       29228 kB
Mlocked:           29228 kB
SwapTotal:             0 kB
SwapFree:              0 kB
Zswap:                 0 kB
Zswapped:              0 kB
Dirty:              5320 kB
Writeback:             0 kB
AnonPages:      23432000 kB
Mapped:          2055412 kB
Shmem:             35808 kB
KReclaimable:    1652008 kB
Slab:            2369772 kB
SReclaimable:    1652008 kB
SUnreclaim:       717764 kB
KernelStack:      183276 kB
PageTables:       258596 kB
NFS_Unstable:          0 kB
Bounce:                0 kB
WritebackTmp:          0 kB
CommitLimit:    32919976 kB
Committed_AS:   83563300 kB
VmallocTotal:   34359738367 kB
VmallocUsed:      218312 kB
VmallocChunk:          0 kB
Percpu:            41216 kB
HardwareCorrupted:     0 kB
AnonHugePages:   1587200 kB
ShmemHugePages:        0 kB
ShmemPmdMapped:        0 kB
FileHugePages:         0 kB
FilePmdMapped:         0 kB
HugePages_Total:       0
HugePages_Free:        0
HugePages_Rsvd:        0
HugePages_Surp:        0
Hugepagesize:       2048 kB
Hugetlb:               0 kB
DirectMap4k:     5192504 kB
DirectMap2M:    51427328 kB
DirectMap1G:    12582912 kB

/sys/kernel/mm/transparent_hugepage/enabled: always [madvise] never
/sys/kernel/mm/transparent_hugepage/defrag (defrag/compaction efforts parameter): always defer defer+madvise [madvise] never

Process Memory:
Virtual Size: 4988996K (peak: 5081896K)
Resident Set Size: 763696K (peak: 824964K) (anon: 571544K, file: 192152K, shmem: 0K)
Swapped out: 0K
C-Heap outstanding allocations: 40517K, retained: 15878K
glibc malloc tunables: (default)

/proc/sys/kernel/threads-max (system-wide limit on the number of threads): 514310
/proc/sys/vm/max_map_count (maximum number of memory map areas a process may have): 65530
/proc/sys/kernel/pid_max (system-wide limit on number of process identifiers): 4194304

container (cgroup) information:
container_type: cgroupv1
cpu_cpuset_cpus: 2-7
cpu_memory_nodes: 0
active_processor_count: 1
cpu_quota: 50000
cpu_period: 100000
cpu_shares: 512
memory_limit_in_bytes: 1048576 k
memory_and_swap_limit_in_bytes: 1048576 k
memory_soft_limit_in_bytes: 524288 k
memory_usage_in_bytes: 618940 k
memory_max_usage_in_bytes: 1048576 k
maximum number of tasks: 1000
current number of tasks: 56

KVM virtualization detected
Steal ticks since vm start: 0
Steal ticks percentage since vm start:  0.000

CPU: total 8 (initial active 1) (8 cores per cpu, 2 threads per core) family 23 model 49 stepping 0 microcode 0xffffffff, cx8, cmov, fxsr, ht, mmx, 3dnowpref, sse, sse2, sse3, ssse3, sse4a, sse4.1, sse4.2, popcnt, lzcnt, tsc, tscinvbit, avx, avx2, aes, clmul, bmi1, bmi2, adx, sha, fma, vzeroupper, clflush, clflushopt, hv
CPU Model and flags from /proc/cpuinfo:
model name	: AMD EPYC 7B12
flags		: fpu vme de pse tsc msr pae mce cx8 apic sep mtrr pge mca cmov pat pse36 clflush mmx fxsr sse sse2 ht syscall nx mmxext fxsr_opt pdpe1gb rdtscp lm constant_tsc rep_good nopl nonstop_tsc cpuid extd_apicid tsc_known_freq pni pclmulqdq ssse3 fma cx16 sse4_1 sse4_2 movbe popcnt aes xsave avx f16c rdrand hypervisor lahf_lm cmp_legacy cr8_legacy abm sse4a misalignsse 3dnowprefetch osvw topoext ssbd ibrs ibpb stibp vmmcall fsgsbase tsc_adjust bmi1 avx2 smep bmi2 rdseed adx smap clflushopt clwb sha_ni xsaveopt xsavec xgetbv1 clzero xsaveerptr arat npt nrip_save umip rdpid

Online cpus: 0-7
Offline cpus: 
BIOS frequency limitation: <Not Available>
Frequency switch latency (ns): <Not Available>
Available cpu frequencies: <Not Available>
Current governor: <Not Available>
Core performance/turbo boost: <Not Available>

Memory: 4k page, physical 1048576k(429628k free), swap 0k(0k free)
Page Sizes: 4k

vm_info: OpenJDK 64-Bit Server VM (17.0.5+8-jvmci-22.3-b08) for linux-amd64 JRE (17.0.5+8-jvmci-22.3-b08), built on Oct 19 2022 09:01:27 by "buildslave" with gcc 10.3.0

END.
